ARM GAS  C:\Users\Jonah\AppData\Local\Temp\ccD7WFtQ.s 			page 1


   1              		.syntax unified
   2              		.cpu cortex-m3
   3              		.fpu softvfp
   4              		.eabi_attribute 20, 1
   5              		.eabi_attribute 21, 1
   6              		.eabi_attribute 23, 3
   7              		.eabi_attribute 24, 1
   8              		.eabi_attribute 25, 1
   9              		.eabi_attribute 26, 1
  10              		.eabi_attribute 30, 6
  11              		.eabi_attribute 34, 1
  12              		.eabi_attribute 18, 4
  13              		.thumb
  14              		.file	"cymetadata.c"
  15              		.text
  16              	.Ltext0:
  17              		.cfi_sections	.debug_frame
  18              		.global	cy_meta_configecc
  19              		.section	.cyconfigecc,"a",%progbits
  20              		.align	2
  21              		.type	cy_meta_configecc, %object
  22              		.size	cy_meta_configecc, 1172
  23              	cy_meta_configecc:
  24 0000 02       		.byte	2
  25 0001 52       		.byte	82
  26 0002 00       		.byte	0
  27 0003 40       		.byte	64
  28 0004 01       		.byte	1
  29 0005 5A       		.byte	90
  30 0006 00       		.byte	0
  31 0007 40       		.byte	64
  32 0008 01       		.byte	1
  33 0009 64       		.byte	100
  34 000a 00       		.byte	0
  35 000b 40       		.byte	64
  36 000c 02       		.byte	2
  37 000d 65       		.byte	101
  38 000e 00       		.byte	0
  39 000f 40       		.byte	64
  40 0010 01       		.byte	1
  41 0011 05       		.byte	5
  42 0012 01       		.byte	1
  43 0013 40       		.byte	64
  44 0014 5F       		.byte	95
  45 0015 08       		.byte	8
  46 0016 01       		.byte	1
  47 0017 40       		.byte	64
  48 0018 37       		.byte	55
  49 0019 09       		.byte	9
  50 001a 01       		.byte	1
  51 001b 40       		.byte	64
  52 001c 04       		.byte	4
  53 001d 0B       		.byte	11
  54 001e 01       		.byte	1
  55 001f 40       		.byte	64
  56 0020 04       		.byte	4
  57 0021 0C       		.byte	12
ARM GAS  C:\Users\Jonah\AppData\Local\Temp\ccD7WFtQ.s 			page 2


  58 0022 01       		.byte	1
  59 0023 40       		.byte	64
  60 0024 01       		.byte	1
  61 0025 0D       		.byte	13
  62 0026 01       		.byte	1
  63 0027 40       		.byte	64
  64 0028 02       		.byte	2
  65 0029 15       		.byte	21
  66 002a 01       		.byte	1
  67 002b 40       		.byte	64
  68 002c 01       		.byte	1
  69 002d 17       		.byte	23
  70 002e 01       		.byte	1
  71 002f 40       		.byte	64
  72 0030 43       		.byte	67
  73 0031 18       		.byte	24
  74 0032 01       		.byte	1
  75 0033 40       		.byte	64
  76 0034 3C       		.byte	60
  77 0035 19       		.byte	25
  78 0036 01       		.byte	1
  79 0037 40       		.byte	64
  80 0038 17       		.byte	23
  81 0039 1A       		.byte	26
  82 003a 01       		.byte	1
  83 003b 40       		.byte	64
  84 003c 48       		.byte	72
  85 003d 1B       		.byte	27
  86 003e 01       		.byte	1
  87 003f 40       		.byte	64
  88 0040 06       		.byte	6
  89 0041 40       		.byte	64
  90 0042 01       		.byte	1
  91 0043 40       		.byte	64
  92 0044 02       		.byte	2
  93 0045 41       		.byte	65
  94 0046 01       		.byte	1
  95 0047 40       		.byte	64
  96 0048 04       		.byte	4
  97 0049 42       		.byte	66
  98 004a 01       		.byte	1
  99 004b 40       		.byte	64
 100 004c 03       		.byte	3
 101 004d 43       		.byte	67
 102 004e 01       		.byte	1
 103 004f 40       		.byte	64
 104 0050 02       		.byte	2
 105 0051 44       		.byte	68
 106 0052 01       		.byte	1
 107 0053 40       		.byte	64
 108 0054 03       		.byte	3
 109 0055 45       		.byte	69
 110 0056 01       		.byte	1
 111 0057 40       		.byte	64
 112 0058 07       		.byte	7
 113 0059 46       		.byte	70
 114 005a 01       		.byte	1
ARM GAS  C:\Users\Jonah\AppData\Local\Temp\ccD7WFtQ.s 			page 3


 115 005b 40       		.byte	64
 116 005c 02       		.byte	2
 117 005d 47       		.byte	71
 118 005e 01       		.byte	1
 119 005f 40       		.byte	64
 120 0060 08       		.byte	8
 121 0061 48       		.byte	72
 122 0062 01       		.byte	1
 123 0063 40       		.byte	64
 124 0064 06       		.byte	6
 125 0065 49       		.byte	73
 126 0066 01       		.byte	1
 127 0067 40       		.byte	64
 128 0068 03       		.byte	3
 129 0069 4C       		.byte	76
 130 006a 01       		.byte	1
 131 006b 40       		.byte	64
 132 006c 07       		.byte	7
 133 006d 4D       		.byte	77
 134 006e 01       		.byte	1
 135 006f 40       		.byte	64
 136 0070 04       		.byte	4
 137 0071 50       		.byte	80
 138 0072 01       		.byte	1
 139 0073 40       		.byte	64
 140 0074 02       		.byte	2
 141 0075 51       		.byte	81
 142 0076 01       		.byte	1
 143 0077 40       		.byte	64
 144 0078 61       		.byte	97
 145 0079 80       		.byte	-128
 146 007a 64       		.byte	100
 147 007b 40       		.byte	64
 148 007c 9F       		.byte	-97
 149 007d 01       		.byte	1
 150 007e 88       		.byte	-120
 151 007f 0F       		.byte	15
 152 0080 89       		.byte	-119
 153 0081 72       		.byte	114
 154 0082 8B       		.byte	-117
 155 0083 38       		.byte	56
 156 0084 E0       		.byte	-32
 157 0085 02       		.byte	2
 158 0086 00       		.byte	0
 159 0087 02       		.byte	2
 160 0088 06       		.byte	6
 161 0089 02       		.byte	2
 162 008a 07       		.byte	7
 163 008b 20       		.byte	32
 164 008c 0A       		.byte	10
 165 008d 02       		.byte	2
 166 008e 0C       		.byte	12
 167 008f 01       		.byte	1
 168 0090 0D       		.byte	13
 169 0091 0C       		.byte	12
 170 0092 0F       		.byte	15
 171 0093 10       		.byte	16
ARM GAS  C:\Users\Jonah\AppData\Local\Temp\ccD7WFtQ.s 			page 4


 172 0094 11       		.byte	17
 173 0095 0D       		.byte	13
 174 0096 13       		.byte	19
 175 0097 10       		.byte	16
 176 0098 15       		.byte	21
 177 0099 0D       		.byte	13
 178 009a 17       		.byte	23
 179 009b 30       		.byte	48
 180 009c 19       		.byte	25
 181 009d 28       		.byte	40
 182 009e 1B       		.byte	27
 183 009f 11       		.byte	17
 184 00a0 22       		.byte	34
 185 00a1 02       		.byte	2
 186 00a2 24       		.byte	36
 187 00a3 02       		.byte	2
 188 00a4 29       		.byte	41
 189 00a5 02       		.byte	2
 190 00a6 2B       		.byte	43
 191 00a7 14       		.byte	20
 192 00a8 30       		.byte	48
 193 00a9 02       		.byte	2
 194 00aa 33       		.byte	51
 195 00ab 03       		.byte	3
 196 00ac 34       		.byte	52
 197 00ad 01       		.byte	1
 198 00ae 35       		.byte	53
 199 00af 3C       		.byte	60
 200 00b0 39       		.byte	57
 201 00b1 08       		.byte	8
 202 00b2 3B       		.byte	59
 203 00b3 20       		.byte	32
 204 00b4 3E       		.byte	62
 205 00b5 11       		.byte	17
 206 00b6 40       		.byte	64
 207 00b7 36       		.byte	54
 208 00b8 41       		.byte	65
 209 00b9 01       		.byte	1
 210 00ba 46       		.byte	70
 211 00bb 0C       		.byte	12
 212 00bc 47       		.byte	71
 213 00bd EB       		.byte	-21
 214 00be 48       		.byte	72
 215 00bf 34       		.byte	52
 216 00c0 49       		.byte	73
 217 00c1 FF       		.byte	-1
 218 00c2 4A       		.byte	74
 219 00c3 FF       		.byte	-1
 220 00c4 4B       		.byte	75
 221 00c5 FF       		.byte	-1
 222 00c6 4E       		.byte	78
 223 00c7 F0       		.byte	-16
 224 00c8 4F       		.byte	79
 225 00c9 44       		.byte	68
 226 00ca 50       		.byte	80
 227 00cb 0C       		.byte	12
 228 00cc 54       		.byte	84
ARM GAS  C:\Users\Jonah\AppData\Local\Temp\ccD7WFtQ.s 			page 5


 229 00cd 01       		.byte	1
 230 00ce 58       		.byte	88
 231 00cf 04       		.byte	4
 232 00d0 59       		.byte	89
 233 00d1 04       		.byte	4
 234 00d2 5A       		.byte	90
 235 00d3 04       		.byte	4
 236 00d4 5B       		.byte	91
 237 00d5 04       		.byte	4
 238 00d6 5C       		.byte	92
 239 00d7 10       		.byte	16
 240 00d8 5D       		.byte	93
 241 00d9 11       		.byte	17
 242 00da 5F       		.byte	95
 243 00db 01       		.byte	1
 244 00dc 66       		.byte	102
 245 00dd C0       		.byte	-64
 246 00de 6A       		.byte	106
 247 00df 40       		.byte	64
 248 00e0 6B       		.byte	107
 249 00e1 02       		.byte	2
 250 00e2 80       		.byte	-128
 251 00e3 40       		.byte	64
 252 00e4 82       		.byte	-126
 253 00e5 20       		.byte	32
 254 00e6 84       		.byte	-124
 255 00e7 E0       		.byte	-32
 256 00e8 87       		.byte	-121
 257 00e9 01       		.byte	1
 258 00ea 8A       		.byte	-118
 259 00eb 1C       		.byte	28
 260 00ec 8C       		.byte	-116
 261 00ed 80       		.byte	-128
 262 00ee 8E       		.byte	-114
 263 00ef 20       		.byte	32
 264 00f0 92       		.byte	-110
 265 00f1 03       		.byte	3
 266 00f2 94       		.byte	-108
 267 00f3 20       		.byte	32
 268 00f4 96       		.byte	-106
 269 00f5 C0       		.byte	-64
 270 00f6 98       		.byte	-104
 271 00f7 01       		.byte	1
 272 00f8 99       		.byte	-103
 273 00f9 03       		.byte	3
 274 00fa 9A       		.byte	-102
 275 00fb 16       		.byte	22
 276 00fc A0       		.byte	-96
 277 00fd 1C       		.byte	28
 278 00fe A1       		.byte	-95
 279 00ff 03       		.byte	3
 280 0100 A2       		.byte	-94
 281 0101 03       		.byte	3
 282 0102 A6       		.byte	-90
 283 0103 08       		.byte	8
 284 0104 A8       		.byte	-88
 285 0105 E0       		.byte	-32
ARM GAS  C:\Users\Jonah\AppData\Local\Temp\ccD7WFtQ.s 			page 6


 286 0106 A9       		.byte	-87
 287 0107 02       		.byte	2
 288 0108 AC       		.byte	-84
 289 0109 01       		.byte	1
 290 010a AE       		.byte	-82
 291 010b 0E       		.byte	14
 292 010c B0       		.byte	-80
 293 010d 1A       		.byte	26
 294 010e B2       		.byte	-78
 295 010f E0       		.byte	-32
 296 0110 B4       		.byte	-76
 297 0111 0F       		.byte	15
 298 0112 B5       		.byte	-75
 299 0113 03       		.byte	3
 300 0114 B9       		.byte	-71
 301 0115 20       		.byte	32
 302 0116 BA       		.byte	-70
 303 0117 22       		.byte	34
 304 0118 BF       		.byte	-65
 305 0119 10       		.byte	16
 306 011a C0       		.byte	-64
 307 011b 02       		.byte	2
 308 011c C6       		.byte	-58
 309 011d 40       		.byte	64
 310 011e C9       		.byte	-55
 311 011f FF       		.byte	-1
 312 0120 CA       		.byte	-54
 313 0121 07       		.byte	7
 314 0122 CB       		.byte	-53
 315 0123 FF       		.byte	-1
 316 0124 CC       		.byte	-52
 317 0125 40       		.byte	64
 318 0126 CD       		.byte	-51
 319 0127 20       		.byte	32
 320 0128 CE       		.byte	-50
 321 0129 F0       		.byte	-16
 322 012a CF       		.byte	-49
 323 012b 05       		.byte	5
 324 012c D0       		.byte	-48
 325 012d 08       		.byte	8
 326 012e D8       		.byte	-40
 327 012f 04       		.byte	4
 328 0130 D9       		.byte	-39
 329 0131 04       		.byte	4
 330 0132 DA       		.byte	-38
 331 0133 04       		.byte	4
 332 0134 DB       		.byte	-37
 333 0135 04       		.byte	4
 334 0136 DC       		.byte	-36
 335 0137 01       		.byte	1
 336 0138 DD       		.byte	-35
 337 0139 01       		.byte	1
 338 013a DF       		.byte	-33
 339 013b 01       		.byte	1
 340 013c E0       		.byte	-32
 341 013d 40       		.byte	64
 342 013e E1       		.byte	-31
ARM GAS  C:\Users\Jonah\AppData\Local\Temp\ccD7WFtQ.s 			page 7


 343 013f A8       		.byte	-88
 344 0140 E2       		.byte	-30
 345 0141 40       		.byte	64
 346 0142 E3       		.byte	-29
 347 0143 20       		.byte	32
 348 0144 00       		.byte	0
 349 0145 40       		.byte	64
 350 0146 01       		.byte	1
 351 0147 04       		.byte	4
 352 0148 02       		.byte	2
 353 0149 08       		.byte	8
 354 014a 03       		.byte	3
 355 014b 80       		.byte	-128
 356 014c 04       		.byte	4
 357 014d 08       		.byte	8
 358 014e 05       		.byte	5
 359 014f 12       		.byte	18
 360 0150 06       		.byte	6
 361 0151 02       		.byte	2
 362 0152 07       		.byte	7
 363 0153 02       		.byte	2
 364 0154 09       		.byte	9
 365 0155 21       		.byte	33
 366 0156 0A       		.byte	10
 367 0157 20       		.byte	32
 368 0158 10       		.byte	16
 369 0159 20       		.byte	32
 370 015a 11       		.byte	17
 371 015b 10       		.byte	16
 372 015c 12       		.byte	18
 373 015d 81       		.byte	-127
 374 015e 16       		.byte	22
 375 015f 40       		.byte	64
 376 0160 17       		.byte	23
 377 0161 04       		.byte	4
 378 0162 18       		.byte	24
 379 0163 80       		.byte	-128
 380 0164 19       		.byte	25
 381 0165 12       		.byte	18
 382 0166 1A       		.byte	26
 383 0167 20       		.byte	32
 384 0168 1E       		.byte	30
 385 0169 88       		.byte	-120
 386 016a 20       		.byte	32
 387 016b 04       		.byte	4
 388 016c 25       		.byte	37
 389 016d 24       		.byte	36
 390 016e 26       		.byte	38
 391 016f 08       		.byte	8
 392 0170 27       		.byte	39
 393 0171 14       		.byte	20
 394 0172 29       		.byte	41
 395 0173 12       		.byte	18
 396 0174 2A       		.byte	42
 397 0175 01       		.byte	1
 398 0176 2F       		.byte	47
 399 0177 08       		.byte	8
ARM GAS  C:\Users\Jonah\AppData\Local\Temp\ccD7WFtQ.s 			page 8


 400 0178 31       		.byte	49
 401 0179 20       		.byte	32
 402 017a 35       		.byte	53
 403 017b 12       		.byte	18
 404 017c 37       		.byte	55
 405 017d 04       		.byte	4
 406 017e 38       		.byte	56
 407 017f 08       		.byte	8
 408 0180 3D       		.byte	61
 409 0181 08       		.byte	8
 410 0182 3E       		.byte	62
 411 0183 80       		.byte	-128
 412 0184 40       		.byte	64
 413 0185 04       		.byte	4
 414 0186 46       		.byte	70
 415 0187 01       		.byte	1
 416 0188 47       		.byte	71
 417 0189 04       		.byte	4
 418 018a 4C       		.byte	76
 419 018b 04       		.byte	4
 420 018c 50       		.byte	80
 421 018d 24       		.byte	36
 422 018e 51       		.byte	81
 423 018f 10       		.byte	16
 424 0190 53       		.byte	83
 425 0191 08       		.byte	8
 426 0192 56       		.byte	86
 427 0193 CA       		.byte	-54
 428 0194 5E       		.byte	94
 429 0195 88       		.byte	-120
 430 0196 5F       		.byte	95
 431 0197 12       		.byte	18
 432 0198 6A       		.byte	106
 433 0199 80       		.byte	-128
 434 019a 8C       		.byte	-116
 435 019b 04       		.byte	4
 436 019c 8D       		.byte	-115
 437 019d 01       		.byte	1
 438 019e 96       		.byte	-106
 439 019f 80       		.byte	-128
 440 01a0 C0       		.byte	-64
 441 01a1 FF       		.byte	-1
 442 01a2 C2       		.byte	-62
 443 01a3 0E       		.byte	14
 444 01a4 C4       		.byte	-60
 445 01a5 3F       		.byte	63
 446 01a6 CA       		.byte	-54
 447 01a7 25       		.byte	37
 448 01a8 CC       		.byte	-52
 449 01a9 E4       		.byte	-28
 450 01aa CE       		.byte	-50
 451 01ab 52       		.byte	82
 452 01ac D0       		.byte	-48
 453 01ad 54       		.byte	84
 454 01ae D2       		.byte	-46
 455 01af 20       		.byte	32
 456 01b0 D6       		.byte	-42
ARM GAS  C:\Users\Jonah\AppData\Local\Temp\ccD7WFtQ.s 			page 9


 457 01b1 F0       		.byte	-16
 458 01b2 82       		.byte	-126
 459 01b3 40       		.byte	64
 460 01b4 B4       		.byte	-76
 461 01b5 40       		.byte	64
 462 01b6 E0       		.byte	-32
 463 01b7 02       		.byte	2
 464 01b8 E4       		.byte	-28
 465 01b9 01       		.byte	1
 466 01ba 38       		.byte	56
 467 01bb 02       		.byte	2
 468 01bc 3E       		.byte	62
 469 01bd 01       		.byte	1
 470 01be 58       		.byte	88
 471 01bf 04       		.byte	4
 472 01c0 5F       		.byte	95
 473 01c1 01       		.byte	1
 474 01c2 1C       		.byte	28
 475 01c3 40       		.byte	64
 476 01c4 E6       		.byte	-26
 477 01c5 02       		.byte	2
 478 01c6 EE       		.byte	-18
 479 01c7 06       		.byte	6
 480 01c8 E4       		.byte	-28
 481 01c9 01       		.byte	1
 482 01ca 00       		.byte	0
 483 01cb 20       		.byte	32
 484 01cc 02       		.byte	2
 485 01cd 40       		.byte	64
 486 01ce 04       		.byte	4
 487 01cf 09       		.byte	9
 488 01d0 06       		.byte	6
 489 01d1 10       		.byte	16
 490 01d2 08       		.byte	8
 491 01d3 1C       		.byte	28
 492 01d4 0A       		.byte	10
 493 01d5 02       		.byte	2
 494 01d6 0C       		.byte	12
 495 01d7 0C       		.byte	12
 496 01d8 0E       		.byte	14
 497 01d9 11       		.byte	17
 498 01da 12       		.byte	18
 499 01db 03       		.byte	3
 500 01dc 13       		.byte	19
 501 01dd 01       		.byte	1
 502 01de 16       		.byte	22
 503 01df 60       		.byte	96
 504 01e0 18       		.byte	24
 505 01e1 10       		.byte	16
 506 01e2 24       		.byte	36
 507 01e3 10       		.byte	16
 508 01e4 26       		.byte	38
 509 01e5 0C       		.byte	12
 510 01e6 28       		.byte	40
 511 01e7 14       		.byte	20
 512 01e8 30       		.byte	48
 513 01e9 1F       		.byte	31
ARM GAS  C:\Users\Jonah\AppData\Local\Temp\ccD7WFtQ.s 			page 10


 514 01ea 31       		.byte	49
 515 01eb 01       		.byte	1
 516 01ec 32       		.byte	50
 517 01ed 20       		.byte	32
 518 01ee 34       		.byte	52
 519 01ef 40       		.byte	64
 520 01f0 3E       		.byte	62
 521 01f1 14       		.byte	20
 522 01f2 58       		.byte	88
 523 01f3 04       		.byte	4
 524 01f4 59       		.byte	89
 525 01f5 04       		.byte	4
 526 01f6 5B       		.byte	91
 527 01f7 04       		.byte	4
 528 01f8 5C       		.byte	92
 529 01f9 21       		.byte	33
 530 01fa 5F       		.byte	95
 531 01fb 01       		.byte	1
 532 01fc 81       		.byte	-127
 533 01fd 10       		.byte	16
 534 01fe 84       		.byte	-124
 535 01ff 01       		.byte	1
 536 0200 85       		.byte	-123
 537 0201 0C       		.byte	12
 538 0202 88       		.byte	-120
 539 0203 01       		.byte	1
 540 0204 89       		.byte	-119
 541 0205 0C       		.byte	12
 542 0206 8C       		.byte	-116
 543 0207 1C       		.byte	28
 544 0208 8D       		.byte	-115
 545 0209 08       		.byte	8
 546 020a 8E       		.byte	-114
 547 020b 02       		.byte	2
 548 020c 8F       		.byte	-113
 549 020d 04       		.byte	4
 550 020e 90       		.byte	-112
 551 020f 1E       		.byte	30
 552 0210 94       		.byte	-108
 553 0211 12       		.byte	18
 554 0212 95       		.byte	-107
 555 0213 10       		.byte	16
 556 0214 96       		.byte	-106
 557 0215 0C       		.byte	12
 558 0216 9A       		.byte	-102
 559 0217 12       		.byte	18
 560 0218 9C       		.byte	-100
 561 0219 0C       		.byte	12
 562 021a 9E       		.byte	-98
 563 021b 12       		.byte	18
 564 021c A0       		.byte	-96
 565 021d 08       		.byte	8
 566 021e A1       		.byte	-95
 567 021f 10       		.byte	16
 568 0220 A4       		.byte	-92
 569 0221 04       		.byte	4
 570 0222 A5       		.byte	-91
ARM GAS  C:\Users\Jonah\AppData\Local\Temp\ccD7WFtQ.s 			page 11


 571 0223 04       		.byte	4
 572 0224 A7       		.byte	-89
 573 0225 0A       		.byte	10
 574 0226 A8       		.byte	-88
 575 0227 0C       		.byte	12
 576 0228 A9       		.byte	-87
 577 0229 10       		.byte	16
 578 022a AC       		.byte	-84
 579 022b 01       		.byte	1
 580 022c AD       		.byte	-83
 581 022d 01       		.byte	1
 582 022e B0       		.byte	-80
 583 022f 0E       		.byte	14
 584 0230 B1       		.byte	-79
 585 0231 0C       		.byte	12
 586 0232 B2       		.byte	-78
 587 0233 1C       		.byte	28
 588 0234 B3       		.byte	-77
 589 0235 10       		.byte	16
 590 0236 B4       		.byte	-76
 591 0237 01       		.byte	1
 592 0238 B5       		.byte	-75
 593 0239 02       		.byte	2
 594 023a B7       		.byte	-73
 595 023b 01       		.byte	1
 596 023c BA       		.byte	-70
 597 023d 02       		.byte	2
 598 023e BF       		.byte	-65
 599 023f 44       		.byte	68
 600 0240 D6       		.byte	-42
 601 0241 02       		.byte	2
 602 0242 D7       		.byte	-41
 603 0243 12       		.byte	18
 604 0244 D8       		.byte	-40
 605 0245 04       		.byte	4
 606 0246 D9       		.byte	-39
 607 0247 04       		.byte	4
 608 0248 DB       		.byte	-37
 609 0249 04       		.byte	4
 610 024a DC       		.byte	-36
 611 024b 11       		.byte	17
 612 024c DD       		.byte	-35
 613 024d 10       		.byte	16
 614 024e DF       		.byte	-33
 615 024f 01       		.byte	1
 616 0250 00       		.byte	0
 617 0251 28       		.byte	40
 618 0252 02       		.byte	2
 619 0253 01       		.byte	1
 620 0254 04       		.byte	4
 621 0255 80       		.byte	-128
 622 0256 05       		.byte	5
 623 0257 10       		.byte	16
 624 0258 07       		.byte	7
 625 0259 50       		.byte	80
 626 025a 08       		.byte	8
 627 025b 46       		.byte	70
ARM GAS  C:\Users\Jonah\AppData\Local\Temp\ccD7WFtQ.s 			page 12


 628 025c 0A       		.byte	10
 629 025d 04       		.byte	4
 630 025e 0D       		.byte	13
 631 025f 10       		.byte	16
 632 0260 0E       		.byte	14
 633 0261 40       		.byte	64
 634 0262 0F       		.byte	15
 635 0263 20       		.byte	32
 636 0264 10       		.byte	16
 637 0265 82       		.byte	-126
 638 0266 13       		.byte	19
 639 0267 14       		.byte	20
 640 0268 16       		.byte	22
 641 0269 08       		.byte	8
 642 026a 17       		.byte	23
 643 026b 04       		.byte	4
 644 026c 19       		.byte	25
 645 026d 01       		.byte	1
 646 026e 1A       		.byte	26
 647 026f 94       		.byte	-108
 648 0270 1B       		.byte	27
 649 0271 04       		.byte	4
 650 0272 1E       		.byte	30
 651 0273 40       		.byte	64
 652 0274 1F       		.byte	31
 653 0275 2A       		.byte	42
 654 0276 20       		.byte	32
 655 0277 44       		.byte	68
 656 0278 22       		.byte	34
 657 0279 04       		.byte	4
 658 027a 23       		.byte	35
 659 027b 01       		.byte	1
 660 027c 27       		.byte	39
 661 027d 40       		.byte	64
 662 027e 28       		.byte	40
 663 027f 64       		.byte	100
 664 0280 29       		.byte	41
 665 0281 21       		.byte	33
 666 0282 2B       		.byte	43
 667 0283 02       		.byte	2
 668 0284 31       		.byte	49
 669 0285 04       		.byte	4
 670 0286 37       		.byte	55
 671 0287 01       		.byte	1
 672 0288 38       		.byte	56
 673 0289 40       		.byte	64
 674 028a 39       		.byte	57
 675 028b 16       		.byte	22
 676 028c 3A       		.byte	58
 677 028d 01       		.byte	1
 678 028e 5A       		.byte	90
 679 028f 08       		.byte	8
 680 0290 68       		.byte	104
 681 0291 16       		.byte	22
 682 0292 69       		.byte	105
 683 0293 14       		.byte	20
 684 0294 6F       		.byte	111
ARM GAS  C:\Users\Jonah\AppData\Local\Temp\ccD7WFtQ.s 			page 13


 685 0295 01       		.byte	1
 686 0296 70       		.byte	112
 687 0297 80       		.byte	-128
 688 0298 73       		.byte	115
 689 0299 14       		.byte	20
 690 029a 83       		.byte	-125
 691 029b 11       		.byte	17
 692 029c 90       		.byte	-112
 693 029d 80       		.byte	-128
 694 029e 91       		.byte	-111
 695 029f 20       		.byte	32
 696 02a0 92       		.byte	-110
 697 02a1 20       		.byte	32
 698 02a2 94       		.byte	-108
 699 02a3 40       		.byte	64
 700 02a4 95       		.byte	-107
 701 02a5 14       		.byte	20
 702 02a6 99       		.byte	-103
 703 02a7 10       		.byte	16
 704 02a8 9A       		.byte	-102
 705 02a9 08       		.byte	8
 706 02aa 9B       		.byte	-101
 707 02ab 14       		.byte	20
 708 02ac A7       		.byte	-89
 709 02ad 80       		.byte	-128
 710 02ae B2       		.byte	-78
 711 02af 40       		.byte	64
 712 02b0 B3       		.byte	-77
 713 02b1 10       		.byte	16
 714 02b2 B5       		.byte	-75
 715 02b3 10       		.byte	16
 716 02b4 B6       		.byte	-74
 717 02b5 80       		.byte	-128
 718 02b6 C0       		.byte	-64
 719 02b7 F7       		.byte	-9
 720 02b8 C2       		.byte	-62
 721 02b9 7F       		.byte	127
 722 02ba C4       		.byte	-60
 723 02bb 6F       		.byte	111
 724 02bc CA       		.byte	-54
 725 02bd 0F       		.byte	15
 726 02be CC       		.byte	-52
 727 02bf 82       		.byte	-126
 728 02c0 CE       		.byte	-50
 729 02c1 0F       		.byte	15
 730 02c2 D6       		.byte	-42
 731 02c3 02       		.byte	2
 732 02c4 E0       		.byte	-32
 733 02c5 01       		.byte	1
 734 02c6 E4       		.byte	-28
 735 02c7 01       		.byte	1
 736 02c8 8F       		.byte	-113
 737 02c9 02       		.byte	2
 738 02ca 93       		.byte	-109
 739 02cb 01       		.byte	1
 740 02cc 95       		.byte	-107
 741 02cd 01       		.byte	1
ARM GAS  C:\Users\Jonah\AppData\Local\Temp\ccD7WFtQ.s 			page 14


 742 02ce 99       		.byte	-103
 743 02cf 01       		.byte	1
 744 02d0 9A       		.byte	-102
 745 02d1 01       		.byte	1
 746 02d2 9F       		.byte	-97
 747 02d3 02       		.byte	2
 748 02d4 A6       		.byte	-90
 749 02d5 01       		.byte	1
 750 02d6 AF       		.byte	-81
 751 02d7 01       		.byte	1
 752 02d8 B0       		.byte	-80
 753 02d9 01       		.byte	1
 754 02da B1       		.byte	-79
 755 02db 01       		.byte	1
 756 02dc B3       		.byte	-77
 757 02dd 02       		.byte	2
 758 02de B9       		.byte	-71
 759 02df 02       		.byte	2
 760 02e0 BA       		.byte	-70
 761 02e1 08       		.byte	8
 762 02e2 BE       		.byte	-66
 763 02e3 01       		.byte	1
 764 02e4 BF       		.byte	-65
 765 02e5 04       		.byte	4
 766 02e6 D4       		.byte	-44
 767 02e7 18       		.byte	24
 768 02e8 D6       		.byte	-42
 769 02e9 04       		.byte	4
 770 02ea D8       		.byte	-40
 771 02eb 04       		.byte	4
 772 02ec D9       		.byte	-39
 773 02ed 04       		.byte	4
 774 02ee DB       		.byte	-37
 775 02ef 04       		.byte	4
 776 02f0 DC       		.byte	-36
 777 02f1 11       		.byte	17
 778 02f2 DD       		.byte	-35
 779 02f3 10       		.byte	16
 780 02f4 DF       		.byte	-33
 781 02f5 01       		.byte	1
 782 02f6 02       		.byte	2
 783 02f7 42       		.byte	66
 784 02f8 03       		.byte	3
 785 02f9 20       		.byte	32
 786 02fa 09       		.byte	9
 787 02fb 80       		.byte	-128
 788 02fc 0A       		.byte	10
 789 02fd E4       		.byte	-28
 790 02fe 0F       		.byte	15
 791 02ff 08       		.byte	8
 792 0300 10       		.byte	16
 793 0301 88       		.byte	-120
 794 0302 11       		.byte	17
 795 0303 40       		.byte	64
 796 0304 12       		.byte	18
 797 0305 10       		.byte	16
 798 0306 13       		.byte	19
ARM GAS  C:\Users\Jonah\AppData\Local\Temp\ccD7WFtQ.s 			page 15


 799 0307 14       		.byte	20
 800 0308 15       		.byte	21
 801 0309 08       		.byte	8
 802 030a 19       		.byte	25
 803 030b 22       		.byte	34
 804 030c 1B       		.byte	27
 805 030d 20       		.byte	32
 806 030e 1D       		.byte	29
 807 030f 04       		.byte	4
 808 0310 1F       		.byte	31
 809 0311 01       		.byte	1
 810 0312 20       		.byte	32
 811 0313 01       		.byte	1
 812 0314 21       		.byte	33
 813 0315 03       		.byte	3
 814 0316 22       		.byte	34
 815 0317 02       		.byte	2
 816 0318 25       		.byte	37
 817 0319 08       		.byte	8
 818 031a 27       		.byte	39
 819 031b 80       		.byte	-128
 820 031c 28       		.byte	40
 821 031d 02       		.byte	2
 822 031e 29       		.byte	41
 823 031f 21       		.byte	33
 824 0320 2A       		.byte	42
 825 0321 08       		.byte	8
 826 0322 2E       		.byte	46
 827 0323 40       		.byte	64
 828 0324 30       		.byte	48
 829 0325 88       		.byte	-120
 830 0326 31       		.byte	49
 831 0327 02       		.byte	2
 832 0328 32       		.byte	50
 833 0329 10       		.byte	16
 834 032a 35       		.byte	53
 835 032b 24       		.byte	36
 836 032c 36       		.byte	54
 837 032d 02       		.byte	2
 838 032e 37       		.byte	55
 839 032f 80       		.byte	-128
 840 0330 38       		.byte	56
 841 0331 46       		.byte	70
 842 0332 3A       		.byte	58
 843 0333 50       		.byte	80
 844 0334 3C       		.byte	60
 845 0335 80       		.byte	-128
 846 0336 40       		.byte	64
 847 0337 01       		.byte	1
 848 0338 42       		.byte	66
 849 0339 1C       		.byte	28
 850 033a 45       		.byte	69
 851 033b 08       		.byte	8
 852 033c 46       		.byte	70
 853 033d 20       		.byte	32
 854 033e 48       		.byte	72
 855 033f 40       		.byte	64
ARM GAS  C:\Users\Jonah\AppData\Local\Temp\ccD7WFtQ.s 			page 16


 856 0340 49       		.byte	73
 857 0341 20       		.byte	32
 858 0342 4A       		.byte	74
 859 0343 01       		.byte	1
 860 0344 51       		.byte	81
 861 0345 04       		.byte	4
 862 0346 5D       		.byte	93
 863 0347 02       		.byte	2
 864 0348 66       		.byte	102
 865 0349 20       		.byte	32
 866 034a 67       		.byte	103
 867 034b 42       		.byte	66
 868 034c 80       		.byte	-128
 869 034d 02       		.byte	2
 870 034e 81       		.byte	-127
 871 034f 84       		.byte	-124
 872 0350 82       		.byte	-126
 873 0351 01       		.byte	1
 874 0352 87       		.byte	-121
 875 0353 40       		.byte	64
 876 0354 8C       		.byte	-116
 877 0355 21       		.byte	33
 878 0356 8D       		.byte	-115
 879 0357 40       		.byte	64
 880 0358 8F       		.byte	-113
 881 0359 80       		.byte	-128
 882 035a 90       		.byte	-112
 883 035b 44       		.byte	68
 884 035c 92       		.byte	-110
 885 035d B4       		.byte	-76
 886 035e 93       		.byte	-109
 887 035f 14       		.byte	20
 888 0360 95       		.byte	-107
 889 0361 02       		.byte	2
 890 0362 99       		.byte	-103
 891 0363 01       		.byte	1
 892 0364 9C       		.byte	-100
 893 0365 22       		.byte	34
 894 0366 9D       		.byte	-99
 895 0367 24       		.byte	36
 896 0368 A0       		.byte	-96
 897 0369 80       		.byte	-128
 898 036a A3       		.byte	-93
 899 036b 04       		.byte	4
 900 036c A7       		.byte	-89
 901 036d 80       		.byte	-128
 902 036e AB       		.byte	-85
 903 036f 20       		.byte	32
 904 0370 AF       		.byte	-81
 905 0371 08       		.byte	8
 906 0372 C0       		.byte	-64
 907 0373 0D       		.byte	13
 908 0374 C2       		.byte	-62
 909 0375 4F       		.byte	79
 910 0376 C4       		.byte	-60
 911 0377 2F       		.byte	47
 912 0378 CA       		.byte	-54
ARM GAS  C:\Users\Jonah\AppData\Local\Temp\ccD7WFtQ.s 			page 17


 913 0379 1F       		.byte	31
 914 037a CC       		.byte	-52
 915 037b FF       		.byte	-1
 916 037c CE       		.byte	-50
 917 037d 1F       		.byte	31
 918 037e D0       		.byte	-48
 919 037f 0E       		.byte	14
 920 0380 D2       		.byte	-46
 921 0381 0C       		.byte	12
 922 0382 D6       		.byte	-42
 923 0383 80       		.byte	-128
 924 0384 D8       		.byte	-40
 925 0385 B0       		.byte	-80
 926 0386 32       		.byte	50
 927 0387 20       		.byte	32
 928 0388 36       		.byte	54
 929 0389 20       		.byte	32
 930 038a 3B       		.byte	59
 931 038b 02       		.byte	2
 932 038c 3F       		.byte	63
 933 038d 40       		.byte	64
 934 038e CC       		.byte	-52
 935 038f 30       		.byte	48
 936 0390 CE       		.byte	-50
 937 0391 60       		.byte	96
 938 0392 97       		.byte	-105
 939 0393 42       		.byte	66
 940 0394 A6       		.byte	-90
 941 0395 20       		.byte	32
 942 0396 87       		.byte	-121
 943 0397 01       		.byte	1
 944 0398 97       		.byte	-105
 945 0399 42       		.byte	66
 946 039a A6       		.byte	-90
 947 039b 20       		.byte	32
 948 039c E0       		.byte	-32
 949 039d 40       		.byte	64
 950 039e 97       		.byte	-105
 951 039f 42       		.byte	66
 952 03a0 9F       		.byte	-97
 953 03a1 01       		.byte	1
 954 03a2 A6       		.byte	-90
 955 03a3 20       		.byte	32
 956 03a4 7C       		.byte	124
 957 03a5 20       		.byte	32
 958 03a6 DE       		.byte	-34
 959 03a7 01       		.byte	1
 960 03a8 52       		.byte	82
 961 03a9 20       		.byte	32
 962 03aa 9C       		.byte	-100
 963 03ab 20       		.byte	32
 964 03ac D4       		.byte	-44
 965 03ad 04       		.byte	4
 966 03ae 45       		.byte	69
 967 03af 08       		.byte	8
 968 03b0 82       		.byte	-126
 969 03b1 20       		.byte	32
ARM GAS  C:\Users\Jonah\AppData\Local\Temp\ccD7WFtQ.s 			page 18


 970 03b2 85       		.byte	-123
 971 03b3 08       		.byte	8
 972 03b4 A6       		.byte	-90
 973 03b5 20       		.byte	32
 974 03b6 B4       		.byte	-76
 975 03b7 20       		.byte	32
 976 03b8 D0       		.byte	-48
 977 03b9 01       		.byte	1
 978 03ba E8       		.byte	-24
 979 03bb 02       		.byte	2
 980 03bc 33       		.byte	51
 981 03bd 40       		.byte	64
 982 03be CC       		.byte	-52
 983 03bf 08       		.byte	8
 984 03c0 25       		.byte	37
 985 03c1 01       		.byte	1
 986 03c2 27       		.byte	39
 987 03c3 01       		.byte	1
 988 03c4 81       		.byte	-127
 989 03c5 01       		.byte	1
 990 03c6 97       		.byte	-105
 991 03c7 42       		.byte	66
 992 03c8 9F       		.byte	-97
 993 03c9 01       		.byte	1
 994 03ca A6       		.byte	-90
 995 03cb 20       		.byte	32
 996 03cc C8       		.byte	-56
 997 03cd A0       		.byte	-96
 998 03ce E4       		.byte	-28
 999 03cf 80       		.byte	-128
 1000 03d0 86       		.byte	-122
 1001 03d1 20       		.byte	32
 1002 03d2 A6       		.byte	-90
 1003 03d3 20       		.byte	32
 1004 03d4 AB       		.byte	-85
 1005 03d5 01       		.byte	1
 1006 03d6 AF       		.byte	-81
 1007 03d7 40       		.byte	64
 1008 03d8 E6       		.byte	-26
 1009 03d9 40       		.byte	64
 1010 03da EE       		.byte	-18
 1011 03db 60       		.byte	96
 1012 03dc 82       		.byte	-126
 1013 03dd 10       		.byte	16
 1014 03de 83       		.byte	-125
 1015 03df 40       		.byte	64
 1016 03e0 9F       		.byte	-97
 1017 03e1 40       		.byte	64
 1018 03e2 12       		.byte	18
 1019 03e3 80       		.byte	-128
 1020 03e4 72       		.byte	114
 1021 03e5 10       		.byte	16
 1022 03e6 8E       		.byte	-114
 1023 03e7 80       		.byte	-128
 1024 03e8 92       		.byte	-110
 1025 03e9 10       		.byte	16
 1026 03ea C4       		.byte	-60
ARM GAS  C:\Users\Jonah\AppData\Local\Temp\ccD7WFtQ.s 			page 19


 1027 03eb 08       		.byte	8
 1028 03ec DC       		.byte	-36
 1029 03ed 01       		.byte	1
 1030 03ee E2       		.byte	-30
 1031 03ef 02       		.byte	2
 1032 03f0 00       		.byte	0
 1033 03f1 02       		.byte	2
 1034 03f2 0C       		.byte	12
 1035 03f3 02       		.byte	2
 1036 03f4 10       		.byte	16
 1037 03f5 06       		.byte	6
 1038 03f6 1C       		.byte	28
 1039 03f7 06       		.byte	6
 1040 03f8 00       		.byte	0
 1041 03f9 0F       		.byte	15
 1042 03fa 10       		.byte	16
 1043 03fb 0A       		.byte	10
 1044 03fc 22       		.byte	34
 1045 03fd 10       		.byte	16
 1046 03fe 00       		.byte	0
 1047 03ff 02       		.byte	2
 1048 0400 33       		.byte	51
 1049 0401 00       		.byte	0
 1050 0402 0C       		.byte	12
 1051 0403 10       		.byte	16
 1052 0404 00       		.byte	0
 1053 0405 20       		.byte	32
 1054 0406 00       		.byte	0
 1055 0407 00       		.byte	0
 1056 0408 0C       		.byte	12
 1057 0409 00       		.byte	0
 1058 040a 33       		.byte	51
 1059 040b 02       		.byte	2
 1060 040c 0F       		.byte	15
 1061 040d 70       		.byte	112
 1062 040e 30       		.byte	48
 1063 040f 08       		.byte	8
 1064 0410 33       		.byte	51
 1065 0411 60       		.byte	96
 1066 0412 00       		.byte	0
 1067 0413 00       		.byte	0
 1068 0414 00       		.byte	0
 1069 0415 00       		.byte	0
 1070 0416 33       		.byte	51
 1071 0417 01       		.byte	1
 1072 0418 3F       		.byte	63
 1073 0419 40       		.byte	64
 1074 041a 00       		.byte	0
 1075 041b 00       		.byte	0
 1076 041c 08       		.byte	8
 1077 041d 70       		.byte	112
 1078 041e 00       		.byte	0
 1079 041f 04       		.byte	4
 1080 0420 04       		.byte	4
 1081 0421 00       		.byte	0
 1082 0422 00       		.byte	0
 1083 0423 0C       		.byte	12
ARM GAS  C:\Users\Jonah\AppData\Local\Temp\ccD7WFtQ.s 			page 20


 1084 0424 0C       		.byte	12
 1085 0425 1C       		.byte	28
 1086 0426 00       		.byte	0
 1087 0427 60       		.byte	96
 1088 0428 11       		.byte	17
 1089 0429 7C       		.byte	124
 1090 042a 00       		.byte	0
 1091 042b 00       		.byte	0
 1092 042c 30       		.byte	48
 1093 042d 7C       		.byte	124
 1094 042e 00       		.byte	0
 1095 042f 00       		.byte	0
 1096 0430 0F       		.byte	15
 1097 0431 00       		.byte	0
 1098 0432 00       		.byte	0
 1099 0433 03       		.byte	3
 1100 0434 00       		.byte	0
 1101 0435 00       		.byte	0
 1102 0436 20       		.byte	32
 1103 0437 02       		.byte	2
 1104 0438 00       		.byte	0
 1105 0439 00       		.byte	0
 1106 043a 00       		.byte	0
 1107 043b 40       		.byte	64
 1108 043c 62       		.byte	98
 1109 043d 05       		.byte	5
 1110 043e 03       		.byte	3
 1111 043f 00       		.byte	0
 1112 0440 01       		.byte	1
 1113 0441 E0       		.byte	-32
 1114 0442 00       		.byte	0
 1115 0443 0C       		.byte	12
 1116 0444 12       		.byte	18
 1117 0445 FF       		.byte	-1
 1118 0446 FF       		.byte	-1
 1119 0447 FF       		.byte	-1
 1120 0448 62       		.byte	98
 1121 0449 A0       		.byte	-96
 1122 044a F0       		.byte	-16
 1123 044b 41       		.byte	65
 1124 044c 0C       		.byte	12
 1125 044d 00       		.byte	0
 1126 044e 00       		.byte	0
 1127 044f 00       		.byte	0
 1128 0450 00       		.byte	0
 1129 0451 00       		.byte	0
 1130 0452 00       		.byte	0
 1131 0453 00       		.byte	0
 1132 0454 04       		.byte	4
 1133 0455 04       		.byte	4
 1134 0456 04       		.byte	4
 1135 0457 00       		.byte	0
 1136 0458 11       		.byte	17
 1137 0459 01       		.byte	1
 1138 045a 00       		.byte	0
 1139 045b 01       		.byte	1
 1140 045c 00       		.byte	0
ARM GAS  C:\Users\Jonah\AppData\Local\Temp\ccD7WFtQ.s 			page 21


 1141 045d 00       		.byte	0
 1142 045e 00       		.byte	0
 1143 045f 00       		.byte	0
 1144 0460 00       		.byte	0
 1145 0461 00       		.byte	0
 1146 0462 40       		.byte	64
 1147 0463 02       		.byte	2
 1148 0464 00       		.byte	0
 1149 0465 10       		.byte	16
 1150 0466 30       		.byte	48
 1151 0467 10       		.byte	16
 1152 0468 00       		.byte	0
 1153 0469 10       		.byte	16
 1154 046a 10       		.byte	16
 1155 046b 12       		.byte	18
 1156 046c 00       		.byte	0
 1157 046d 00       		.byte	0
 1158 046e 00       		.byte	0
 1159 046f 00       		.byte	0
 1160 0470 00       		.byte	0
 1161 0471 00       		.byte	0
 1162 0472 00       		.byte	0
 1163 0473 00       		.byte	0
 1164 0474 00       		.byte	0
 1165 0475 00       		.byte	0
 1166 0476 00       		.byte	0
 1167 0477 00       		.byte	0
 1168 0478 00       		.byte	0
 1169 0479 00       		.byte	0
 1170 047a 00       		.byte	0
 1171 047b 00       		.byte	0
 1172 047c 80       		.byte	-128
 1173 047d 00       		.byte	0
 1174 047e 40       		.byte	64
 1175 047f 80       		.byte	-128
 1176 0480 80       		.byte	-128
 1177 0481 00       		.byte	0
 1178 0482 80       		.byte	-128
 1179 0483 00       		.byte	0
 1180 0484 00       		.byte	0
 1181 0485 00       		.byte	0
 1182 0486 00       		.byte	0
 1183 0487 00       		.byte	0
 1184 0488 00       		.byte	0
 1185 0489 02       		.byte	2
 1186 048a 02       		.byte	2
 1187 048b 00       		.byte	0
 1188 048c 02       		.byte	2
 1189 048d 00       		.byte	0
 1190 048e 00       		.byte	0
 1191 048f 00       		.byte	0
 1192 0490 95       		.byte	-107
 1193 0491 00       		.byte	0
 1194 0492 18       		.byte	24
 1195 0493 01       		.byte	1
 1196              		.global	cy_meta_custnvl
 1197              		.section	.cycustnvl,"a",%progbits
ARM GAS  C:\Users\Jonah\AppData\Local\Temp\ccD7WFtQ.s 			page 22


 1198              		.align	2
 1199              		.type	cy_meta_custnvl, %object
 1200              		.size	cy_meta_custnvl, 4
 1201              	cy_meta_custnvl:
 1202 0000 00       		.byte	0
 1203 0001 00       		.byte	0
 1204 0002 40       		.byte	64
 1205 0003 05       		.byte	5
 1206              		.global	cy_meta_wonvl
 1207              		.section	.cywolatch,"a",%progbits
 1208              		.align	2
 1209              		.type	cy_meta_wonvl, %object
 1210              		.size	cy_meta_wonvl, 4
 1211              	cy_meta_wonvl:
 1212 0000 BC       		.byte	-68
 1213 0001 90       		.byte	-112
 1214 0002 AC       		.byte	-84
 1215 0003 AF       		.byte	-81
 1216              		.global	cy_meta_flashprotect
 1217              		.section	.cyflashprotect,"a",%progbits
 1218              		.align	2
 1219              		.type	cy_meta_flashprotect, %object
 1220              		.size	cy_meta_flashprotect, 256
 1221              	cy_meta_flashprotect:
 1222 0000 00000000 		.space	256
 1222      00000000 
 1222      00000000 
 1222      00000000 
 1222      00000000 
 1223              		.global	cy_metadata
 1224              		.section	.cymeta,"a",%progbits
 1225              		.align	2
 1226              		.type	cy_metadata, %object
 1227              		.size	cy_metadata, 12
 1228              	cy_metadata:
 1229 0000 00       		.byte	0
 1230 0001 01       		.byte	1
 1231 0002 2E       		.byte	46
 1232 0003 16       		.byte	22
 1233 0004 10       		.byte	16
 1234 0005 69       		.byte	105
 1235 0006 00       		.byte	0
 1236 0007 01       		.byte	1
 1237 0008 00       		.byte	0
 1238 0009 00       		.byte	0
 1239 000a 00       		.byte	0
 1240 000b 00       		.byte	0
 1241              		.text
 1242              	.Letext0:
 1243              		.file 1 ".\\Generated_Source\\PSoC5\\cymetadata.c"
 1244              		.file 2 ".\\Generated_Source\\PSoC5\\cytypes.h"
 1245              		.section	.debug_info,"",%progbits
 1246              	.Ldebug_info0:
 1247 0000 38010000 		.4byte	0x138
 1248 0004 0400     		.2byte	0x4
 1249 0006 00000000 		.4byte	.Ldebug_abbrev0
 1250 000a 04       		.byte	0x4
ARM GAS  C:\Users\Jonah\AppData\Local\Temp\ccD7WFtQ.s 			page 23


 1251 000b 01       		.uleb128 0x1
 1252 000c 00000000 		.4byte	.LASF18
 1253 0010 01       		.byte	0x1
 1254 0011 8E000000 		.4byte	.LASF19
 1255 0015 C6000000 		.4byte	.LASF20
 1256 0019 00000000 		.4byte	.Ldebug_line0
 1257 001d 02       		.uleb128 0x2
 1258 001e 01       		.byte	0x1
 1259 001f 06       		.byte	0x6
 1260 0020 CF010000 		.4byte	.LASF0
 1261 0024 02       		.uleb128 0x2
 1262 0025 01       		.byte	0x1
 1263 0026 08       		.byte	0x8
 1264 0027 1C010000 		.4byte	.LASF1
 1265 002b 02       		.uleb128 0x2
 1266 002c 02       		.byte	0x2
 1267 002d 05       		.byte	0x5
 1268 002e B6010000 		.4byte	.LASF2
 1269 0032 02       		.uleb128 0x2
 1270 0033 02       		.byte	0x2
 1271 0034 07       		.byte	0x7
 1272 0035 09010000 		.4byte	.LASF3
 1273 0039 02       		.uleb128 0x2
 1274 003a 04       		.byte	0x4
 1275 003b 05       		.byte	0x5
 1276 003c C6010000 		.4byte	.LASF4
 1277 0040 02       		.uleb128 0x2
 1278 0041 04       		.byte	0x4
 1279 0042 07       		.byte	0x7
 1280 0043 F7000000 		.4byte	.LASF5
 1281 0047 02       		.uleb128 0x2
 1282 0048 08       		.byte	0x8
 1283 0049 05       		.byte	0x5
 1284 004a A3010000 		.4byte	.LASF6
 1285 004e 02       		.uleb128 0x2
 1286 004f 08       		.byte	0x8
 1287 0050 07       		.byte	0x7
 1288 0051 60010000 		.4byte	.LASF7
 1289 0055 03       		.uleb128 0x3
 1290 0056 04       		.byte	0x4
 1291 0057 05       		.byte	0x5
 1292 0058 696E7400 		.ascii	"int\000"
 1293 005c 02       		.uleb128 0x2
 1294 005d 04       		.byte	0x4
 1295 005e 07       		.byte	0x7
 1296 005f 53010000 		.4byte	.LASF8
 1297 0063 04       		.uleb128 0x4
 1298 0064 C0010000 		.4byte	.LASF21
 1299 0068 02       		.byte	0x2
 1300 0069 9201     		.2byte	0x192
 1301 006b 24000000 		.4byte	0x24
 1302 006f 02       		.uleb128 0x2
 1303 0070 04       		.byte	0x4
 1304 0071 04       		.byte	0x4
 1305 0072 C0000000 		.4byte	.LASF9
 1306 0076 02       		.uleb128 0x2
 1307 0077 08       		.byte	0x8
ARM GAS  C:\Users\Jonah\AppData\Local\Temp\ccD7WFtQ.s 			page 24


 1308 0078 04       		.byte	0x4
 1309 0079 2A010000 		.4byte	.LASF10
 1310 007d 02       		.uleb128 0x2
 1311 007e 01       		.byte	0x1
 1312 007f 08       		.byte	0x8
 1313 0080 B1010000 		.4byte	.LASF11
 1314 0084 05       		.uleb128 0x5
 1315 0085 63000000 		.4byte	0x63
 1316 0089 95000000 		.4byte	0x95
 1317 008d 06       		.uleb128 0x6
 1318 008e 95000000 		.4byte	0x95
 1319 0092 9304     		.2byte	0x493
 1320 0094 00       		.byte	0
 1321 0095 02       		.uleb128 0x2
 1322 0096 04       		.byte	0x4
 1323 0097 07       		.byte	0x7
 1324 0098 9A010000 		.4byte	.LASF12
 1325 009c 07       		.uleb128 0x7
 1326 009d 41010000 		.4byte	.LASF13
 1327 00a1 01       		.byte	0x1
 1328 00a2 1F       		.byte	0x1f
 1329 00a3 AD000000 		.4byte	0xad
 1330 00a7 05       		.uleb128 0x5
 1331 00a8 03       		.byte	0x3
 1332 00a9 00000000 		.4byte	cy_meta_configecc
 1333 00ad 08       		.uleb128 0x8
 1334 00ae 84000000 		.4byte	0x84
 1335 00b2 05       		.uleb128 0x5
 1336 00b3 63000000 		.4byte	0x63
 1337 00b7 C2000000 		.4byte	0xc2
 1338 00bb 09       		.uleb128 0x9
 1339 00bc 95000000 		.4byte	0x95
 1340 00c0 03       		.byte	0x3
 1341 00c1 00       		.byte	0
 1342 00c2 07       		.uleb128 0x7
 1343 00c3 31010000 		.4byte	.LASF14
 1344 00c7 01       		.byte	0x1
 1345 00c8 BF       		.byte	0xbf
 1346 00c9 D3000000 		.4byte	0xd3
 1347 00cd 05       		.uleb128 0x5
 1348 00ce 03       		.byte	0x3
 1349 00cf 00000000 		.4byte	cy_meta_custnvl
 1350 00d3 08       		.uleb128 0x8
 1351 00d4 B2000000 		.4byte	0xb2
 1352 00d8 07       		.uleb128 0x7
 1353 00d9 8C010000 		.4byte	.LASF15
 1354 00dd 01       		.byte	0x1
 1355 00de CD       		.byte	0xcd
 1356 00df E9000000 		.4byte	0xe9
 1357 00e3 05       		.uleb128 0x5
 1358 00e4 03       		.byte	0x3
 1359 00e5 00000000 		.4byte	cy_meta_wonvl
 1360 00e9 08       		.uleb128 0x8
 1361 00ea B2000000 		.4byte	0xb2
 1362 00ee 05       		.uleb128 0x5
 1363 00ef 63000000 		.4byte	0x63
 1364 00f3 FE000000 		.4byte	0xfe
ARM GAS  C:\Users\Jonah\AppData\Local\Temp\ccD7WFtQ.s 			page 25


 1365 00f7 09       		.uleb128 0x9
 1366 00f8 95000000 		.4byte	0x95
 1367 00fc FF       		.byte	0xff
 1368 00fd 00       		.byte	0
 1369 00fe 07       		.uleb128 0x7
 1370 00ff 77010000 		.4byte	.LASF16
 1371 0103 01       		.byte	0x1
 1372 0104 DB       		.byte	0xdb
 1373 0105 0F010000 		.4byte	0x10f
 1374 0109 05       		.uleb128 0x5
 1375 010a 03       		.byte	0x3
 1376 010b 00000000 		.4byte	cy_meta_flashprotect
 1377 010f 08       		.uleb128 0x8
 1378 0110 EE000000 		.4byte	0xee
 1379 0114 05       		.uleb128 0x5
 1380 0115 63000000 		.4byte	0x63
 1381 0119 24010000 		.4byte	0x124
 1382 011d 09       		.uleb128 0x9
 1383 011e 95000000 		.4byte	0x95
 1384 0122 0B       		.byte	0xb
 1385 0123 00       		.byte	0
 1386 0124 0A       		.uleb128 0xa
 1387 0125 B4000000 		.4byte	.LASF17
 1388 0129 01       		.byte	0x1
 1389 012a 0801     		.2byte	0x108
 1390 012c 36010000 		.4byte	0x136
 1391 0130 05       		.uleb128 0x5
 1392 0131 03       		.byte	0x3
 1393 0132 00000000 		.4byte	cy_metadata
 1394 0136 08       		.uleb128 0x8
 1395 0137 14010000 		.4byte	0x114
 1396 013b 00       		.byte	0
 1397              		.section	.debug_abbrev,"",%progbits
 1398              	.Ldebug_abbrev0:
 1399 0000 01       		.uleb128 0x1
 1400 0001 11       		.uleb128 0x11
 1401 0002 01       		.byte	0x1
 1402 0003 25       		.uleb128 0x25
 1403 0004 0E       		.uleb128 0xe
 1404 0005 13       		.uleb128 0x13
 1405 0006 0B       		.uleb128 0xb
 1406 0007 03       		.uleb128 0x3
 1407 0008 0E       		.uleb128 0xe
 1408 0009 1B       		.uleb128 0x1b
 1409 000a 0E       		.uleb128 0xe
 1410 000b 10       		.uleb128 0x10
 1411 000c 17       		.uleb128 0x17
 1412 000d 00       		.byte	0
 1413 000e 00       		.byte	0
 1414 000f 02       		.uleb128 0x2
 1415 0010 24       		.uleb128 0x24
 1416 0011 00       		.byte	0
 1417 0012 0B       		.uleb128 0xb
 1418 0013 0B       		.uleb128 0xb
 1419 0014 3E       		.uleb128 0x3e
 1420 0015 0B       		.uleb128 0xb
 1421 0016 03       		.uleb128 0x3
ARM GAS  C:\Users\Jonah\AppData\Local\Temp\ccD7WFtQ.s 			page 26


 1422 0017 0E       		.uleb128 0xe
 1423 0018 00       		.byte	0
 1424 0019 00       		.byte	0
 1425 001a 03       		.uleb128 0x3
 1426 001b 24       		.uleb128 0x24
 1427 001c 00       		.byte	0
 1428 001d 0B       		.uleb128 0xb
 1429 001e 0B       		.uleb128 0xb
 1430 001f 3E       		.uleb128 0x3e
 1431 0020 0B       		.uleb128 0xb
 1432 0021 03       		.uleb128 0x3
 1433 0022 08       		.uleb128 0x8
 1434 0023 00       		.byte	0
 1435 0024 00       		.byte	0
 1436 0025 04       		.uleb128 0x4
 1437 0026 16       		.uleb128 0x16
 1438 0027 00       		.byte	0
 1439 0028 03       		.uleb128 0x3
 1440 0029 0E       		.uleb128 0xe
 1441 002a 3A       		.uleb128 0x3a
 1442 002b 0B       		.uleb128 0xb
 1443 002c 3B       		.uleb128 0x3b
 1444 002d 05       		.uleb128 0x5
 1445 002e 49       		.uleb128 0x49
 1446 002f 13       		.uleb128 0x13
 1447 0030 00       		.byte	0
 1448 0031 00       		.byte	0
 1449 0032 05       		.uleb128 0x5
 1450 0033 01       		.uleb128 0x1
 1451 0034 01       		.byte	0x1
 1452 0035 49       		.uleb128 0x49
 1453 0036 13       		.uleb128 0x13
 1454 0037 01       		.uleb128 0x1
 1455 0038 13       		.uleb128 0x13
 1456 0039 00       		.byte	0
 1457 003a 00       		.byte	0
 1458 003b 06       		.uleb128 0x6
 1459 003c 21       		.uleb128 0x21
 1460 003d 00       		.byte	0
 1461 003e 49       		.uleb128 0x49
 1462 003f 13       		.uleb128 0x13
 1463 0040 2F       		.uleb128 0x2f
 1464 0041 05       		.uleb128 0x5
 1465 0042 00       		.byte	0
 1466 0043 00       		.byte	0
 1467 0044 07       		.uleb128 0x7
 1468 0045 34       		.uleb128 0x34
 1469 0046 00       		.byte	0
 1470 0047 03       		.uleb128 0x3
 1471 0048 0E       		.uleb128 0xe
 1472 0049 3A       		.uleb128 0x3a
 1473 004a 0B       		.uleb128 0xb
 1474 004b 3B       		.uleb128 0x3b
 1475 004c 0B       		.uleb128 0xb
 1476 004d 49       		.uleb128 0x49
 1477 004e 13       		.uleb128 0x13
 1478 004f 3F       		.uleb128 0x3f
ARM GAS  C:\Users\Jonah\AppData\Local\Temp\ccD7WFtQ.s 			page 27


 1479 0050 19       		.uleb128 0x19
 1480 0051 02       		.uleb128 0x2
 1481 0052 18       		.uleb128 0x18
 1482 0053 00       		.byte	0
 1483 0054 00       		.byte	0
 1484 0055 08       		.uleb128 0x8
 1485 0056 26       		.uleb128 0x26
 1486 0057 00       		.byte	0
 1487 0058 49       		.uleb128 0x49
 1488 0059 13       		.uleb128 0x13
 1489 005a 00       		.byte	0
 1490 005b 00       		.byte	0
 1491 005c 09       		.uleb128 0x9
 1492 005d 21       		.uleb128 0x21
 1493 005e 00       		.byte	0
 1494 005f 49       		.uleb128 0x49
 1495 0060 13       		.uleb128 0x13
 1496 0061 2F       		.uleb128 0x2f
 1497 0062 0B       		.uleb128 0xb
 1498 0063 00       		.byte	0
 1499 0064 00       		.byte	0
 1500 0065 0A       		.uleb128 0xa
 1501 0066 34       		.uleb128 0x34
 1502 0067 00       		.byte	0
 1503 0068 03       		.uleb128 0x3
 1504 0069 0E       		.uleb128 0xe
 1505 006a 3A       		.uleb128 0x3a
 1506 006b 0B       		.uleb128 0xb
 1507 006c 3B       		.uleb128 0x3b
 1508 006d 05       		.uleb128 0x5
 1509 006e 49       		.uleb128 0x49
 1510 006f 13       		.uleb128 0x13
 1511 0070 3F       		.uleb128 0x3f
 1512 0071 19       		.uleb128 0x19
 1513 0072 02       		.uleb128 0x2
 1514 0073 18       		.uleb128 0x18
 1515 0074 00       		.byte	0
 1516 0075 00       		.byte	0
 1517 0076 00       		.byte	0
 1518              		.section	.debug_aranges,"",%progbits
 1519 0000 14000000 		.4byte	0x14
 1520 0004 0200     		.2byte	0x2
 1521 0006 00000000 		.4byte	.Ldebug_info0
 1522 000a 04       		.byte	0x4
 1523 000b 00       		.byte	0
 1524 000c 0000     		.2byte	0
 1525 000e 0000     		.2byte	0
 1526 0010 00000000 		.4byte	0
 1527 0014 00000000 		.4byte	0
 1528              		.section	.debug_line,"",%progbits
 1529              	.Ldebug_line0:
 1530 0000 4F000000 		.section	.debug_str,"MS",%progbits,1
 1530      02004900 
 1530      00000201 
 1530      FB0E0D00 
 1530      01010101 
 1531              	.LASF18:
ARM GAS  C:\Users\Jonah\AppData\Local\Temp\ccD7WFtQ.s 			page 28


 1532 0000 474E5520 		.ascii	"GNU C 4.9.3 20150303 (release) [ARM/embedded-4_9-br"
 1532      4320342E 
 1532      392E3320 
 1532      32303135 
 1532      30333033 
 1533 0033 616E6368 		.ascii	"anch revision 221220] -mcpu=cortex-m3 -mthumb -g -O"
 1533      20726576 
 1533      6973696F 
 1533      6E203232 
 1533      31323230 
 1534 0066 30202D66 		.ascii	"0 -ffunction-sections -ffat-lto-objects\000"
 1534      66756E63 
 1534      74696F6E 
 1534      2D736563 
 1534      74696F6E 
 1535              	.LASF19:
 1536 008e 2E5C4765 		.ascii	".\\Generated_Source\\PSoC5\\cymetadata.c\000"
 1536      6E657261 
 1536      7465645F 
 1536      536F7572 
 1536      63655C50 
 1537              	.LASF17:
 1538 00b4 63795F6D 		.ascii	"cy_metadata\000"
 1538      65746164 
 1538      61746100 
 1539              	.LASF9:
 1540 00c0 666C6F61 		.ascii	"float\000"
 1540      7400
 1541              	.LASF20:
 1542 00c6 453A5C44 		.ascii	"E:\\Documents\\PSoC Creator\\engr478labs\\Lab3.cyds"
 1542      6F63756D 
 1542      656E7473 
 1542      5C50536F 
 1542      43204372 
 1543 00f5 6E00     		.ascii	"n\000"
 1544              	.LASF5:
 1545 00f7 6C6F6E67 		.ascii	"long unsigned int\000"
 1545      20756E73 
 1545      69676E65 
 1545      6420696E 
 1545      7400
 1546              	.LASF3:
 1547 0109 73686F72 		.ascii	"short unsigned int\000"
 1547      7420756E 
 1547      7369676E 
 1547      65642069 
 1547      6E7400
 1548              	.LASF1:
 1549 011c 756E7369 		.ascii	"unsigned char\000"
 1549      676E6564 
 1549      20636861 
 1549      7200
 1550              	.LASF10:
 1551 012a 646F7562 		.ascii	"double\000"
 1551      6C6500
 1552              	.LASF14:
 1553 0131 63795F6D 		.ascii	"cy_meta_custnvl\000"
ARM GAS  C:\Users\Jonah\AppData\Local\Temp\ccD7WFtQ.s 			page 29


 1553      6574615F 
 1553      63757374 
 1553      6E766C00 
 1554              	.LASF13:
 1555 0141 63795F6D 		.ascii	"cy_meta_configecc\000"
 1555      6574615F 
 1555      636F6E66 
 1555      69676563 
 1555      6300
 1556              	.LASF8:
 1557 0153 756E7369 		.ascii	"unsigned int\000"
 1557      676E6564 
 1557      20696E74 
 1557      00
 1558              	.LASF7:
 1559 0160 6C6F6E67 		.ascii	"long long unsigned int\000"
 1559      206C6F6E 
 1559      6720756E 
 1559      7369676E 
 1559      65642069 
 1560              	.LASF16:
 1561 0177 63795F6D 		.ascii	"cy_meta_flashprotect\000"
 1561      6574615F 
 1561      666C6173 
 1561      6870726F 
 1561      74656374 
 1562              	.LASF15:
 1563 018c 63795F6D 		.ascii	"cy_meta_wonvl\000"
 1563      6574615F 
 1563      776F6E76 
 1563      6C00
 1564              	.LASF12:
 1565 019a 73697A65 		.ascii	"sizetype\000"
 1565      74797065 
 1565      00
 1566              	.LASF6:
 1567 01a3 6C6F6E67 		.ascii	"long long int\000"
 1567      206C6F6E 
 1567      6720696E 
 1567      7400
 1568              	.LASF11:
 1569 01b1 63686172 		.ascii	"char\000"
 1569      00
 1570              	.LASF2:
 1571 01b6 73686F72 		.ascii	"short int\000"
 1571      7420696E 
 1571      7400
 1572              	.LASF21:
 1573 01c0 75696E74 		.ascii	"uint8\000"
 1573      3800
 1574              	.LASF4:
 1575 01c6 6C6F6E67 		.ascii	"long int\000"
 1575      20696E74 
 1575      00
 1576              	.LASF0:
 1577 01cf 7369676E 		.ascii	"signed char\000"
 1577      65642063 
ARM GAS  C:\Users\Jonah\AppData\Local\Temp\ccD7WFtQ.s 			page 30


 1577      68617200 
 1578              		.ident	"GCC: (GNU Tools for ARM Embedded Processors) 4.9.3 20150303 (release) [ARM/embedded-4_9-br
