ARM GAS  C:\Users\Jonah\AppData\Local\Temp\cclzMyU1.s 			page 1


   1              		.syntax unified
   2              		.cpu cortex-m3
   3              		.fpu softvfp
   4              		.eabi_attribute 20, 1
   5              		.eabi_attribute 21, 1
   6              		.eabi_attribute 23, 3
   7              		.eabi_attribute 24, 1
   8              		.eabi_attribute 25, 1
   9              		.eabi_attribute 26, 1
  10              		.eabi_attribute 30, 6
  11              		.eabi_attribute 34, 1
  12              		.eabi_attribute 18, 4
  13              		.thumb
  14              		.file	"Debug_LED_ctrl_PM.c"
  15              		.text
  16              	.Ltext0:
  17              		.cfi_sections	.debug_frame
  18              		.bss
  19              		.align	2
  20              	Debug_LED_ctrl_backup:
  21 0000 00       		.space	1
  22 0001 000000   		.section	.text.Debug_LED_ctrl_SaveConfig,"ax",%progbits
  23              		.align	2
  24              		.global	Debug_LED_ctrl_SaveConfig
  25              		.thumb
  26              		.thumb_func
  27              		.type	Debug_LED_ctrl_SaveConfig, %function
  28              	Debug_LED_ctrl_SaveConfig:
  29              	.LFB0:
  30              		.file 1 ".\\Generated_Source\\PSoC5\\Debug_LED_ctrl_PM.c"
   1:.\Generated_Source\PSoC5/Debug_LED_ctrl_PM.c **** /*******************************************************************************
   2:.\Generated_Source\PSoC5/Debug_LED_ctrl_PM.c **** * File Name: Debug_LED_ctrl_PM.c
   3:.\Generated_Source\PSoC5/Debug_LED_ctrl_PM.c **** * Version 1.80
   4:.\Generated_Source\PSoC5/Debug_LED_ctrl_PM.c **** *
   5:.\Generated_Source\PSoC5/Debug_LED_ctrl_PM.c **** * Description:
   6:.\Generated_Source\PSoC5/Debug_LED_ctrl_PM.c **** *  This file contains the setup, control, and status commands to support 
   7:.\Generated_Source\PSoC5/Debug_LED_ctrl_PM.c **** *  the component operation in the low power mode. 
   8:.\Generated_Source\PSoC5/Debug_LED_ctrl_PM.c **** *
   9:.\Generated_Source\PSoC5/Debug_LED_ctrl_PM.c **** * Note:
  10:.\Generated_Source\PSoC5/Debug_LED_ctrl_PM.c **** *
  11:.\Generated_Source\PSoC5/Debug_LED_ctrl_PM.c **** ********************************************************************************
  12:.\Generated_Source\PSoC5/Debug_LED_ctrl_PM.c **** * Copyright 2015, Cypress Semiconductor Corporation.  All rights reserved.
  13:.\Generated_Source\PSoC5/Debug_LED_ctrl_PM.c **** * You may use this file only in accordance with the license, terms, conditions, 
  14:.\Generated_Source\PSoC5/Debug_LED_ctrl_PM.c **** * disclaimers, and limitations in the end user license agreement accompanying 
  15:.\Generated_Source\PSoC5/Debug_LED_ctrl_PM.c **** * the software package with which this file was provided.
  16:.\Generated_Source\PSoC5/Debug_LED_ctrl_PM.c **** *******************************************************************************/
  17:.\Generated_Source\PSoC5/Debug_LED_ctrl_PM.c **** 
  18:.\Generated_Source\PSoC5/Debug_LED_ctrl_PM.c **** #include "Debug_LED_ctrl.h"
  19:.\Generated_Source\PSoC5/Debug_LED_ctrl_PM.c **** 
  20:.\Generated_Source\PSoC5/Debug_LED_ctrl_PM.c **** /* Check for removal by optimization */
  21:.\Generated_Source\PSoC5/Debug_LED_ctrl_PM.c **** #if !defined(Debug_LED_ctrl_Sync_ctrl_reg__REMOVED)
  22:.\Generated_Source\PSoC5/Debug_LED_ctrl_PM.c **** 
  23:.\Generated_Source\PSoC5/Debug_LED_ctrl_PM.c **** static Debug_LED_ctrl_BACKUP_STRUCT  Debug_LED_ctrl_backup = {0u};
  24:.\Generated_Source\PSoC5/Debug_LED_ctrl_PM.c **** 
  25:.\Generated_Source\PSoC5/Debug_LED_ctrl_PM.c ****     
  26:.\Generated_Source\PSoC5/Debug_LED_ctrl_PM.c **** /*******************************************************************************
  27:.\Generated_Source\PSoC5/Debug_LED_ctrl_PM.c **** * Function Name: Debug_LED_ctrl_SaveConfig
ARM GAS  C:\Users\Jonah\AppData\Local\Temp\cclzMyU1.s 			page 2


  28:.\Generated_Source\PSoC5/Debug_LED_ctrl_PM.c **** ********************************************************************************
  29:.\Generated_Source\PSoC5/Debug_LED_ctrl_PM.c **** *
  30:.\Generated_Source\PSoC5/Debug_LED_ctrl_PM.c **** * Summary:
  31:.\Generated_Source\PSoC5/Debug_LED_ctrl_PM.c **** *  Saves the control register value.
  32:.\Generated_Source\PSoC5/Debug_LED_ctrl_PM.c **** *
  33:.\Generated_Source\PSoC5/Debug_LED_ctrl_PM.c **** * Parameters:
  34:.\Generated_Source\PSoC5/Debug_LED_ctrl_PM.c **** *  None
  35:.\Generated_Source\PSoC5/Debug_LED_ctrl_PM.c **** *
  36:.\Generated_Source\PSoC5/Debug_LED_ctrl_PM.c **** * Return:
  37:.\Generated_Source\PSoC5/Debug_LED_ctrl_PM.c **** *  None
  38:.\Generated_Source\PSoC5/Debug_LED_ctrl_PM.c **** *
  39:.\Generated_Source\PSoC5/Debug_LED_ctrl_PM.c **** *******************************************************************************/
  40:.\Generated_Source\PSoC5/Debug_LED_ctrl_PM.c **** void Debug_LED_ctrl_SaveConfig(void) 
  41:.\Generated_Source\PSoC5/Debug_LED_ctrl_PM.c **** {
  31              		.loc 1 41 0
  32              		.cfi_startproc
  33              		@ args = 0, pretend = 0, frame = 0
  34              		@ frame_needed = 1, uses_anonymous_args = 0
  35              		@ link register save eliminated.
  36 0000 80B4     		push	{r7}
  37              		.cfi_def_cfa_offset 4
  38              		.cfi_offset 7, -4
  39 0002 00AF     		add	r7, sp, #0
  40              		.cfi_def_cfa_register 7
  42:.\Generated_Source\PSoC5/Debug_LED_ctrl_PM.c ****     Debug_LED_ctrl_backup.controlState = Debug_LED_ctrl_Control;
  41              		.loc 1 42 0
  42 0004 044B     		ldr	r3, .L2
  43 0006 1B78     		ldrb	r3, [r3]
  44 0008 DAB2     		uxtb	r2, r3
  45 000a 044B     		ldr	r3, .L2+4
  46 000c 1A70     		strb	r2, [r3]
  43:.\Generated_Source\PSoC5/Debug_LED_ctrl_PM.c **** }
  47              		.loc 1 43 0
  48 000e BD46     		mov	sp, r7
  49              		.cfi_def_cfa_register 13
  50              		@ sp needed
  51 0010 5DF8047B 		ldr	r7, [sp], #4
  52              		.cfi_restore 7
  53              		.cfi_def_cfa_offset 0
  54 0014 7047     		bx	lr
  55              	.L3:
  56 0016 00BF     		.align	2
  57              	.L2:
  58 0018 79640040 		.word	1073767545
  59 001c 00000000 		.word	Debug_LED_ctrl_backup
  60              		.cfi_endproc
  61              	.LFE0:
  62              		.size	Debug_LED_ctrl_SaveConfig, .-Debug_LED_ctrl_SaveConfig
  63              		.section	.text.Debug_LED_ctrl_RestoreConfig,"ax",%progbits
  64              		.align	2
  65              		.global	Debug_LED_ctrl_RestoreConfig
  66              		.thumb
  67              		.thumb_func
  68              		.type	Debug_LED_ctrl_RestoreConfig, %function
  69              	Debug_LED_ctrl_RestoreConfig:
  70              	.LFB1:
  44:.\Generated_Source\PSoC5/Debug_LED_ctrl_PM.c **** 
ARM GAS  C:\Users\Jonah\AppData\Local\Temp\cclzMyU1.s 			page 3


  45:.\Generated_Source\PSoC5/Debug_LED_ctrl_PM.c **** 
  46:.\Generated_Source\PSoC5/Debug_LED_ctrl_PM.c **** /*******************************************************************************
  47:.\Generated_Source\PSoC5/Debug_LED_ctrl_PM.c **** * Function Name: Debug_LED_ctrl_RestoreConfig
  48:.\Generated_Source\PSoC5/Debug_LED_ctrl_PM.c **** ********************************************************************************
  49:.\Generated_Source\PSoC5/Debug_LED_ctrl_PM.c **** *
  50:.\Generated_Source\PSoC5/Debug_LED_ctrl_PM.c **** * Summary:
  51:.\Generated_Source\PSoC5/Debug_LED_ctrl_PM.c **** *  Restores the control register value.
  52:.\Generated_Source\PSoC5/Debug_LED_ctrl_PM.c **** *
  53:.\Generated_Source\PSoC5/Debug_LED_ctrl_PM.c **** * Parameters:
  54:.\Generated_Source\PSoC5/Debug_LED_ctrl_PM.c **** *  None
  55:.\Generated_Source\PSoC5/Debug_LED_ctrl_PM.c **** *
  56:.\Generated_Source\PSoC5/Debug_LED_ctrl_PM.c **** * Return:
  57:.\Generated_Source\PSoC5/Debug_LED_ctrl_PM.c **** *  None
  58:.\Generated_Source\PSoC5/Debug_LED_ctrl_PM.c **** *
  59:.\Generated_Source\PSoC5/Debug_LED_ctrl_PM.c **** *
  60:.\Generated_Source\PSoC5/Debug_LED_ctrl_PM.c **** *******************************************************************************/
  61:.\Generated_Source\PSoC5/Debug_LED_ctrl_PM.c **** void Debug_LED_ctrl_RestoreConfig(void) 
  62:.\Generated_Source\PSoC5/Debug_LED_ctrl_PM.c **** {
  71              		.loc 1 62 0
  72              		.cfi_startproc
  73              		@ args = 0, pretend = 0, frame = 0
  74              		@ frame_needed = 1, uses_anonymous_args = 0
  75              		@ link register save eliminated.
  76 0000 80B4     		push	{r7}
  77              		.cfi_def_cfa_offset 4
  78              		.cfi_offset 7, -4
  79 0002 00AF     		add	r7, sp, #0
  80              		.cfi_def_cfa_register 7
  63:.\Generated_Source\PSoC5/Debug_LED_ctrl_PM.c ****      Debug_LED_ctrl_Control = Debug_LED_ctrl_backup.controlState;
  81              		.loc 1 63 0
  82 0004 034B     		ldr	r3, .L5
  83 0006 044A     		ldr	r2, .L5+4
  84 0008 1278     		ldrb	r2, [r2]	@ zero_extendqisi2
  85 000a 1A70     		strb	r2, [r3]
  64:.\Generated_Source\PSoC5/Debug_LED_ctrl_PM.c **** }
  86              		.loc 1 64 0
  87 000c BD46     		mov	sp, r7
  88              		.cfi_def_cfa_register 13
  89              		@ sp needed
  90 000e 5DF8047B 		ldr	r7, [sp], #4
  91              		.cfi_restore 7
  92              		.cfi_def_cfa_offset 0
  93 0012 7047     		bx	lr
  94              	.L6:
  95              		.align	2
  96              	.L5:
  97 0014 79640040 		.word	1073767545
  98 0018 00000000 		.word	Debug_LED_ctrl_backup
  99              		.cfi_endproc
 100              	.LFE1:
 101              		.size	Debug_LED_ctrl_RestoreConfig, .-Debug_LED_ctrl_RestoreConfig
 102              		.section	.text.Debug_LED_ctrl_Sleep,"ax",%progbits
 103              		.align	2
 104              		.global	Debug_LED_ctrl_Sleep
 105              		.thumb
 106              		.thumb_func
 107              		.type	Debug_LED_ctrl_Sleep, %function
ARM GAS  C:\Users\Jonah\AppData\Local\Temp\cclzMyU1.s 			page 4


 108              	Debug_LED_ctrl_Sleep:
 109              	.LFB2:
  65:.\Generated_Source\PSoC5/Debug_LED_ctrl_PM.c **** 
  66:.\Generated_Source\PSoC5/Debug_LED_ctrl_PM.c **** 
  67:.\Generated_Source\PSoC5/Debug_LED_ctrl_PM.c **** /*******************************************************************************
  68:.\Generated_Source\PSoC5/Debug_LED_ctrl_PM.c **** * Function Name: Debug_LED_ctrl_Sleep
  69:.\Generated_Source\PSoC5/Debug_LED_ctrl_PM.c **** ********************************************************************************
  70:.\Generated_Source\PSoC5/Debug_LED_ctrl_PM.c **** *
  71:.\Generated_Source\PSoC5/Debug_LED_ctrl_PM.c **** * Summary:
  72:.\Generated_Source\PSoC5/Debug_LED_ctrl_PM.c **** *  Prepares the component for entering the low power mode.
  73:.\Generated_Source\PSoC5/Debug_LED_ctrl_PM.c **** *
  74:.\Generated_Source\PSoC5/Debug_LED_ctrl_PM.c **** * Parameters:
  75:.\Generated_Source\PSoC5/Debug_LED_ctrl_PM.c **** *  None
  76:.\Generated_Source\PSoC5/Debug_LED_ctrl_PM.c **** *
  77:.\Generated_Source\PSoC5/Debug_LED_ctrl_PM.c **** * Return:
  78:.\Generated_Source\PSoC5/Debug_LED_ctrl_PM.c **** *  None
  79:.\Generated_Source\PSoC5/Debug_LED_ctrl_PM.c **** *
  80:.\Generated_Source\PSoC5/Debug_LED_ctrl_PM.c **** *******************************************************************************/
  81:.\Generated_Source\PSoC5/Debug_LED_ctrl_PM.c **** void Debug_LED_ctrl_Sleep(void) 
  82:.\Generated_Source\PSoC5/Debug_LED_ctrl_PM.c **** {
 110              		.loc 1 82 0
 111              		.cfi_startproc
 112              		@ args = 0, pretend = 0, frame = 0
 113              		@ frame_needed = 1, uses_anonymous_args = 0
 114 0000 80B5     		push	{r7, lr}
 115              		.cfi_def_cfa_offset 8
 116              		.cfi_offset 7, -8
 117              		.cfi_offset 14, -4
 118 0002 00AF     		add	r7, sp, #0
 119              		.cfi_def_cfa_register 7
  83:.\Generated_Source\PSoC5/Debug_LED_ctrl_PM.c ****     Debug_LED_ctrl_SaveConfig();
 120              		.loc 1 83 0
 121 0004 FFF7FEFF 		bl	Debug_LED_ctrl_SaveConfig
  84:.\Generated_Source\PSoC5/Debug_LED_ctrl_PM.c **** }
 122              		.loc 1 84 0
 123 0008 80BD     		pop	{r7, pc}
 124              		.cfi_endproc
 125              	.LFE2:
 126              		.size	Debug_LED_ctrl_Sleep, .-Debug_LED_ctrl_Sleep
 127 000a 00BF     		.section	.text.Debug_LED_ctrl_Wakeup,"ax",%progbits
 128              		.align	2
 129              		.global	Debug_LED_ctrl_Wakeup
 130              		.thumb
 131              		.thumb_func
 132              		.type	Debug_LED_ctrl_Wakeup, %function
 133              	Debug_LED_ctrl_Wakeup:
 134              	.LFB3:
  85:.\Generated_Source\PSoC5/Debug_LED_ctrl_PM.c **** 
  86:.\Generated_Source\PSoC5/Debug_LED_ctrl_PM.c **** 
  87:.\Generated_Source\PSoC5/Debug_LED_ctrl_PM.c **** /*******************************************************************************
  88:.\Generated_Source\PSoC5/Debug_LED_ctrl_PM.c **** * Function Name: Debug_LED_ctrl_Wakeup
  89:.\Generated_Source\PSoC5/Debug_LED_ctrl_PM.c **** ********************************************************************************
  90:.\Generated_Source\PSoC5/Debug_LED_ctrl_PM.c **** *
  91:.\Generated_Source\PSoC5/Debug_LED_ctrl_PM.c **** * Summary:
  92:.\Generated_Source\PSoC5/Debug_LED_ctrl_PM.c **** *  Restores the component after waking up from the low power mode.
  93:.\Generated_Source\PSoC5/Debug_LED_ctrl_PM.c **** *
  94:.\Generated_Source\PSoC5/Debug_LED_ctrl_PM.c **** * Parameters:
ARM GAS  C:\Users\Jonah\AppData\Local\Temp\cclzMyU1.s 			page 5


  95:.\Generated_Source\PSoC5/Debug_LED_ctrl_PM.c **** *  None
  96:.\Generated_Source\PSoC5/Debug_LED_ctrl_PM.c **** *
  97:.\Generated_Source\PSoC5/Debug_LED_ctrl_PM.c **** * Return:
  98:.\Generated_Source\PSoC5/Debug_LED_ctrl_PM.c **** *  None
  99:.\Generated_Source\PSoC5/Debug_LED_ctrl_PM.c **** *
 100:.\Generated_Source\PSoC5/Debug_LED_ctrl_PM.c **** *******************************************************************************/
 101:.\Generated_Source\PSoC5/Debug_LED_ctrl_PM.c **** void Debug_LED_ctrl_Wakeup(void)  
 102:.\Generated_Source\PSoC5/Debug_LED_ctrl_PM.c **** {
 135              		.loc 1 102 0
 136              		.cfi_startproc
 137              		@ args = 0, pretend = 0, frame = 0
 138              		@ frame_needed = 1, uses_anonymous_args = 0
 139 0000 80B5     		push	{r7, lr}
 140              		.cfi_def_cfa_offset 8
 141              		.cfi_offset 7, -8
 142              		.cfi_offset 14, -4
 143 0002 00AF     		add	r7, sp, #0
 144              		.cfi_def_cfa_register 7
 103:.\Generated_Source\PSoC5/Debug_LED_ctrl_PM.c ****     Debug_LED_ctrl_RestoreConfig();
 145              		.loc 1 103 0
 146 0004 FFF7FEFF 		bl	Debug_LED_ctrl_RestoreConfig
 104:.\Generated_Source\PSoC5/Debug_LED_ctrl_PM.c **** }
 147              		.loc 1 104 0
 148 0008 80BD     		pop	{r7, pc}
 149              		.cfi_endproc
 150              	.LFE3:
 151              		.size	Debug_LED_ctrl_Wakeup, .-Debug_LED_ctrl_Wakeup
 152 000a 00BF     		.text
 153              	.Letext0:
 154              		.file 2 ".\\Generated_Source\\PSoC5\\cytypes.h"
 155              		.file 3 ".\\Generated_Source\\PSoC5\\Debug_LED_ctrl.h"
 156              		.section	.debug_info,"",%progbits
 157              	.Ldebug_info0:
 158 0000 0F010000 		.4byte	0x10f
 159 0004 0400     		.2byte	0x4
 160 0006 00000000 		.4byte	.Ldebug_abbrev0
 161 000a 04       		.byte	0x4
 162 000b 01       		.uleb128 0x1
 163 000c 15000000 		.4byte	.LASF19
 164 0010 01       		.byte	0x1
 165 0011 DA000000 		.4byte	.LASF20
 166 0015 A9000000 		.4byte	.LASF21
 167 0019 00000000 		.4byte	.Ldebug_ranges0+0
 168 001d 00000000 		.4byte	0
 169 0021 00000000 		.4byte	.Ldebug_line0
 170 0025 02       		.uleb128 0x2
 171 0026 01       		.byte	0x1
 172 0027 06       		.byte	0x6
 173 0028 23020000 		.4byte	.LASF0
 174 002c 02       		.uleb128 0x2
 175 002d 01       		.byte	0x1
 176 002e 08       		.byte	0x8
 177 002f 58010000 		.4byte	.LASF1
 178 0033 02       		.uleb128 0x2
 179 0034 02       		.byte	0x2
 180 0035 05       		.byte	0x5
 181 0036 ED010000 		.4byte	.LASF2
ARM GAS  C:\Users\Jonah\AppData\Local\Temp\cclzMyU1.s 			page 6


 182 003a 02       		.uleb128 0x2
 183 003b 02       		.byte	0x2
 184 003c 07       		.byte	0x7
 185 003d 1E010000 		.4byte	.LASF3
 186 0041 02       		.uleb128 0x2
 187 0042 04       		.byte	0x4
 188 0043 05       		.byte	0x5
 189 0044 1A020000 		.4byte	.LASF4
 190 0048 02       		.uleb128 0x2
 191 0049 04       		.byte	0x4
 192 004a 07       		.byte	0x7
 193 004b 0C010000 		.4byte	.LASF5
 194 004f 02       		.uleb128 0x2
 195 0050 08       		.byte	0x8
 196 0051 05       		.byte	0x5
 197 0052 DA010000 		.4byte	.LASF6
 198 0056 02       		.uleb128 0x2
 199 0057 08       		.byte	0x8
 200 0058 07       		.byte	0x7
 201 0059 A6010000 		.4byte	.LASF7
 202 005d 03       		.uleb128 0x3
 203 005e 04       		.byte	0x4
 204 005f 05       		.byte	0x5
 205 0060 696E7400 		.ascii	"int\000"
 206 0064 02       		.uleb128 0x2
 207 0065 04       		.byte	0x4
 208 0066 07       		.byte	0x7
 209 0067 99010000 		.4byte	.LASF8
 210 006b 04       		.uleb128 0x4
 211 006c 14020000 		.4byte	.LASF12
 212 0070 02       		.byte	0x2
 213 0071 9201     		.2byte	0x192
 214 0073 2C000000 		.4byte	0x2c
 215 0077 02       		.uleb128 0x2
 216 0078 04       		.byte	0x4
 217 0079 04       		.byte	0x4
 218 007a A3000000 		.4byte	.LASF9
 219 007e 02       		.uleb128 0x2
 220 007f 08       		.byte	0x8
 221 0080 04       		.byte	0x4
 222 0081 7C010000 		.4byte	.LASF10
 223 0085 02       		.uleb128 0x2
 224 0086 01       		.byte	0x1
 225 0087 08       		.byte	0x8
 226 0088 E8010000 		.4byte	.LASF11
 227 008c 04       		.uleb128 0x4
 228 008d 07010000 		.4byte	.LASF13
 229 0091 02       		.byte	0x2
 230 0092 3C02     		.2byte	0x23c
 231 0094 98000000 		.4byte	0x98
 232 0098 05       		.uleb128 0x5
 233 0099 6B000000 		.4byte	0x6b
 234 009d 06       		.uleb128 0x6
 235 009e 01       		.byte	0x1
 236 009f 03       		.byte	0x3
 237 00a0 1C       		.byte	0x1c
 238 00a1 B2000000 		.4byte	0xb2
ARM GAS  C:\Users\Jonah\AppData\Local\Temp\cclzMyU1.s 			page 7


 239 00a5 07       		.uleb128 0x7
 240 00a6 4B010000 		.4byte	.LASF22
 241 00aa 03       		.byte	0x3
 242 00ab 1E       		.byte	0x1e
 243 00ac 6B000000 		.4byte	0x6b
 244 00b0 00       		.byte	0
 245 00b1 00       		.byte	0
 246 00b2 08       		.uleb128 0x8
 247 00b3 BD010000 		.4byte	.LASF14
 248 00b7 03       		.byte	0x3
 249 00b8 20       		.byte	0x20
 250 00b9 9D000000 		.4byte	0x9d
 251 00bd 09       		.uleb128 0x9
 252 00be 31010000 		.4byte	.LASF15
 253 00c2 01       		.byte	0x1
 254 00c3 28       		.byte	0x28
 255 00c4 00000000 		.4byte	.LFB0
 256 00c8 20000000 		.4byte	.LFE0-.LFB0
 257 00cc 01       		.uleb128 0x1
 258 00cd 9C       		.byte	0x9c
 259 00ce 09       		.uleb128 0x9
 260 00cf F7010000 		.4byte	.LASF16
 261 00d3 01       		.byte	0x1
 262 00d4 3D       		.byte	0x3d
 263 00d5 00000000 		.4byte	.LFB1
 264 00d9 1C000000 		.4byte	.LFE1-.LFB1
 265 00dd 01       		.uleb128 0x1
 266 00de 9C       		.byte	0x9c
 267 00df 0A       		.uleb128 0xa
 268 00e0 00000000 		.4byte	.LASF17
 269 00e4 01       		.byte	0x1
 270 00e5 51       		.byte	0x51
 271 00e6 00000000 		.4byte	.LFB2
 272 00ea 0A000000 		.4byte	.LFE2-.LFB2
 273 00ee 01       		.uleb128 0x1
 274 00ef 9C       		.byte	0x9c
 275 00f0 0A       		.uleb128 0xa
 276 00f1 83010000 		.4byte	.LASF18
 277 00f5 01       		.byte	0x1
 278 00f6 65       		.byte	0x65
 279 00f7 00000000 		.4byte	.LFB3
 280 00fb 0A000000 		.4byte	.LFE3-.LFB3
 281 00ff 01       		.uleb128 0x1
 282 0100 9C       		.byte	0x9c
 283 0101 0B       		.uleb128 0xb
 284 0102 66010000 		.4byte	.LASF23
 285 0106 01       		.byte	0x1
 286 0107 17       		.byte	0x17
 287 0108 B2000000 		.4byte	0xb2
 288 010c 05       		.uleb128 0x5
 289 010d 03       		.byte	0x3
 290 010e 00000000 		.4byte	Debug_LED_ctrl_backup
 291 0112 00       		.byte	0
 292              		.section	.debug_abbrev,"",%progbits
 293              	.Ldebug_abbrev0:
 294 0000 01       		.uleb128 0x1
 295 0001 11       		.uleb128 0x11
ARM GAS  C:\Users\Jonah\AppData\Local\Temp\cclzMyU1.s 			page 8


 296 0002 01       		.byte	0x1
 297 0003 25       		.uleb128 0x25
 298 0004 0E       		.uleb128 0xe
 299 0005 13       		.uleb128 0x13
 300 0006 0B       		.uleb128 0xb
 301 0007 03       		.uleb128 0x3
 302 0008 0E       		.uleb128 0xe
 303 0009 1B       		.uleb128 0x1b
 304 000a 0E       		.uleb128 0xe
 305 000b 55       		.uleb128 0x55
 306 000c 17       		.uleb128 0x17
 307 000d 11       		.uleb128 0x11
 308 000e 01       		.uleb128 0x1
 309 000f 10       		.uleb128 0x10
 310 0010 17       		.uleb128 0x17
 311 0011 00       		.byte	0
 312 0012 00       		.byte	0
 313 0013 02       		.uleb128 0x2
 314 0014 24       		.uleb128 0x24
 315 0015 00       		.byte	0
 316 0016 0B       		.uleb128 0xb
 317 0017 0B       		.uleb128 0xb
 318 0018 3E       		.uleb128 0x3e
 319 0019 0B       		.uleb128 0xb
 320 001a 03       		.uleb128 0x3
 321 001b 0E       		.uleb128 0xe
 322 001c 00       		.byte	0
 323 001d 00       		.byte	0
 324 001e 03       		.uleb128 0x3
 325 001f 24       		.uleb128 0x24
 326 0020 00       		.byte	0
 327 0021 0B       		.uleb128 0xb
 328 0022 0B       		.uleb128 0xb
 329 0023 3E       		.uleb128 0x3e
 330 0024 0B       		.uleb128 0xb
 331 0025 03       		.uleb128 0x3
 332 0026 08       		.uleb128 0x8
 333 0027 00       		.byte	0
 334 0028 00       		.byte	0
 335 0029 04       		.uleb128 0x4
 336 002a 16       		.uleb128 0x16
 337 002b 00       		.byte	0
 338 002c 03       		.uleb128 0x3
 339 002d 0E       		.uleb128 0xe
 340 002e 3A       		.uleb128 0x3a
 341 002f 0B       		.uleb128 0xb
 342 0030 3B       		.uleb128 0x3b
 343 0031 05       		.uleb128 0x5
 344 0032 49       		.uleb128 0x49
 345 0033 13       		.uleb128 0x13
 346 0034 00       		.byte	0
 347 0035 00       		.byte	0
 348 0036 05       		.uleb128 0x5
 349 0037 35       		.uleb128 0x35
 350 0038 00       		.byte	0
 351 0039 49       		.uleb128 0x49
 352 003a 13       		.uleb128 0x13
ARM GAS  C:\Users\Jonah\AppData\Local\Temp\cclzMyU1.s 			page 9


 353 003b 00       		.byte	0
 354 003c 00       		.byte	0
 355 003d 06       		.uleb128 0x6
 356 003e 13       		.uleb128 0x13
 357 003f 01       		.byte	0x1
 358 0040 0B       		.uleb128 0xb
 359 0041 0B       		.uleb128 0xb
 360 0042 3A       		.uleb128 0x3a
 361 0043 0B       		.uleb128 0xb
 362 0044 3B       		.uleb128 0x3b
 363 0045 0B       		.uleb128 0xb
 364 0046 01       		.uleb128 0x1
 365 0047 13       		.uleb128 0x13
 366 0048 00       		.byte	0
 367 0049 00       		.byte	0
 368 004a 07       		.uleb128 0x7
 369 004b 0D       		.uleb128 0xd
 370 004c 00       		.byte	0
 371 004d 03       		.uleb128 0x3
 372 004e 0E       		.uleb128 0xe
 373 004f 3A       		.uleb128 0x3a
 374 0050 0B       		.uleb128 0xb
 375 0051 3B       		.uleb128 0x3b
 376 0052 0B       		.uleb128 0xb
 377 0053 49       		.uleb128 0x49
 378 0054 13       		.uleb128 0x13
 379 0055 38       		.uleb128 0x38
 380 0056 0B       		.uleb128 0xb
 381 0057 00       		.byte	0
 382 0058 00       		.byte	0
 383 0059 08       		.uleb128 0x8
 384 005a 16       		.uleb128 0x16
 385 005b 00       		.byte	0
 386 005c 03       		.uleb128 0x3
 387 005d 0E       		.uleb128 0xe
 388 005e 3A       		.uleb128 0x3a
 389 005f 0B       		.uleb128 0xb
 390 0060 3B       		.uleb128 0x3b
 391 0061 0B       		.uleb128 0xb
 392 0062 49       		.uleb128 0x49
 393 0063 13       		.uleb128 0x13
 394 0064 00       		.byte	0
 395 0065 00       		.byte	0
 396 0066 09       		.uleb128 0x9
 397 0067 2E       		.uleb128 0x2e
 398 0068 00       		.byte	0
 399 0069 3F       		.uleb128 0x3f
 400 006a 19       		.uleb128 0x19
 401 006b 03       		.uleb128 0x3
 402 006c 0E       		.uleb128 0xe
 403 006d 3A       		.uleb128 0x3a
 404 006e 0B       		.uleb128 0xb
 405 006f 3B       		.uleb128 0x3b
 406 0070 0B       		.uleb128 0xb
 407 0071 27       		.uleb128 0x27
 408 0072 19       		.uleb128 0x19
 409 0073 11       		.uleb128 0x11
ARM GAS  C:\Users\Jonah\AppData\Local\Temp\cclzMyU1.s 			page 10


 410 0074 01       		.uleb128 0x1
 411 0075 12       		.uleb128 0x12
 412 0076 06       		.uleb128 0x6
 413 0077 40       		.uleb128 0x40
 414 0078 18       		.uleb128 0x18
 415 0079 9742     		.uleb128 0x2117
 416 007b 19       		.uleb128 0x19
 417 007c 00       		.byte	0
 418 007d 00       		.byte	0
 419 007e 0A       		.uleb128 0xa
 420 007f 2E       		.uleb128 0x2e
 421 0080 00       		.byte	0
 422 0081 3F       		.uleb128 0x3f
 423 0082 19       		.uleb128 0x19
 424 0083 03       		.uleb128 0x3
 425 0084 0E       		.uleb128 0xe
 426 0085 3A       		.uleb128 0x3a
 427 0086 0B       		.uleb128 0xb
 428 0087 3B       		.uleb128 0x3b
 429 0088 0B       		.uleb128 0xb
 430 0089 27       		.uleb128 0x27
 431 008a 19       		.uleb128 0x19
 432 008b 11       		.uleb128 0x11
 433 008c 01       		.uleb128 0x1
 434 008d 12       		.uleb128 0x12
 435 008e 06       		.uleb128 0x6
 436 008f 40       		.uleb128 0x40
 437 0090 18       		.uleb128 0x18
 438 0091 9642     		.uleb128 0x2116
 439 0093 19       		.uleb128 0x19
 440 0094 00       		.byte	0
 441 0095 00       		.byte	0
 442 0096 0B       		.uleb128 0xb
 443 0097 34       		.uleb128 0x34
 444 0098 00       		.byte	0
 445 0099 03       		.uleb128 0x3
 446 009a 0E       		.uleb128 0xe
 447 009b 3A       		.uleb128 0x3a
 448 009c 0B       		.uleb128 0xb
 449 009d 3B       		.uleb128 0x3b
 450 009e 0B       		.uleb128 0xb
 451 009f 49       		.uleb128 0x49
 452 00a0 13       		.uleb128 0x13
 453 00a1 02       		.uleb128 0x2
 454 00a2 18       		.uleb128 0x18
 455 00a3 00       		.byte	0
 456 00a4 00       		.byte	0
 457 00a5 00       		.byte	0
 458              		.section	.debug_aranges,"",%progbits
 459 0000 34000000 		.4byte	0x34
 460 0004 0200     		.2byte	0x2
 461 0006 00000000 		.4byte	.Ldebug_info0
 462 000a 04       		.byte	0x4
 463 000b 00       		.byte	0
 464 000c 0000     		.2byte	0
 465 000e 0000     		.2byte	0
 466 0010 00000000 		.4byte	.LFB0
ARM GAS  C:\Users\Jonah\AppData\Local\Temp\cclzMyU1.s 			page 11


 467 0014 20000000 		.4byte	.LFE0-.LFB0
 468 0018 00000000 		.4byte	.LFB1
 469 001c 1C000000 		.4byte	.LFE1-.LFB1
 470 0020 00000000 		.4byte	.LFB2
 471 0024 0A000000 		.4byte	.LFE2-.LFB2
 472 0028 00000000 		.4byte	.LFB3
 473 002c 0A000000 		.4byte	.LFE3-.LFB3
 474 0030 00000000 		.4byte	0
 475 0034 00000000 		.4byte	0
 476              		.section	.debug_ranges,"",%progbits
 477              	.Ldebug_ranges0:
 478 0000 00000000 		.4byte	.LFB0
 479 0004 20000000 		.4byte	.LFE0
 480 0008 00000000 		.4byte	.LFB1
 481 000c 1C000000 		.4byte	.LFE1
 482 0010 00000000 		.4byte	.LFB2
 483 0014 0A000000 		.4byte	.LFE2
 484 0018 00000000 		.4byte	.LFB3
 485 001c 0A000000 		.4byte	.LFE3
 486 0020 00000000 		.4byte	0
 487 0024 00000000 		.4byte	0
 488              		.section	.debug_line,"",%progbits
 489              	.Ldebug_line0:
 490 0000 B0000000 		.section	.debug_str,"MS",%progbits,1
 490      02006400 
 490      00000201 
 490      FB0E0D00 
 490      01010101 
 491              	.LASF17:
 492 0000 44656275 		.ascii	"Debug_LED_ctrl_Sleep\000"
 492      675F4C45 
 492      445F6374 
 492      726C5F53 
 492      6C656570 
 493              	.LASF19:
 494 0015 474E5520 		.ascii	"GNU C 4.9.3 20150303 (release) [ARM/embedded-4_9-br"
 494      4320342E 
 494      392E3320 
 494      32303135 
 494      30333033 
 495 0048 616E6368 		.ascii	"anch revision 221220] -mcpu=cortex-m3 -mthumb -g -O"
 495      20726576 
 495      6973696F 
 495      6E203232 
 495      31323230 
 496 007b 30202D66 		.ascii	"0 -ffunction-sections -ffat-lto-objects\000"
 496      66756E63 
 496      74696F6E 
 496      2D736563 
 496      74696F6E 
 497              	.LASF9:
 498 00a3 666C6F61 		.ascii	"float\000"
 498      7400
 499              	.LASF21:
 500 00a9 453A5C44 		.ascii	"E:\\Documents\\PSoC Creator\\engr478labs\\Lab3.cyds"
 500      6F63756D 
 500      656E7473 
ARM GAS  C:\Users\Jonah\AppData\Local\Temp\cclzMyU1.s 			page 12


 500      5C50536F 
 500      43204372 
 501 00d8 6E00     		.ascii	"n\000"
 502              	.LASF20:
 503 00da 2E5C4765 		.ascii	".\\Generated_Source\\PSoC5\\Debug_LED_ctrl_PM.c\000"
 503      6E657261 
 503      7465645F 
 503      536F7572 
 503      63655C50 
 504              	.LASF13:
 505 0107 72656738 		.ascii	"reg8\000"
 505      00
 506              	.LASF5:
 507 010c 6C6F6E67 		.ascii	"long unsigned int\000"
 507      20756E73 
 507      69676E65 
 507      6420696E 
 507      7400
 508              	.LASF3:
 509 011e 73686F72 		.ascii	"short unsigned int\000"
 509      7420756E 
 509      7369676E 
 509      65642069 
 509      6E7400
 510              	.LASF15:
 511 0131 44656275 		.ascii	"Debug_LED_ctrl_SaveConfig\000"
 511      675F4C45 
 511      445F6374 
 511      726C5F53 
 511      61766543 
 512              	.LASF22:
 513 014b 636F6E74 		.ascii	"controlState\000"
 513      726F6C53 
 513      74617465 
 513      00
 514              	.LASF1:
 515 0158 756E7369 		.ascii	"unsigned char\000"
 515      676E6564 
 515      20636861 
 515      7200
 516              	.LASF23:
 517 0166 44656275 		.ascii	"Debug_LED_ctrl_backup\000"
 517      675F4C45 
 517      445F6374 
 517      726C5F62 
 517      61636B75 
 518              	.LASF10:
 519 017c 646F7562 		.ascii	"double\000"
 519      6C6500
 520              	.LASF18:
 521 0183 44656275 		.ascii	"Debug_LED_ctrl_Wakeup\000"
 521      675F4C45 
 521      445F6374 
 521      726C5F57 
 521      616B6575 
 522              	.LASF8:
 523 0199 756E7369 		.ascii	"unsigned int\000"
ARM GAS  C:\Users\Jonah\AppData\Local\Temp\cclzMyU1.s 			page 13


 523      676E6564 
 523      20696E74 
 523      00
 524              	.LASF7:
 525 01a6 6C6F6E67 		.ascii	"long long unsigned int\000"
 525      206C6F6E 
 525      6720756E 
 525      7369676E 
 525      65642069 
 526              	.LASF14:
 527 01bd 44656275 		.ascii	"Debug_LED_ctrl_BACKUP_STRUCT\000"
 527      675F4C45 
 527      445F6374 
 527      726C5F42 
 527      41434B55 
 528              	.LASF6:
 529 01da 6C6F6E67 		.ascii	"long long int\000"
 529      206C6F6E 
 529      6720696E 
 529      7400
 530              	.LASF11:
 531 01e8 63686172 		.ascii	"char\000"
 531      00
 532              	.LASF2:
 533 01ed 73686F72 		.ascii	"short int\000"
 533      7420696E 
 533      7400
 534              	.LASF16:
 535 01f7 44656275 		.ascii	"Debug_LED_ctrl_RestoreConfig\000"
 535      675F4C45 
 535      445F6374 
 535      726C5F52 
 535      6573746F 
 536              	.LASF12:
 537 0214 75696E74 		.ascii	"uint8\000"
 537      3800
 538              	.LASF4:
 539 021a 6C6F6E67 		.ascii	"long int\000"
 539      20696E74 
 539      00
 540              	.LASF0:
 541 0223 7369676E 		.ascii	"signed char\000"
 541      65642063 
 541      68617200 
 542              		.ident	"GCC: (GNU Tools for ARM Embedded Processors) 4.9.3 20150303 (release) [ARM/embedded-4_9-br
