ARM GAS  C:\Users\Jonah\AppData\Local\Temp\cc01Jl6k.s 			page 1


   1              		.syntax unified
   2              		.cpu cortex-m3
   3              		.fpu softvfp
   4              		.eabi_attribute 20, 1
   5              		.eabi_attribute 21, 1
   6              		.eabi_attribute 23, 3
   7              		.eabi_attribute 24, 1
   8              		.eabi_attribute 25, 1
   9              		.eabi_attribute 26, 1
  10              		.eabi_attribute 30, 6
  11              		.eabi_attribute 34, 1
  12              		.eabi_attribute 18, 4
  13              		.thumb
  14              		.file	"main.c"
  15              		.text
  16              	.Ltext0:
  17              		.cfi_sections	.debug_frame
  18              		.section	.rodata
  19              		.align	2
  20              	.LC0:
  21 0000 434F4D20 		.ascii	"COM Port Open\000"
  21      506F7274 
  21      204F7065 
  21      6E00
  22 000e 0000     		.align	2
  23              	.LC1:
  24 0010 53616D70 		.ascii	"Sample: %lu mV\015\012\000"
  24      6C653A20 
  24      256C7520 
  24      6D560D0A 
  24      00
  25 0021 000000   		.align	2
  26              	.LC2:
  27 0024 456D756C 		.ascii	"Emulated Data: %x \015\012\000"
  27      61746564 
  27      20446174 
  27      613A2025 
  27      78200D0A 
  28 0039 000000   		.section	.text.main,"ax",%progbits
  29              		.align	2
  30              		.global	main
  31              		.thumb
  32              		.thumb_func
  33              		.type	main, %function
  34              	main:
  35              	.LFB63:
  36              		.file 1 ".\\main.c"
   1:.\main.c      **** /******************************************************************************
   2:.\main.c      **** * Project Name		: CE95277 ADC and UART
   3:.\main.c      **** * File Name			: main.c
   4:.\main.c      **** * Version 			: **
   5:.\main.c      **** * Device Used		: CY8C5888LTI-LP097
   6:.\main.c      **** * Software Used		: PSoC Creator 3.1 SP2
   7:.\main.c      **** * Compiler    		: ARM GCC 4.8.4, ARM RVDS Generic, ARM MDK Generic
   8:.\main.c      **** * Related Hardware	: CY8CKIT059 PSoC 5 LP Prototyping Kit 
   9:.\main.c      **** * Owner				: KLMZ
  10:.\main.c      **** *
ARM GAS  C:\Users\Jonah\AppData\Local\Temp\cc01Jl6k.s 			page 2


  11:.\main.c      **** ********************************************************************************
  12:.\main.c      **** * Copyright (2015), Cypress Semiconductor Corporation. All Rights Reserved.
  13:.\main.c      **** ********************************************************************************
  14:.\main.c      **** * This software is owned by Cypress Semiconductor Corporation (Cypress)
  15:.\main.c      **** * and is protected by and subject to worldwide patent protection (United
  16:.\main.c      **** * States and foreign), United States copyright laws and international treaty
  17:.\main.c      **** * provisions. Cypress hereby grants to licensee a personal, non-exclusive,
  18:.\main.c      **** * non-transferable license to copy, use, modify, create derivative works of,
  19:.\main.c      **** * and compile the Cypress Source Code and derivative works for the sole
  20:.\main.c      **** * purpose of creating custom software in support of licensee product to be
  21:.\main.c      **** * used only in conjunction with a Cypress integrated circuit as specified in
  22:.\main.c      **** * the applicable agreement. Any reproduction, modification, translation,
  23:.\main.c      **** * compilation, or representation of this software except as specified above 
  24:.\main.c      **** * is prohibited without the express written permission of Cypress.
  25:.\main.c      **** *
  26:.\main.c      **** * Disclaimer: CYPRESS MAKES NO WARRANTY OF ANY KIND, EXPRESS OR IMPLIED, WITH 
  27:.\main.c      **** * REGARD TO THIS MATERIAL, INCLUDING, BUT NOT LIMITED TO, THE IMPLIED 
  28:.\main.c      **** * WARRANTIES OF MERCHANTABILITY AND FITNESS FOR A PARTICULAR PURPOSE.
  29:.\main.c      **** * Cypress reserves the right to make changes without further notice to the 
  30:.\main.c      **** * materials described herein. Cypress does not assume any liability arising out 
  31:.\main.c      **** * of the application or use of any product or circuit described herein. Cypress 
  32:.\main.c      **** * does not authorize its products for use as critical components in life-support 
  33:.\main.c      **** * systems where a malfunction or failure may reasonably be expected to result in 
  34:.\main.c      **** * significant injury to the user. The inclusion of Cypress' product in a life-
  35:.\main.c      **** * support systems application implies that the manufacturer assumes all risk of 
  36:.\main.c      **** * such use and in doing so indemnifies Cypress against all charges. 
  37:.\main.c      **** *
  38:.\main.c      **** * Use of this Software may be limited by and subject to the applicable Cypress
  39:.\main.c      **** * software license agreement. 
  40:.\main.c      **** *******************************************************************************/
  41:.\main.c      **** 
  42:.\main.c      **** #include <device.h>
  43:.\main.c      **** #include "stdio.h"
  44:.\main.c      **** 
  45:.\main.c      **** /* Project Defines */
  46:.\main.c      **** #define FALSE  0
  47:.\main.c      **** #define TRUE   1
  48:.\main.c      **** #define TRANSMIT_BUFFER_SIZE  16
  49:.\main.c      **** 
  50:.\main.c      **** 
  51:.\main.c      **** /*******************************************************************************
  52:.\main.c      **** * Function Name: main
  53:.\main.c      **** ********************************************************************************
  54:.\main.c      **** *
  55:.\main.c      **** * Summary:
  56:.\main.c      **** *  main() performs following functions:
  57:.\main.c      **** *  1: Starts the ADC and UART components.
  58:.\main.c      **** *  2: Checks for ADC end of conversion.  Stores latest result in output
  59:.\main.c      **** *     if conversion complete.
  60:.\main.c      **** *  3: Checks for UART input.
  61:.\main.c      **** *     On 'C' or 'c' received: transmits the last sample via the UART.
  62:.\main.c      **** *     On 'S' or 's' received: continuously transmits samples as they are completed.
  63:.\main.c      **** *     On 'X' or 'x' received: stops continuously transmitting samples.
  64:.\main.c      **** *     On 'E' or 'e' received: transmits a dummy byte of data.
  65:.\main.c      **** *
  66:.\main.c      **** * Parameters:
  67:.\main.c      **** *  None.
ARM GAS  C:\Users\Jonah\AppData\Local\Temp\cc01Jl6k.s 			page 3


  68:.\main.c      **** *
  69:.\main.c      **** * Return:
  70:.\main.c      **** *  None.
  71:.\main.c      **** *
  72:.\main.c      **** *******************************************************************************/
  73:.\main.c      **** int main()
  74:.\main.c      **** {
  37              		.loc 1 74 0
  38              		.cfi_startproc
  39              		@ args = 0, pretend = 0, frame = 32
  40              		@ frame_needed = 1, uses_anonymous_args = 0
  41 0000 80B5     		push	{r7, lr}
  42              		.cfi_def_cfa_offset 8
  43              		.cfi_offset 7, -8
  44              		.cfi_offset 14, -4
  45 0002 88B0     		sub	sp, sp, #32
  46              		.cfi_def_cfa_offset 40
  47 0004 00AF     		add	r7, sp, #0
  48              		.cfi_def_cfa_register 7
  75:.\main.c      ****     /* Variable to store ADC result */
  76:.\main.c      ****     uint32 Output;
  77:.\main.c      ****     /* Variable to store UART received character */
  78:.\main.c      ****     uint8 Ch;
  79:.\main.c      ****     /* Variable used to send emulated data */
  80:.\main.c      ****     uint8 EmulatedData;
  81:.\main.c      ****     /* Flags used to store transmit data commands */
  82:.\main.c      ****     uint8 ContinuouslySendData;
  83:.\main.c      ****     uint8 SendSingleByte;
  84:.\main.c      ****     uint8 SendEmulatedData;
  85:.\main.c      ****     /* Transmit Buffer */
  86:.\main.c      ****     char TransmitBuffer[TRANSMIT_BUFFER_SIZE];
  87:.\main.c      ****     
  88:.\main.c      ****     /* Start the components */
  89:.\main.c      ****     ADC_DelSig_1_Start();
  49              		.loc 1 89 0
  50 0006 FFF7FEFF 		bl	ADC_DelSig_1_Start
  90:.\main.c      ****     UART_1_Start();
  51              		.loc 1 90 0
  52 000a FFF7FEFF 		bl	UART_1_Start
  91:.\main.c      ****     
  92:.\main.c      ****     /* Initialize Variables */
  93:.\main.c      ****     ContinuouslySendData = FALSE;
  53              		.loc 1 93 0
  54 000e 0023     		movs	r3, #0
  55 0010 BB77     		strb	r3, [r7, #30]
  94:.\main.c      ****     SendSingleByte = FALSE;
  56              		.loc 1 94 0
  57 0012 0023     		movs	r3, #0
  58 0014 7B77     		strb	r3, [r7, #29]
  95:.\main.c      ****     SendEmulatedData = FALSE;
  59              		.loc 1 95 0
  60 0016 0023     		movs	r3, #0
  61 0018 3B77     		strb	r3, [r7, #28]
  96:.\main.c      ****     EmulatedData = 0;
  62              		.loc 1 96 0
  63 001a 0023     		movs	r3, #0
  64 001c FB77     		strb	r3, [r7, #31]
ARM GAS  C:\Users\Jonah\AppData\Local\Temp\cc01Jl6k.s 			page 4


  97:.\main.c      ****     
  98:.\main.c      ****     /* Start the ADC conversion */
  99:.\main.c      ****     ADC_DelSig_1_StartConvert();
  65              		.loc 1 99 0
  66 001e FFF7FEFF 		bl	ADC_DelSig_1_StartConvert
 100:.\main.c      ****     
 101:.\main.c      ****     /* Send message to verify COM port is connected properly */
 102:.\main.c      ****     UART_1_PutString("COM Port Open");
  67              		.loc 1 102 0
  68 0022 3348     		ldr	r0, .L17
  69 0024 FFF7FEFF 		bl	UART_1_PutString
  70              	.L15:
 103:.\main.c      ****     
 104:.\main.c      ****     for(;;)
 105:.\main.c      ****     {        
 106:.\main.c      ****         /* Non-blocking call to get the latest data recieved  */
 107:.\main.c      ****         Ch = UART_1_GetChar();
  71              		.loc 1 107 0
  72 0028 FFF7FEFF 		bl	UART_1_GetChar
  73 002c 0346     		mov	r3, r0
  74 002e FB76     		strb	r3, [r7, #27]
 108:.\main.c      ****         
 109:.\main.c      ****         /* Set flags based on UART command */
 110:.\main.c      ****         switch(Ch)
  75              		.loc 1 110 0
  76 0030 FB7E     		ldrb	r3, [r7, #27]	@ zero_extendqisi2
  77 0032 582B     		cmp	r3, #88
  78 0034 1FD0     		beq	.L3
  79 0036 582B     		cmp	r3, #88
  80 0038 0BDC     		bgt	.L4
  81 003a 432B     		cmp	r3, #67
  82 003c 15D0     		beq	.L5
  83 003e 432B     		cmp	r3, #67
  84 0040 02DC     		bgt	.L6
  85 0042 002B     		cmp	r3, #0
  86 0044 1DD0     		beq	.L16
 111:.\main.c      ****         {
 112:.\main.c      ****             case 0:
 113:.\main.c      ****                 /* No new data was recieved */
 114:.\main.c      ****                 break;
 115:.\main.c      ****             case 'C':
 116:.\main.c      ****             case 'c':
 117:.\main.c      ****                 SendSingleByte = TRUE;
 118:.\main.c      ****                 break;
 119:.\main.c      ****             case 'S':
 120:.\main.c      ****             case 's':
 121:.\main.c      ****                 ContinuouslySendData = TRUE;
 122:.\main.c      ****                 break;
 123:.\main.c      ****             case 'X':
 124:.\main.c      ****             case 'x':
 125:.\main.c      ****                 ContinuouslySendData = FALSE;
 126:.\main.c      ****                 break;
 127:.\main.c      ****             case 'E':
 128:.\main.c      ****             case 'e':
 129:.\main.c      ****                 SendEmulatedData = TRUE;
 130:.\main.c      ****                 break;
 131:.\main.c      ****             default:
ARM GAS  C:\Users\Jonah\AppData\Local\Temp\cc01Jl6k.s 			page 5


 132:.\main.c      ****                 /* Place error handling code here */
 133:.\main.c      ****                 break;    
  87              		.loc 1 133 0
  88 0046 1DE0     		b	.L11
  89              	.L6:
 110:.\main.c      ****         {
  90              		.loc 1 110 0
  91 0048 452B     		cmp	r3, #69
  92 004a 17D0     		beq	.L8
  93 004c 532B     		cmp	r3, #83
  94 004e 0FD0     		beq	.L9
  95              		.loc 1 133 0
  96 0050 18E0     		b	.L11
  97              	.L4:
 110:.\main.c      ****         {
  98              		.loc 1 110 0
  99 0052 652B     		cmp	r3, #101
 100 0054 12D0     		beq	.L8
 101 0056 652B     		cmp	r3, #101
 102 0058 02DC     		bgt	.L10
 103 005a 632B     		cmp	r3, #99
 104 005c 05D0     		beq	.L5
 105              		.loc 1 133 0
 106 005e 11E0     		b	.L11
 107              	.L10:
 110:.\main.c      ****         {
 108              		.loc 1 110 0
 109 0060 732B     		cmp	r3, #115
 110 0062 05D0     		beq	.L9
 111 0064 782B     		cmp	r3, #120
 112 0066 06D0     		beq	.L3
 113              		.loc 1 133 0
 114 0068 0CE0     		b	.L11
 115              	.L5:
 117:.\main.c      ****                 break;
 116              		.loc 1 117 0
 117 006a 0123     		movs	r3, #1
 118 006c 7B77     		strb	r3, [r7, #29]
 118:.\main.c      ****             case 'S':
 119              		.loc 1 118 0
 120 006e 09E0     		b	.L11
 121              	.L9:
 121:.\main.c      ****                 break;
 122              		.loc 1 121 0
 123 0070 0123     		movs	r3, #1
 124 0072 BB77     		strb	r3, [r7, #30]
 122:.\main.c      ****             case 'X':
 125              		.loc 1 122 0
 126 0074 06E0     		b	.L11
 127              	.L3:
 125:.\main.c      ****                 break;
 128              		.loc 1 125 0
 129 0076 0023     		movs	r3, #0
 130 0078 BB77     		strb	r3, [r7, #30]
 126:.\main.c      ****             case 'E':
 131              		.loc 1 126 0
 132 007a 03E0     		b	.L11
ARM GAS  C:\Users\Jonah\AppData\Local\Temp\cc01Jl6k.s 			page 6


 133              	.L8:
 129:.\main.c      ****                 break;
 134              		.loc 1 129 0
 135 007c 0123     		movs	r3, #1
 136 007e 3B77     		strb	r3, [r7, #28]
 130:.\main.c      ****             default:
 137              		.loc 1 130 0
 138 0080 00E0     		b	.L11
 139              	.L16:
 114:.\main.c      ****             case 'C':
 140              		.loc 1 114 0
 141 0082 00BF     		nop
 142              	.L11:
 134:.\main.c      ****         }
 135:.\main.c      ****         
 136:.\main.c      ****         /* Check to see if an ADC conversion has completed */
 137:.\main.c      ****         if(ADC_DelSig_1_IsEndConversion(ADC_DelSig_1_RETURN_STATUS))
 143              		.loc 1 137 0
 144 0084 0120     		movs	r0, #1
 145 0086 FFF7FEFF 		bl	ADC_DelSig_1_IsEndConversion
 146 008a 0346     		mov	r3, r0
 147 008c 002B     		cmp	r3, #0
 148 008e 2DD0     		beq	.L12
 138:.\main.c      ****         {
 139:.\main.c      ****             /* Use the GetResult16 API to get an 8 bit unsigned result in
 140:.\main.c      ****              * single ended mode.  The API CountsTo_mVolts is then used
 141:.\main.c      ****              * to convert the ADC counts into mV before transmitting via
 142:.\main.c      ****              * the UART.  See the datasheet API description for more
 143:.\main.c      ****              * details */
 144:.\main.c      ****             Output = ADC_DelSig_1_CountsTo_mVolts(ADC_DelSig_1_GetResult16());
 149              		.loc 1 144 0
 150 0090 FFF7FEFF 		bl	ADC_DelSig_1_GetResult16
 151 0094 0346     		mov	r3, r0
 152 0096 1846     		mov	r0, r3
 153 0098 FFF7FEFF 		bl	ADC_DelSig_1_CountsTo_mVolts
 154 009c 0346     		mov	r3, r0
 155 009e 7B61     		str	r3, [r7, #20]
 145:.\main.c      ****             
 146:.\main.c      ****             /* Send data based on last UART command */
 147:.\main.c      ****             if(SendSingleByte || ContinuouslySendData)
 156              		.loc 1 147 0
 157 00a0 7B7F     		ldrb	r3, [r7, #29]	@ zero_extendqisi2
 158 00a2 002B     		cmp	r3, #0
 159 00a4 02D1     		bne	.L13
 160              		.loc 1 147 0 is_stmt 0 discriminator 1
 161 00a6 BB7F     		ldrb	r3, [r7, #30]	@ zero_extendqisi2
 162 00a8 002B     		cmp	r3, #0
 163 00aa 0CD0     		beq	.L14
 164              	.L13:
 148:.\main.c      ****             {
 149:.\main.c      ****                 /* Format ADC result for transmition */
 150:.\main.c      ****                 sprintf(TransmitBuffer, "Sample: %lu mV\r\n", Output);
 165              		.loc 1 150 0 is_stmt 1
 166 00ac 3B1D     		adds	r3, r7, #4
 167 00ae 1846     		mov	r0, r3
 168 00b0 1049     		ldr	r1, .L17+4
 169 00b2 7A69     		ldr	r2, [r7, #20]
ARM GAS  C:\Users\Jonah\AppData\Local\Temp\cc01Jl6k.s 			page 7


 170 00b4 FFF7FEFF 		bl	sprintf
 151:.\main.c      ****                 /* Send out the data */
 152:.\main.c      ****                 UART_1_PutString(TransmitBuffer);
 171              		.loc 1 152 0
 172 00b8 3B1D     		adds	r3, r7, #4
 173 00ba 1846     		mov	r0, r3
 174 00bc FFF7FEFF 		bl	UART_1_PutString
 153:.\main.c      ****                 /* Reset the send once flag */
 154:.\main.c      ****                 SendSingleByte = FALSE;
 175              		.loc 1 154 0
 176 00c0 0023     		movs	r3, #0
 177 00c2 7B77     		strb	r3, [r7, #29]
 178 00c4 12E0     		b	.L12
 179              	.L14:
 155:.\main.c      ****             }
 156:.\main.c      ****             else if(SendEmulatedData)
 180              		.loc 1 156 0
 181 00c6 3B7F     		ldrb	r3, [r7, #28]	@ zero_extendqisi2
 182 00c8 002B     		cmp	r3, #0
 183 00ca 0FD0     		beq	.L12
 157:.\main.c      ****             {
 158:.\main.c      ****                 /* Format ADC result for transmition */
 159:.\main.c      ****                 sprintf(TransmitBuffer, "Emulated Data: %x \r\n", EmulatedData);
 184              		.loc 1 159 0
 185 00cc FB7F     		ldrb	r3, [r7, #31]	@ zero_extendqisi2
 186 00ce 3A1D     		adds	r2, r7, #4
 187 00d0 1046     		mov	r0, r2
 188 00d2 0949     		ldr	r1, .L17+8
 189 00d4 1A46     		mov	r2, r3
 190 00d6 FFF7FEFF 		bl	sprintf
 160:.\main.c      ****                 /* Send out the data */
 161:.\main.c      ****                 UART_1_PutString(TransmitBuffer);
 191              		.loc 1 161 0
 192 00da 3B1D     		adds	r3, r7, #4
 193 00dc 1846     		mov	r0, r3
 194 00de FFF7FEFF 		bl	UART_1_PutString
 162:.\main.c      ****                 EmulatedData++;
 195              		.loc 1 162 0
 196 00e2 FB7F     		ldrb	r3, [r7, #31]	@ zero_extendqisi2
 197 00e4 0133     		adds	r3, r3, #1
 198 00e6 FB77     		strb	r3, [r7, #31]
 163:.\main.c      ****                 /* Reset the send once flag */
 164:.\main.c      ****                 SendEmulatedData = FALSE;   
 199              		.loc 1 164 0
 200 00e8 0023     		movs	r3, #0
 201 00ea 3B77     		strb	r3, [r7, #28]
 202              	.L12:
 165:.\main.c      ****             }
 166:.\main.c      ****         }
 167:.\main.c      ****     }
 203              		.loc 1 167 0
 204 00ec 9CE7     		b	.L15
 205              	.L18:
 206 00ee 00BF     		.align	2
 207              	.L17:
 208 00f0 00000000 		.word	.LC0
 209 00f4 10000000 		.word	.LC1
ARM GAS  C:\Users\Jonah\AppData\Local\Temp\cc01Jl6k.s 			page 8


 210 00f8 24000000 		.word	.LC2
 211              		.cfi_endproc
 212              	.LFE63:
 213              		.size	main, .-main
 214              		.text
 215              	.Letext0:
 216              		.file 2 "c:\\program files (x86)\\cypress\\psoc creator\\3.3\\psoc creator\\import\\gnu\\arm\\4.9.
 217              		.file 3 "c:\\program files (x86)\\cypress\\psoc creator\\3.3\\psoc creator\\import\\gnu\\arm\\4.9.
 218              		.file 4 "Generated_Source\\PSoC5/cytypes.h"
 219              		.file 5 "Generated_Source\\PSoC5/core_cm3.h"
 220              		.section	.debug_info,"",%progbits
 221              	.Ldebug_info0:
 222 0000 4E010000 		.4byte	0x14e
 223 0004 0400     		.2byte	0x4
 224 0006 00000000 		.4byte	.Ldebug_abbrev0
 225 000a 04       		.byte	0x4
 226 000b 01       		.uleb128 0x1
 227 000c 9A000000 		.4byte	.LASF23
 228 0010 01       		.byte	0x1
 229 0011 2D000000 		.4byte	.LASF24
 230 0015 2F010000 		.4byte	.LASF25
 231 0019 00000000 		.4byte	.Ldebug_ranges0+0
 232 001d 00000000 		.4byte	0
 233 0021 00000000 		.4byte	.Ldebug_line0
 234 0025 02       		.uleb128 0x2
 235 0026 01       		.byte	0x1
 236 0027 06       		.byte	0x6
 237 0028 96010000 		.4byte	.LASF0
 238 002c 02       		.uleb128 0x2
 239 002d 01       		.byte	0x1
 240 002e 08       		.byte	0x8
 241 002f 7E000000 		.4byte	.LASF1
 242 0033 02       		.uleb128 0x2
 243 0034 02       		.byte	0x2
 244 0035 05       		.byte	0x5
 245 0036 C7010000 		.4byte	.LASF2
 246 003a 02       		.uleb128 0x2
 247 003b 02       		.byte	0x2
 248 003c 07       		.byte	0x7
 249 003d 5E000000 		.4byte	.LASF3
 250 0041 03       		.uleb128 0x3
 251 0042 A2010000 		.4byte	.LASF9
 252 0046 02       		.byte	0x2
 253 0047 3F       		.byte	0x3f
 254 0048 4C000000 		.4byte	0x4c
 255 004c 02       		.uleb128 0x2
 256 004d 04       		.byte	0x4
 257 004e 05       		.byte	0x5
 258 004f 91000000 		.4byte	.LASF4
 259 0053 02       		.uleb128 0x2
 260 0054 04       		.byte	0x4
 261 0055 07       		.byte	0x7
 262 0056 77010000 		.4byte	.LASF5
 263 005a 02       		.uleb128 0x2
 264 005b 08       		.byte	0x8
 265 005c 05       		.byte	0x5
 266 005d 00000000 		.4byte	.LASF6
ARM GAS  C:\Users\Jonah\AppData\Local\Temp\cc01Jl6k.s 			page 9


 267 0061 02       		.uleb128 0x2
 268 0062 08       		.byte	0x8
 269 0063 07       		.byte	0x7
 270 0064 36000000 		.4byte	.LASF7
 271 0068 04       		.uleb128 0x4
 272 0069 04       		.byte	0x4
 273 006a 05       		.byte	0x5
 274 006b 696E7400 		.ascii	"int\000"
 275 006f 02       		.uleb128 0x2
 276 0070 04       		.byte	0x4
 277 0071 07       		.byte	0x7
 278 0072 15000000 		.4byte	.LASF8
 279 0076 03       		.uleb128 0x3
 280 0077 D1010000 		.4byte	.LASF10
 281 007b 03       		.byte	0x3
 282 007c 2C       		.byte	0x2c
 283 007d 41000000 		.4byte	0x41
 284 0081 05       		.uleb128 0x5
 285 0082 27000000 		.4byte	.LASF11
 286 0086 04       		.byte	0x4
 287 0087 9201     		.2byte	0x192
 288 0089 2C000000 		.4byte	0x2c
 289 008d 05       		.uleb128 0x5
 290 008e 0E000000 		.4byte	.LASF12
 291 0092 04       		.byte	0x4
 292 0093 9401     		.2byte	0x194
 293 0095 53000000 		.4byte	0x53
 294 0099 02       		.uleb128 0x2
 295 009a 04       		.byte	0x4
 296 009b 04       		.byte	0x4
 297 009c C1010000 		.4byte	.LASF13
 298 00a0 02       		.uleb128 0x2
 299 00a1 08       		.byte	0x8
 300 00a2 04       		.byte	0x4
 301 00a3 70010000 		.4byte	.LASF14
 302 00a7 02       		.uleb128 0x2
 303 00a8 01       		.byte	0x1
 304 00a9 08       		.byte	0x8
 305 00aa 8C000000 		.4byte	.LASF15
 306 00ae 02       		.uleb128 0x2
 307 00af 04       		.byte	0x4
 308 00b0 07       		.byte	0x7
 309 00b1 E8010000 		.4byte	.LASF16
 310 00b5 06       		.uleb128 0x6
 311 00b6 22000000 		.4byte	.LASF26
 312 00ba 01       		.byte	0x1
 313 00bb 49       		.byte	0x49
 314 00bc 68000000 		.4byte	0x68
 315 00c0 00000000 		.4byte	.LFB63
 316 00c4 FC000000 		.4byte	.LFE63-.LFB63
 317 00c8 01       		.uleb128 0x1
 318 00c9 9C       		.byte	0x9c
 319 00ca 30010000 		.4byte	0x130
 320 00ce 07       		.uleb128 0x7
 321 00cf 28010000 		.4byte	.LASF17
 322 00d3 01       		.byte	0x1
 323 00d4 4C       		.byte	0x4c
ARM GAS  C:\Users\Jonah\AppData\Local\Temp\cc01Jl6k.s 			page 10


 324 00d5 8D000000 		.4byte	0x8d
 325 00d9 02       		.uleb128 0x2
 326 00da 91       		.byte	0x91
 327 00db 6C       		.sleb128 -20
 328 00dc 08       		.uleb128 0x8
 329 00dd 436800   		.ascii	"Ch\000"
 330 00e0 01       		.byte	0x1
 331 00e1 4E       		.byte	0x4e
 332 00e2 81000000 		.4byte	0x81
 333 00e6 02       		.uleb128 0x2
 334 00e7 91       		.byte	0x91
 335 00e8 73       		.sleb128 -13
 336 00e9 07       		.uleb128 0x7
 337 00ea 71000000 		.4byte	.LASF18
 338 00ee 01       		.byte	0x1
 339 00ef 50       		.byte	0x50
 340 00f0 81000000 		.4byte	0x81
 341 00f4 02       		.uleb128 0x2
 342 00f5 91       		.byte	0x91
 343 00f6 77       		.sleb128 -9
 344 00f7 07       		.uleb128 0x7
 345 00f8 AC010000 		.4byte	.LASF19
 346 00fc 01       		.byte	0x1
 347 00fd 52       		.byte	0x52
 348 00fe 81000000 		.4byte	0x81
 349 0102 02       		.uleb128 0x2
 350 0103 91       		.byte	0x91
 351 0104 76       		.sleb128 -10
 352 0105 07       		.uleb128 0x7
 353 0106 F1010000 		.4byte	.LASF20
 354 010a 01       		.byte	0x1
 355 010b 53       		.byte	0x53
 356 010c 81000000 		.4byte	0x81
 357 0110 02       		.uleb128 0x2
 358 0111 91       		.byte	0x91
 359 0112 75       		.sleb128 -11
 360 0113 07       		.uleb128 0x7
 361 0114 4D000000 		.4byte	.LASF21
 362 0118 01       		.byte	0x1
 363 0119 54       		.byte	0x54
 364 011a 81000000 		.4byte	0x81
 365 011e 02       		.uleb128 0x2
 366 011f 91       		.byte	0x91
 367 0120 74       		.sleb128 -12
 368 0121 07       		.uleb128 0x7
 369 0122 D9010000 		.4byte	.LASF22
 370 0126 01       		.byte	0x1
 371 0127 56       		.byte	0x56
 372 0128 30010000 		.4byte	0x130
 373 012c 02       		.uleb128 0x2
 374 012d 91       		.byte	0x91
 375 012e 5C       		.sleb128 -36
 376 012f 00       		.byte	0
 377 0130 09       		.uleb128 0x9
 378 0131 A7000000 		.4byte	0xa7
 379 0135 40010000 		.4byte	0x140
 380 0139 0A       		.uleb128 0xa
ARM GAS  C:\Users\Jonah\AppData\Local\Temp\cc01Jl6k.s 			page 11


 381 013a AE000000 		.4byte	0xae
 382 013e 0F       		.byte	0xf
 383 013f 00       		.byte	0
 384 0140 0B       		.uleb128 0xb
 385 0141 89010000 		.4byte	.LASF27
 386 0145 05       		.byte	0x5
 387 0146 9606     		.2byte	0x696
 388 0148 4C010000 		.4byte	0x14c
 389 014c 0C       		.uleb128 0xc
 390 014d 76000000 		.4byte	0x76
 391 0151 00       		.byte	0
 392              		.section	.debug_abbrev,"",%progbits
 393              	.Ldebug_abbrev0:
 394 0000 01       		.uleb128 0x1
 395 0001 11       		.uleb128 0x11
 396 0002 01       		.byte	0x1
 397 0003 25       		.uleb128 0x25
 398 0004 0E       		.uleb128 0xe
 399 0005 13       		.uleb128 0x13
 400 0006 0B       		.uleb128 0xb
 401 0007 03       		.uleb128 0x3
 402 0008 0E       		.uleb128 0xe
 403 0009 1B       		.uleb128 0x1b
 404 000a 0E       		.uleb128 0xe
 405 000b 55       		.uleb128 0x55
 406 000c 17       		.uleb128 0x17
 407 000d 11       		.uleb128 0x11
 408 000e 01       		.uleb128 0x1
 409 000f 10       		.uleb128 0x10
 410 0010 17       		.uleb128 0x17
 411 0011 00       		.byte	0
 412 0012 00       		.byte	0
 413 0013 02       		.uleb128 0x2
 414 0014 24       		.uleb128 0x24
 415 0015 00       		.byte	0
 416 0016 0B       		.uleb128 0xb
 417 0017 0B       		.uleb128 0xb
 418 0018 3E       		.uleb128 0x3e
 419 0019 0B       		.uleb128 0xb
 420 001a 03       		.uleb128 0x3
 421 001b 0E       		.uleb128 0xe
 422 001c 00       		.byte	0
 423 001d 00       		.byte	0
 424 001e 03       		.uleb128 0x3
 425 001f 16       		.uleb128 0x16
 426 0020 00       		.byte	0
 427 0021 03       		.uleb128 0x3
 428 0022 0E       		.uleb128 0xe
 429 0023 3A       		.uleb128 0x3a
 430 0024 0B       		.uleb128 0xb
 431 0025 3B       		.uleb128 0x3b
 432 0026 0B       		.uleb128 0xb
 433 0027 49       		.uleb128 0x49
 434 0028 13       		.uleb128 0x13
 435 0029 00       		.byte	0
 436 002a 00       		.byte	0
 437 002b 04       		.uleb128 0x4
ARM GAS  C:\Users\Jonah\AppData\Local\Temp\cc01Jl6k.s 			page 12


 438 002c 24       		.uleb128 0x24
 439 002d 00       		.byte	0
 440 002e 0B       		.uleb128 0xb
 441 002f 0B       		.uleb128 0xb
 442 0030 3E       		.uleb128 0x3e
 443 0031 0B       		.uleb128 0xb
 444 0032 03       		.uleb128 0x3
 445 0033 08       		.uleb128 0x8
 446 0034 00       		.byte	0
 447 0035 00       		.byte	0
 448 0036 05       		.uleb128 0x5
 449 0037 16       		.uleb128 0x16
 450 0038 00       		.byte	0
 451 0039 03       		.uleb128 0x3
 452 003a 0E       		.uleb128 0xe
 453 003b 3A       		.uleb128 0x3a
 454 003c 0B       		.uleb128 0xb
 455 003d 3B       		.uleb128 0x3b
 456 003e 05       		.uleb128 0x5
 457 003f 49       		.uleb128 0x49
 458 0040 13       		.uleb128 0x13
 459 0041 00       		.byte	0
 460 0042 00       		.byte	0
 461 0043 06       		.uleb128 0x6
 462 0044 2E       		.uleb128 0x2e
 463 0045 01       		.byte	0x1
 464 0046 3F       		.uleb128 0x3f
 465 0047 19       		.uleb128 0x19
 466 0048 03       		.uleb128 0x3
 467 0049 0E       		.uleb128 0xe
 468 004a 3A       		.uleb128 0x3a
 469 004b 0B       		.uleb128 0xb
 470 004c 3B       		.uleb128 0x3b
 471 004d 0B       		.uleb128 0xb
 472 004e 49       		.uleb128 0x49
 473 004f 13       		.uleb128 0x13
 474 0050 11       		.uleb128 0x11
 475 0051 01       		.uleb128 0x1
 476 0052 12       		.uleb128 0x12
 477 0053 06       		.uleb128 0x6
 478 0054 40       		.uleb128 0x40
 479 0055 18       		.uleb128 0x18
 480 0056 9642     		.uleb128 0x2116
 481 0058 19       		.uleb128 0x19
 482 0059 01       		.uleb128 0x1
 483 005a 13       		.uleb128 0x13
 484 005b 00       		.byte	0
 485 005c 00       		.byte	0
 486 005d 07       		.uleb128 0x7
 487 005e 34       		.uleb128 0x34
 488 005f 00       		.byte	0
 489 0060 03       		.uleb128 0x3
 490 0061 0E       		.uleb128 0xe
 491 0062 3A       		.uleb128 0x3a
 492 0063 0B       		.uleb128 0xb
 493 0064 3B       		.uleb128 0x3b
 494 0065 0B       		.uleb128 0xb
ARM GAS  C:\Users\Jonah\AppData\Local\Temp\cc01Jl6k.s 			page 13


 495 0066 49       		.uleb128 0x49
 496 0067 13       		.uleb128 0x13
 497 0068 02       		.uleb128 0x2
 498 0069 18       		.uleb128 0x18
 499 006a 00       		.byte	0
 500 006b 00       		.byte	0
 501 006c 08       		.uleb128 0x8
 502 006d 34       		.uleb128 0x34
 503 006e 00       		.byte	0
 504 006f 03       		.uleb128 0x3
 505 0070 08       		.uleb128 0x8
 506 0071 3A       		.uleb128 0x3a
 507 0072 0B       		.uleb128 0xb
 508 0073 3B       		.uleb128 0x3b
 509 0074 0B       		.uleb128 0xb
 510 0075 49       		.uleb128 0x49
 511 0076 13       		.uleb128 0x13
 512 0077 02       		.uleb128 0x2
 513 0078 18       		.uleb128 0x18
 514 0079 00       		.byte	0
 515 007a 00       		.byte	0
 516 007b 09       		.uleb128 0x9
 517 007c 01       		.uleb128 0x1
 518 007d 01       		.byte	0x1
 519 007e 49       		.uleb128 0x49
 520 007f 13       		.uleb128 0x13
 521 0080 01       		.uleb128 0x1
 522 0081 13       		.uleb128 0x13
 523 0082 00       		.byte	0
 524 0083 00       		.byte	0
 525 0084 0A       		.uleb128 0xa
 526 0085 21       		.uleb128 0x21
 527 0086 00       		.byte	0
 528 0087 49       		.uleb128 0x49
 529 0088 13       		.uleb128 0x13
 530 0089 2F       		.uleb128 0x2f
 531 008a 0B       		.uleb128 0xb
 532 008b 00       		.byte	0
 533 008c 00       		.byte	0
 534 008d 0B       		.uleb128 0xb
 535 008e 34       		.uleb128 0x34
 536 008f 00       		.byte	0
 537 0090 03       		.uleb128 0x3
 538 0091 0E       		.uleb128 0xe
 539 0092 3A       		.uleb128 0x3a
 540 0093 0B       		.uleb128 0xb
 541 0094 3B       		.uleb128 0x3b
 542 0095 05       		.uleb128 0x5
 543 0096 49       		.uleb128 0x49
 544 0097 13       		.uleb128 0x13
 545 0098 3F       		.uleb128 0x3f
 546 0099 19       		.uleb128 0x19
 547 009a 3C       		.uleb128 0x3c
 548 009b 19       		.uleb128 0x19
 549 009c 00       		.byte	0
 550 009d 00       		.byte	0
 551 009e 0C       		.uleb128 0xc
ARM GAS  C:\Users\Jonah\AppData\Local\Temp\cc01Jl6k.s 			page 14


 552 009f 35       		.uleb128 0x35
 553 00a0 00       		.byte	0
 554 00a1 49       		.uleb128 0x49
 555 00a2 13       		.uleb128 0x13
 556 00a3 00       		.byte	0
 557 00a4 00       		.byte	0
 558 00a5 00       		.byte	0
 559              		.section	.debug_aranges,"",%progbits
 560 0000 1C000000 		.4byte	0x1c
 561 0004 0200     		.2byte	0x2
 562 0006 00000000 		.4byte	.Ldebug_info0
 563 000a 04       		.byte	0x4
 564 000b 00       		.byte	0
 565 000c 0000     		.2byte	0
 566 000e 0000     		.2byte	0
 567 0010 00000000 		.4byte	.LFB63
 568 0014 FC000000 		.4byte	.LFE63-.LFB63
 569 0018 00000000 		.4byte	0
 570 001c 00000000 		.4byte	0
 571              		.section	.debug_ranges,"",%progbits
 572              	.Ldebug_ranges0:
 573 0000 00000000 		.4byte	.LFB63
 574 0004 FC000000 		.4byte	.LFE63
 575 0008 00000000 		.4byte	0
 576 000c 00000000 		.4byte	0
 577              		.section	.debug_line,"",%progbits
 578              	.Ldebug_line0:
 579 0000 A2010000 		.section	.debug_str,"MS",%progbits,1
 579      02004901 
 579      00000201 
 579      FB0E0D00 
 579      01010101 
 580              	.LASF6:
 581 0000 6C6F6E67 		.ascii	"long long int\000"
 581      206C6F6E 
 581      6720696E 
 581      7400
 582              	.LASF12:
 583 000e 75696E74 		.ascii	"uint32\000"
 583      333200
 584              	.LASF8:
 585 0015 756E7369 		.ascii	"unsigned int\000"
 585      676E6564 
 585      20696E74 
 585      00
 586              	.LASF26:
 587 0022 6D61696E 		.ascii	"main\000"
 587      00
 588              	.LASF11:
 589 0027 75696E74 		.ascii	"uint8\000"
 589      3800
 590              	.LASF24:
 591 002d 2E5C6D61 		.ascii	".\\main.c\000"
 591      696E2E63 
 591      00
 592              	.LASF7:
 593 0036 6C6F6E67 		.ascii	"long long unsigned int\000"
ARM GAS  C:\Users\Jonah\AppData\Local\Temp\cc01Jl6k.s 			page 15


 593      206C6F6E 
 593      6720756E 
 593      7369676E 
 593      65642069 
 594              	.LASF21:
 595 004d 53656E64 		.ascii	"SendEmulatedData\000"
 595      456D756C 
 595      61746564 
 595      44617461 
 595      00
 596              	.LASF3:
 597 005e 73686F72 		.ascii	"short unsigned int\000"
 597      7420756E 
 597      7369676E 
 597      65642069 
 597      6E7400
 598              	.LASF18:
 599 0071 456D756C 		.ascii	"EmulatedData\000"
 599      61746564 
 599      44617461 
 599      00
 600              	.LASF1:
 601 007e 756E7369 		.ascii	"unsigned char\000"
 601      676E6564 
 601      20636861 
 601      7200
 602              	.LASF15:
 603 008c 63686172 		.ascii	"char\000"
 603      00
 604              	.LASF4:
 605 0091 6C6F6E67 		.ascii	"long int\000"
 605      20696E74 
 605      00
 606              	.LASF23:
 607 009a 474E5520 		.ascii	"GNU C 4.9.3 20150303 (release) [ARM/embedded-4_9-br"
 607      4320342E 
 607      392E3320 
 607      32303135 
 607      30333033 
 608 00cd 616E6368 		.ascii	"anch revision 221220] -mcpu=cortex-m3 -mthumb -g -O"
 608      20726576 
 608      6973696F 
 608      6E203232 
 608      31323230 
 609 0100 30202D66 		.ascii	"0 -ffunction-sections -ffat-lto-objects\000"
 609      66756E63 
 609      74696F6E 
 609      2D736563 
 609      74696F6E 
 610              	.LASF17:
 611 0128 4F757470 		.ascii	"Output\000"
 611      757400
 612              	.LASF25:
 613 012f 453A5C44 		.ascii	"E:\\Documents\\PSoC Creator\\engr478labs\\ADC and U"
 613      6F63756D 
 613      656E7473 
 613      5C50536F 
ARM GAS  C:\Users\Jonah\AppData\Local\Temp\cc01Jl6k.s 			page 16


 613      43204372 
 614 015e 41525420 		.ascii	"ART Example.cydsn\000"
 614      4578616D 
 614      706C652E 
 614      63796473 
 614      6E00
 615              	.LASF14:
 616 0170 646F7562 		.ascii	"double\000"
 616      6C6500
 617              	.LASF5:
 618 0177 6C6F6E67 		.ascii	"long unsigned int\000"
 618      20756E73 
 618      69676E65 
 618      6420696E 
 618      7400
 619              	.LASF27:
 620 0189 49544D5F 		.ascii	"ITM_RxBuffer\000"
 620      52784275 
 620      66666572 
 620      00
 621              	.LASF0:
 622 0196 7369676E 		.ascii	"signed char\000"
 622      65642063 
 622      68617200 
 623              	.LASF9:
 624 01a2 5F5F696E 		.ascii	"__int32_t\000"
 624      7433325F 
 624      7400
 625              	.LASF19:
 626 01ac 436F6E74 		.ascii	"ContinuouslySendData\000"
 626      696E756F 
 626      75736C79 
 626      53656E64 
 626      44617461 
 627              	.LASF13:
 628 01c1 666C6F61 		.ascii	"float\000"
 628      7400
 629              	.LASF2:
 630 01c7 73686F72 		.ascii	"short int\000"
 630      7420696E 
 630      7400
 631              	.LASF10:
 632 01d1 696E7433 		.ascii	"int32_t\000"
 632      325F7400 
 633              	.LASF22:
 634 01d9 5472616E 		.ascii	"TransmitBuffer\000"
 634      736D6974 
 634      42756666 
 634      657200
 635              	.LASF16:
 636 01e8 73697A65 		.ascii	"sizetype\000"
 636      74797065 
 636      00
 637              	.LASF20:
 638 01f1 53656E64 		.ascii	"SendSingleByte\000"
 638      53696E67 
 638      6C654279 
ARM GAS  C:\Users\Jonah\AppData\Local\Temp\cc01Jl6k.s 			page 17


 638      746500
 639              		.ident	"GCC: (GNU Tools for ARM Embedded Processors) 4.9.3 20150303 (release) [ARM/embedded-4_9-br
