--------------- Build Started: 12/10/2016 18:45:47 Project: Lab3, Configuration: ARM GCC 4.9-2015-q1-update Debug ---------------
cydsfit.exe -.appdatapath "C:\Users\Jonah\AppData\Local\Cypress Semiconductor\PSoC Creator\3.3" -.fdsnotice -.fdswarpdepfile=warp_dependencies.txt -.fdselabdepfile=elab_dependencies.txt -.fdsbldfile=generated_files.txt -p "E:\Documents\PSoC Creator\engr478labs\stfu_project.cydsn\stfu_project.cyprj" -d CY8C5888LTI-LP097 -s "E:\Documents\PSoC Creator\engr478labs\stfu_project.cydsn\Generated_Source\PSoC5" -- -yv2 -q10 -ygs -o2 -v3 -.fftcfgtype=LE
Elaborating Design...
HDL Generation ...
Synthesis ...
Place and Route ...
Tech mapping ...
Analog Placement ...
Info: apr.M0002: Analog signal "\ADC_DelSig_1:Net_35\" is connected to one terminal only. (App=cydsfit)
Log: apr.M0058: The analog placement iterative improvement is 41% done. (App=cydsfit)
Log: apr.M0058: The analog placement iterative improvement is 100% done. (App=cydsfit)
Analog Routing ...
Analog Code Generation ...
Digital Placement ...
Digital Routing ...
Bitstream Generation ...
Static timing analysis ...
API Generation ...
Dependency Generation ...
Clean Temporary Files ...
arm-none-eabi-gcc.exe -mcpu=cortex-m3 -mthumb -Wno-main -I. -IGenerated_Source\PSoC5 -Wa,-alh=.\ARM_GCC_493\Debug/main.lst -g -ffunction-sections -O0 -ffat-lto-objects -c .\main.c -o .\ARM_GCC_493\Debug\main.o
arm-none-eabi-gcc.exe -mcpu=cortex-m3 -mthumb -Wno-main -I. -IGenerated_Source\PSoC5 -Wa,-alh=.\ARM_GCC_493\Debug/Speaker_PWM.lst -g -ffunction-sections -O0 -ffat-lto-objects -c .\Generated_Source\PSoC5\Speaker_PWM.c -o .\ARM_GCC_493\Debug\Speaker_PWM.o
arm-none-eabi-gcc.exe -mcpu=cortex-m3 -mthumb -Wno-main -I. -IGenerated_Source\PSoC5 -Wa,-alh=.\ARM_GCC_493\Debug/Speaker_PWM_PM.lst -g -ffunction-sections -O0 -ffat-lto-objects -c .\Generated_Source\PSoC5\Speaker_PWM_PM.c -o .\ARM_GCC_493\Debug\Speaker_PWM_PM.o
arm-none-eabi-ar.exe -rs .\ARM_GCC_493\Debug\Lab3.a .\ARM_GCC_493\Debug\cyfitter_cfg.o .\ARM_GCC_493\Debug\ADC_DelSig_1.o .\ARM_GCC_493\Debug\ADC_DelSig_1_PM.o .\ARM_GCC_493\Debug\ADC_DelSig_1_INT.o .\ARM_GCC_493\Debug\UART_1.o .\ARM_GCC_493\Debug\UART_1_PM.o .\ARM_GCC_493\Debug\UART_1_INT.o .\ARM_GCC_493\Debug\UART_1_BOOT.o .\ARM_GCC_493\Debug\ADC_DelSig_1_AMux.o .\ARM_GCC_493\Debug\ADC_DelSig_1_Ext_CP_Clk.o .\ARM_GCC_493\Debug\ADC_DelSig_1_IRQ.o .\ARM_GCC_493\Debug\ADC_DelSig_1_theACLK.o .\ARM_GCC_493\Debug\UART_1_IntClock.o .\ARM_GCC_493\Debug\CyBootAsmGnu.o .\ARM_GCC_493\Debug\CyDmac.o .\ARM_GCC_493\Debug\CyFlash.o .\ARM_GCC_493\Debug\CyLib.o .\ARM_GCC_493\Debug\cyPm.o .\ARM_GCC_493\Debug\CySpc.o .\ARM_GCC_493\Debug\cyutils.o .\ARM_GCC_493\Debug\isr_1.o .\ARM_GCC_493\Debug\WaveDAC8_1.o .\ARM_GCC_493\Debug\WaveDAC8_1_PM.o .\ARM_GCC_493\Debug\WaveDAC8_1_DacClk.o .\ARM_GCC_493\Debug\WaveDAC8_1_Wave1_DMA_dma.o .\ARM_GCC_493\Debug\WaveDAC8_1_Wave2_DMA_dma.o .\ARM_GCC_493\Debug\WaveDAC8_1_VDAC8.o .\ARM_GCC_493\Debug\WaveDAC8_1_VDAC8_PM.o .\ARM_GCC_493\Debug\Debug_LED_ctrl.o .\ARM_GCC_493\Debug\Debug_LED_ctrl_PM.o .\ARM_GCC_493\Debug\Waveform_Reg.o .\ARM_GCC_493\Debug\Waveform_Reg_PM.o .\ARM_GCC_493\Debug\LED_Out_Pin.o .\ARM_GCC_493\Debug\Servo_PWM.o .\ARM_GCC_493\Debug\Servo_PWM_PM.o .\ARM_GCC_493\Debug\Clock_1.o .\ARM_GCC_493\Debug\PWM_Pin.o .\ARM_GCC_493\Debug\DMA_1_dma.o .\ARM_GCC_493\Debug\dma_interrupt.o .\ARM_GCC_493\Debug\Speaker_PWM.o .\ARM_GCC_493\Debug\Speaker_PWM_PM.o .\ARM_GCC_493\Debug\Speaker_Pin.o .\ARM_GCC_493\Debug\Clock_2.o
arm-none-eabi-ar.exe: creating .\ARM_GCC_493\Debug\Lab3.a
arm-none-eabi-gcc.exe -Wl,--start-group -o .\ARM_GCC_493\Debug\Lab3.elf .\ARM_GCC_493\Debug\main.o .\ARM_GCC_493\Debug\cymetadata.o .\ARM_GCC_493\Debug\Cm3Start.o .\ARM_GCC_493\Debug\Lab3.a "C:\Program Files (x86)\Cypress\PSoC Creator\3.3\PSoC Creator\psoc\content\cycomponentlibrary\CyComponentLibrary.cylib\CortexM3\ARM_GCC_493\Debug\CyComponentLibrary.a" -mcpu=cortex-m3 -mthumb -g -ffunction-sections -O0 -ffat-lto-objects -L Generated_Source\PSoC5 -Wl,-Map,.\ARM_GCC_493\Debug/Lab3.map -T Generated_Source\PSoC5\cm3gcc.ld -specs=nano.specs -Wl,--gc-sections -Wl,--end-group
cyelftool.exe -C "E:\Documents\PSoC Creator\engr478labs\stfu_project.cydsn\ARM_GCC_493\Debug\Lab3.elf" --flash_row_size 256 --flash_size 262144
cyelftool.exe -S "E:\Documents\PSoC Creator\engr478labs\stfu_project.cydsn\ARM_GCC_493\Debug\Lab3.elf"
Flash used: 14848 of 262144 bytes (5.7 %).
SRAM used: 6813 of 65536 bytes (10.4 %). Stack: 2048 bytes. Heap: 128 bytes.
--------------- Build Succeeded: 12/10/2016 18:45:58 ---------------
