ARM GAS  C:\Users\Jonah\AppData\Local\Temp\cc2nMJym.s 			page 1


   1              		.syntax unified
   2              		.cpu cortex-m3
   3              		.fpu softvfp
   4              		.eabi_attribute 20, 1
   5              		.eabi_attribute 21, 1
   6              		.eabi_attribute 23, 3
   7              		.eabi_attribute 24, 1
   8              		.eabi_attribute 25, 1
   9              		.eabi_attribute 26, 1
  10              		.eabi_attribute 30, 6
  11              		.eabi_attribute 34, 1
  12              		.eabi_attribute 18, 4
  13              		.thumb
  14              		.file	"cymetadata.c"
  15              		.text
  16              	.Ltext0:
  17              		.cfi_sections	.debug_frame
  18              		.global	cy_meta_configecc
  19              		.section	.cyconfigecc,"a",%progbits
  20              		.align	2
  21              		.type	cy_meta_configecc, %object
  22              		.size	cy_meta_configecc, 1528
  23              	cy_meta_configecc:
  24 0000 04       		.byte	4
  25 0001 52       		.byte	82
  26 0002 00       		.byte	0
  27 0003 40       		.byte	64
  28 0004 01       		.byte	1
  29 0005 5A       		.byte	90
  30 0006 00       		.byte	0
  31 0007 40       		.byte	64
  32 0008 03       		.byte	3
  33 0009 64       		.byte	100
  34 000a 00       		.byte	0
  35 000b 40       		.byte	64
  36 000c 02       		.byte	2
  37 000d 65       		.byte	101
  38 000e 00       		.byte	0
  39 000f 40       		.byte	64
  40 0010 04       		.byte	4
  41 0011 04       		.byte	4
  42 0012 01       		.byte	1
  43 0013 40       		.byte	64
  44 0014 02       		.byte	2
  45 0015 05       		.byte	5
  46 0016 01       		.byte	1
  47 0017 40       		.byte	64
  48 0018 01       		.byte	1
  49 0019 07       		.byte	7
  50 001a 01       		.byte	1
  51 001b 40       		.byte	64
  52 001c 55       		.byte	85
  53 001d 08       		.byte	8
  54 001e 01       		.byte	1
  55 001f 40       		.byte	64
  56 0020 40       		.byte	64
  57 0021 09       		.byte	9
ARM GAS  C:\Users\Jonah\AppData\Local\Temp\cc2nMJym.s 			page 2


  58 0022 01       		.byte	1
  59 0023 40       		.byte	64
  60 0024 63       		.byte	99
  61 0025 0A       		.byte	10
  62 0026 01       		.byte	1
  63 0027 40       		.byte	64
  64 0028 3A       		.byte	58
  65 0029 0B       		.byte	11
  66 002a 01       		.byte	1
  67 002b 40       		.byte	64
  68 002c 01       		.byte	1
  69 002d 15       		.byte	21
  70 002e 01       		.byte	1
  71 002f 40       		.byte	64
  72 0030 03       		.byte	3
  73 0031 17       		.byte	23
  74 0032 01       		.byte	1
  75 0033 40       		.byte	64
  76 0034 51       		.byte	81
  77 0035 18       		.byte	24
  78 0036 01       		.byte	1
  79 0037 40       		.byte	64
  80 0038 3B       		.byte	59
  81 0039 19       		.byte	25
  82 003a 01       		.byte	1
  83 003b 40       		.byte	64
  84 003c 05       		.byte	5
  85 003d 1A       		.byte	26
  86 003e 01       		.byte	1
  87 003f 40       		.byte	64
  88 0040 3D       		.byte	61
  89 0041 1B       		.byte	27
  90 0042 01       		.byte	1
  91 0043 40       		.byte	64
  92 0044 07       		.byte	7
  93 0045 40       		.byte	64
  94 0046 01       		.byte	1
  95 0047 40       		.byte	64
  96 0048 07       		.byte	7
  97 0049 41       		.byte	65
  98 004a 01       		.byte	1
  99 004b 40       		.byte	64
 100 004c 06       		.byte	6
 101 004d 42       		.byte	66
 102 004e 01       		.byte	1
 103 004f 40       		.byte	64
 104 0050 05       		.byte	5
 105 0051 43       		.byte	67
 106 0052 01       		.byte	1
 107 0053 40       		.byte	64
 108 0054 02       		.byte	2
 109 0055 44       		.byte	68
 110 0056 01       		.byte	1
 111 0057 40       		.byte	64
 112 0058 03       		.byte	3
 113 0059 45       		.byte	69
 114 005a 01       		.byte	1
ARM GAS  C:\Users\Jonah\AppData\Local\Temp\cc2nMJym.s 			page 3


 115 005b 40       		.byte	64
 116 005c 09       		.byte	9
 117 005d 46       		.byte	70
 118 005e 01       		.byte	1
 119 005f 40       		.byte	64
 120 0060 06       		.byte	6
 121 0061 47       		.byte	71
 122 0062 01       		.byte	1
 123 0063 40       		.byte	64
 124 0064 0D       		.byte	13
 125 0065 48       		.byte	72
 126 0066 01       		.byte	1
 127 0067 40       		.byte	64
 128 0068 05       		.byte	5
 129 0069 49       		.byte	73
 130 006a 01       		.byte	1
 131 006b 40       		.byte	64
 132 006c 09       		.byte	9
 133 006d 4C       		.byte	76
 134 006e 01       		.byte	1
 135 006f 40       		.byte	64
 136 0070 09       		.byte	9
 137 0071 4D       		.byte	77
 138 0072 01       		.byte	1
 139 0073 40       		.byte	64
 140 0074 04       		.byte	4
 141 0075 50       		.byte	80
 142 0076 01       		.byte	1
 143 0077 40       		.byte	64
 144 0078 02       		.byte	2
 145 0079 51       		.byte	81
 146 007a 01       		.byte	1
 147 007b 40       		.byte	64
 148 007c 09       		.byte	9
 149 007d 40       		.byte	64
 150 007e 10       		.byte	16
 151 007f 02       		.byte	2
 152 0080 61       		.byte	97
 153 0081 80       		.byte	-128
 154 0082 64       		.byte	100
 155 0083 40       		.byte	64
 156 0084 97       		.byte	-105
 157 0085 01       		.byte	1
 158 0086 88       		.byte	-120
 159 0087 0F       		.byte	15
 160 0088 89       		.byte	-119
 161 0089 0D       		.byte	13
 162 008a 8B       		.byte	-117
 163 008b 0D       		.byte	13
 164 008c 88       		.byte	-120
 165 008d 38       		.byte	56
 166 008e 8B       		.byte	-117
 167 008f 72       		.byte	114
 168 0090 B9       		.byte	-71
 169 0091 80       		.byte	-128
 170 0092 BF       		.byte	-65
 171 0093 40       		.byte	64
ARM GAS  C:\Users\Jonah\AppData\Local\Temp\cc2nMJym.s 			page 4


 172 0094 D9       		.byte	-39
 173 0095 04       		.byte	4
 174 0096 DF       		.byte	-33
 175 0097 01       		.byte	1
 176 0098 24       		.byte	36
 177 0099 01       		.byte	1
 178 009a E0       		.byte	-32
 179 009b 02       		.byte	2
 180 009c B4       		.byte	-76
 181 009d 01       		.byte	1
 182 009e 02       		.byte	2
 183 009f 20       		.byte	32
 184 00a0 04       		.byte	4
 185 00a1 1C       		.byte	28
 186 00a2 06       		.byte	6
 187 00a3 02       		.byte	2
 188 00a4 07       		.byte	7
 189 00a5 01       		.byte	1
 190 00a6 08       		.byte	8
 191 00a7 10       		.byte	16
 192 00a8 09       		.byte	9
 193 00a9 02       		.byte	2
 194 00aa 0A       		.byte	10
 195 00ab 0C       		.byte	12
 196 00ac 0C       		.byte	12
 197 00ad 09       		.byte	9
 198 00ae 0E       		.byte	14
 199 00af 10       		.byte	16
 200 00b0 14       		.byte	20
 201 00b1 0C       		.byte	12
 202 00b2 16       		.byte	22
 203 00b3 11       		.byte	17
 204 00b4 19       		.byte	25
 205 00b5 01       		.byte	1
 206 00b6 1A       		.byte	26
 207 00b7 20       		.byte	32
 208 00b8 1E       		.byte	30
 209 00b9 03       		.byte	3
 210 00ba 20       		.byte	32
 211 00bb 14       		.byte	20
 212 00bc 24       		.byte	36
 213 00bd 40       		.byte	64
 214 00be 28       		.byte	40
 215 00bf 10       		.byte	16
 216 00c0 29       		.byte	41
 217 00c1 01       		.byte	1
 218 00c2 31       		.byte	49
 219 00c3 03       		.byte	3
 220 00c4 32       		.byte	50
 221 00c5 20       		.byte	32
 222 00c6 34       		.byte	52
 223 00c7 40       		.byte	64
 224 00c8 36       		.byte	54
 225 00c9 1F       		.byte	31
 226 00ca 39       		.byte	57
 227 00cb 02       		.byte	2
 228 00cc 3E       		.byte	62
ARM GAS  C:\Users\Jonah\AppData\Local\Temp\cc2nMJym.s 			page 5


 229 00cd 14       		.byte	20
 230 00ce 40       		.byte	64
 231 00cf 26       		.byte	38
 232 00d0 41       		.byte	65
 233 00d1 03       		.byte	3
 234 00d2 45       		.byte	69
 235 00d3 0E       		.byte	14
 236 00d4 46       		.byte	70
 237 00d5 CB       		.byte	-53
 238 00d6 48       		.byte	72
 239 00d7 0D       		.byte	13
 240 00d8 49       		.byte	73
 241 00d9 FF       		.byte	-1
 242 00da 4A       		.byte	74
 243 00db FF       		.byte	-1
 244 00dc 4B       		.byte	75
 245 00dd FF       		.byte	-1
 246 00de 4E       		.byte	78
 247 00df F0       		.byte	-16
 248 00e0 4F       		.byte	79
 249 00e1 44       		.byte	68
 250 00e2 50       		.byte	80
 251 00e3 0C       		.byte	12
 252 00e4 54       		.byte	84
 253 00e5 01       		.byte	1
 254 00e6 58       		.byte	88
 255 00e7 04       		.byte	4
 256 00e8 59       		.byte	89
 257 00e9 04       		.byte	4
 258 00ea 5A       		.byte	90
 259 00eb 04       		.byte	4
 260 00ec 5B       		.byte	91
 261 00ed 04       		.byte	4
 262 00ee 5C       		.byte	92
 263 00ef 22       		.byte	34
 264 00f0 5D       		.byte	93
 265 00f1 22       		.byte	34
 266 00f2 5F       		.byte	95
 267 00f3 01       		.byte	1
 268 00f4 66       		.byte	102
 269 00f5 C0       		.byte	-64
 270 00f6 6A       		.byte	106
 271 00f7 40       		.byte	64
 272 00f8 6B       		.byte	107
 273 00f9 02       		.byte	2
 274 00fa 85       		.byte	-123
 275 00fb 04       		.byte	4
 276 00fc 8A       		.byte	-118
 277 00fd 02       		.byte	2
 278 00fe 8B       		.byte	-117
 279 00ff 02       		.byte	2
 280 0100 91       		.byte	-111
 281 0101 01       		.byte	1
 282 0102 95       		.byte	-107
 283 0103 06       		.byte	6
 284 0104 99       		.byte	-103
 285 0105 06       		.byte	6
ARM GAS  C:\Users\Jonah\AppData\Local\Temp\cc2nMJym.s 			page 6


 286 0106 A6       		.byte	-90
 287 0107 01       		.byte	1
 288 0108 AA       		.byte	-86
 289 0109 02       		.byte	2
 290 010a AB       		.byte	-85
 291 010b 01       		.byte	1
 292 010c B0       		.byte	-80
 293 010d 01       		.byte	1
 294 010e B1       		.byte	-79
 295 010f 01       		.byte	1
 296 0110 B3       		.byte	-77
 297 0111 06       		.byte	6
 298 0112 B4       		.byte	-76
 299 0113 02       		.byte	2
 300 0114 B9       		.byte	-71
 301 0115 08       		.byte	8
 302 0116 BE       		.byte	-66
 303 0117 10       		.byte	16
 304 0118 BF       		.byte	-65
 305 0119 04       		.byte	4
 306 011a C0       		.byte	-64
 307 011b 03       		.byte	3
 308 011c C6       		.byte	-58
 309 011d 04       		.byte	4
 310 011e C9       		.byte	-55
 311 011f FF       		.byte	-1
 312 0120 CA       		.byte	-54
 313 0121 07       		.byte	7
 314 0122 CB       		.byte	-53
 315 0123 FF       		.byte	-1
 316 0124 CC       		.byte	-52
 317 0125 40       		.byte	64
 318 0126 CD       		.byte	-51
 319 0127 20       		.byte	32
 320 0128 CE       		.byte	-50
 321 0129 F0       		.byte	-16
 322 012a CF       		.byte	-49
 323 012b 05       		.byte	5
 324 012c D0       		.byte	-48
 325 012d 08       		.byte	8
 326 012e D2       		.byte	-46
 327 012f 80       		.byte	-128
 328 0130 D4       		.byte	-44
 329 0131 05       		.byte	5
 330 0132 D8       		.byte	-40
 331 0133 04       		.byte	4
 332 0134 D9       		.byte	-39
 333 0135 04       		.byte	4
 334 0136 DA       		.byte	-38
 335 0137 04       		.byte	4
 336 0138 DB       		.byte	-37
 337 0139 04       		.byte	4
 338 013a DC       		.byte	-36
 339 013b 44       		.byte	68
 340 013c DD       		.byte	-35
 341 013d 42       		.byte	66
 342 013e DF       		.byte	-33
ARM GAS  C:\Users\Jonah\AppData\Local\Temp\cc2nMJym.s 			page 7


 343 013f 01       		.byte	1
 344 0140 E0       		.byte	-32
 345 0141 40       		.byte	64
 346 0142 E1       		.byte	-31
 347 0143 A8       		.byte	-88
 348 0144 E2       		.byte	-30
 349 0145 40       		.byte	64
 350 0146 E3       		.byte	-29
 351 0147 20       		.byte	32
 352 0148 01       		.byte	1
 353 0149 20       		.byte	32
 354 014a 04       		.byte	4
 355 014b 84       		.byte	-124
 356 014c 05       		.byte	5
 357 014d 10       		.byte	16
 358 014e 07       		.byte	7
 359 014f 40       		.byte	64
 360 0150 0C       		.byte	12
 361 0151 20       		.byte	32
 362 0152 0D       		.byte	13
 363 0153 08       		.byte	8
 364 0154 0E       		.byte	14
 365 0155 01       		.byte	1
 366 0156 12       		.byte	18
 367 0157 14       		.byte	20
 368 0158 14       		.byte	20
 369 0159 04       		.byte	4
 370 015a 15       		.byte	21
 371 015b 04       		.byte	4
 372 015c 16       		.byte	22
 373 015d 40       		.byte	64
 374 015e 1A       		.byte	26
 375 015f 04       		.byte	4
 376 0160 1B       		.byte	27
 377 0161 02       		.byte	2
 378 0162 1C       		.byte	28
 379 0163 20       		.byte	32
 380 0164 1E       		.byte	30
 381 0165 09       		.byte	9
 382 0166 20       		.byte	32
 383 0167 10       		.byte	16
 384 0168 23       		.byte	35
 385 0169 80       		.byte	-128
 386 016a 24       		.byte	36
 387 016b 80       		.byte	-128
 388 016c 2A       		.byte	42
 389 016d 10       		.byte	16
 390 016e 2F       		.byte	47
 391 016f 08       		.byte	8
 392 0170 31       		.byte	49
 393 0171 18       		.byte	24
 394 0172 33       		.byte	51
 395 0173 12       		.byte	18
 396 0174 35       		.byte	53
 397 0175 10       		.byte	16
 398 0176 38       		.byte	56
 399 0177 24       		.byte	36
ARM GAS  C:\Users\Jonah\AppData\Local\Temp\cc2nMJym.s 			page 8


 400 0178 3B       		.byte	59
 401 0179 10       		.byte	16
 402 017a 3C       		.byte	60
 403 017b 04       		.byte	4
 404 017c 3F       		.byte	63
 405 017d 10       		.byte	16
 406 017e 40       		.byte	64
 407 017f 10       		.byte	16
 408 0180 45       		.byte	69
 409 0181 08       		.byte	8
 410 0182 47       		.byte	71
 411 0183 10       		.byte	16
 412 0184 4D       		.byte	77
 413 0185 04       		.byte	4
 414 0186 4F       		.byte	79
 415 0187 10       		.byte	16
 416 0188 50       		.byte	80
 417 0189 90       		.byte	-112
 418 018a 56       		.byte	86
 419 018b 40       		.byte	64
 420 018c 57       		.byte	87
 421 018d 20       		.byte	32
 422 018e 59       		.byte	89
 423 018f 01       		.byte	1
 424 0190 5A       		.byte	90
 425 0191 04       		.byte	4
 426 0192 5B       		.byte	91
 427 0193 80       		.byte	-128
 428 0194 5C       		.byte	92
 429 0195 42       		.byte	66
 430 0196 5E       		.byte	94
 431 0197 28       		.byte	40
 432 0198 73       		.byte	115
 433 0199 40       		.byte	64
 434 019a 88       		.byte	-120
 435 019b 10       		.byte	16
 436 019c 89       		.byte	-119
 437 019d 80       		.byte	-128
 438 019e 90       		.byte	-112
 439 019f 44       		.byte	68
 440 01a0 94       		.byte	-108
 441 01a1 80       		.byte	-128
 442 01a2 97       		.byte	-105
 443 01a3 10       		.byte	16
 444 01a4 99       		.byte	-103
 445 01a5 10       		.byte	16
 446 01a6 A1       		.byte	-95
 447 01a7 08       		.byte	8
 448 01a8 A2       		.byte	-94
 449 01a9 10       		.byte	16
 450 01aa A3       		.byte	-93
 451 01ab 08       		.byte	8
 452 01ac A4       		.byte	-92
 453 01ad 80       		.byte	-128
 454 01ae A7       		.byte	-89
 455 01af 20       		.byte	32
 456 01b0 B1       		.byte	-79
ARM GAS  C:\Users\Jonah\AppData\Local\Temp\cc2nMJym.s 			page 9


 457 01b1 22       		.byte	34
 458 01b2 B2       		.byte	-78
 459 01b3 04       		.byte	4
 460 01b4 C0       		.byte	-64
 461 01b5 F2       		.byte	-14
 462 01b6 C2       		.byte	-62
 463 01b7 E0       		.byte	-32
 464 01b8 C4       		.byte	-60
 465 01b9 76       		.byte	118
 466 01ba CA       		.byte	-54
 467 01bb 24       		.byte	36
 468 01bc CC       		.byte	-52
 469 01bd 27       		.byte	39
 470 01be CE       		.byte	-50
 471 01bf 66       		.byte	102
 472 01c0 D0       		.byte	-48
 473 01c1 62       		.byte	98
 474 01c2 D2       		.byte	-46
 475 01c3 20       		.byte	32
 476 01c4 D6       		.byte	-42
 477 01c5 FB       		.byte	-5
 478 01c6 EC       		.byte	-20
 479 01c7 10       		.byte	16
 480 01c8 0A       		.byte	10
 481 01c9 02       		.byte	2
 482 01ca 0B       		.byte	11
 483 01cb 03       		.byte	3
 484 01cc 0F       		.byte	15
 485 01cd 0C       		.byte	12
 486 01ce 12       		.byte	18
 487 01cf 01       		.byte	1
 488 01d0 15       		.byte	21
 489 01d1 01       		.byte	1
 490 01d2 17       		.byte	23
 491 01d3 0E       		.byte	14
 492 01d4 19       		.byte	25
 493 01d5 0C       		.byte	12
 494 01d6 1B       		.byte	27
 495 01d7 03       		.byte	3
 496 01d8 1F       		.byte	31
 497 01d9 08       		.byte	8
 498 01da 26       		.byte	38
 499 01db 02       		.byte	2
 500 01dc 29       		.byte	41
 501 01dd 01       		.byte	1
 502 01de 2B       		.byte	43
 503 01df 06       		.byte	6
 504 01e0 32       		.byte	50
 505 01e1 01       		.byte	1
 506 01e2 34       		.byte	52
 507 01e3 02       		.byte	2
 508 01e4 35       		.byte	53
 509 01e5 0F       		.byte	15
 510 01e6 3B       		.byte	59
 511 01e7 20       		.byte	32
 512 01e8 40       		.byte	64
 513 01e9 30       		.byte	48
ARM GAS  C:\Users\Jonah\AppData\Local\Temp\cc2nMJym.s 			page 10


 514 01ea 41       		.byte	65
 515 01eb 02       		.byte	2
 516 01ec 49       		.byte	73
 517 01ed FF       		.byte	-1
 518 01ee 4A       		.byte	74
 519 01ef FF       		.byte	-1
 520 01f0 4B       		.byte	75
 521 01f1 FF       		.byte	-1
 522 01f2 4D       		.byte	77
 523 01f3 A0       		.byte	-96
 524 01f4 4F       		.byte	79
 525 01f5 04       		.byte	4
 526 01f6 50       		.byte	80
 527 01f7 18       		.byte	24
 528 01f8 52       		.byte	82
 529 01f9 80       		.byte	-128
 530 01fa 58       		.byte	88
 531 01fb 04       		.byte	4
 532 01fc 59       		.byte	89
 533 01fd 04       		.byte	4
 534 01fe 5A       		.byte	90
 535 01ff 04       		.byte	4
 536 0200 5B       		.byte	91
 537 0201 04       		.byte	4
 538 0202 5C       		.byte	92
 539 0203 21       		.byte	33
 540 0204 5D       		.byte	93
 541 0205 11       		.byte	17
 542 0206 5F       		.byte	95
 543 0207 01       		.byte	1
 544 0208 60       		.byte	96
 545 0209 40       		.byte	64
 546 020a 62       		.byte	98
 547 020b C0       		.byte	-64
 548 020c 64       		.byte	100
 549 020d 40       		.byte	64
 550 020e 65       		.byte	101
 551 020f 40       		.byte	64
 552 0210 66       		.byte	102
 553 0211 C0       		.byte	-64
 554 0212 68       		.byte	104
 555 0213 C0       		.byte	-64
 556 0214 6A       		.byte	106
 557 0215 C0       		.byte	-64
 558 0216 6C       		.byte	108
 559 0217 C0       		.byte	-64
 560 0218 6E       		.byte	110
 561 0219 C0       		.byte	-64
 562 021a 80       		.byte	-128
 563 021b 30       		.byte	48
 564 021c 82       		.byte	-126
 565 021d 45       		.byte	69
 566 021e 84       		.byte	-124
 567 021f 26       		.byte	38
 568 0220 86       		.byte	-122
 569 0221 41       		.byte	65
 570 0222 87       		.byte	-121
ARM GAS  C:\Users\Jonah\AppData\Local\Temp\cc2nMJym.s 			page 11


 571 0223 05       		.byte	5
 572 0224 8A       		.byte	-118
 573 0225 08       		.byte	8
 574 0226 8B       		.byte	-117
 575 0227 02       		.byte	2
 576 0228 8E       		.byte	-114
 577 0229 06       		.byte	6
 578 022a 91       		.byte	-111
 579 022b 02       		.byte	2
 580 022c 94       		.byte	-108
 581 022d 30       		.byte	48
 582 022e 95       		.byte	-107
 583 022f 01       		.byte	1
 584 0230 96       		.byte	-106
 585 0231 40       		.byte	64
 586 0232 9A       		.byte	-102
 587 0233 08       		.byte	8
 588 0234 9B       		.byte	-101
 589 0235 02       		.byte	2
 590 0236 9E       		.byte	-98
 591 0237 02       		.byte	2
 592 0238 A6       		.byte	-90
 593 0239 51       		.byte	81
 594 023a A7       		.byte	-89
 595 023b 02       		.byte	2
 596 023c A8       		.byte	-88
 597 023d 30       		.byte	48
 598 023e A9       		.byte	-87
 599 023f 02       		.byte	2
 600 0240 AA       		.byte	-86
 601 0241 43       		.byte	67
 602 0242 B0       		.byte	-80
 603 0243 08       		.byte	8
 604 0244 B1       		.byte	-79
 605 0245 02       		.byte	2
 606 0246 B2       		.byte	-78
 607 0247 07       		.byte	7
 608 0248 B4       		.byte	-76
 609 0249 74       		.byte	116
 610 024a B5       		.byte	-75
 611 024b 04       		.byte	4
 612 024c B7       		.byte	-73
 613 024d 01       		.byte	1
 614 024e BA       		.byte	-70
 615 024f 28       		.byte	40
 616 0250 BE       		.byte	-66
 617 0251 01       		.byte	1
 618 0252 BF       		.byte	-65
 619 0253 01       		.byte	1
 620 0254 C0       		.byte	-64
 621 0255 30       		.byte	48
 622 0256 C1       		.byte	-63
 623 0257 02       		.byte	2
 624 0258 C5       		.byte	-59
 625 0259 D1       		.byte	-47
 626 025a C6       		.byte	-58
 627 025b 20       		.byte	32
ARM GAS  C:\Users\Jonah\AppData\Local\Temp\cc2nMJym.s 			page 12


 628 025c C8       		.byte	-56
 629 025d 0B       		.byte	11
 630 025e C9       		.byte	-55
 631 025f FF       		.byte	-1
 632 0260 CA       		.byte	-54
 633 0261 FF       		.byte	-1
 634 0262 CB       		.byte	-53
 635 0263 FF       		.byte	-1
 636 0264 CD       		.byte	-51
 637 0265 AF       		.byte	-81
 638 0266 CE       		.byte	-50
 639 0267 0F       		.byte	15
 640 0268 CF       		.byte	-49
 641 0269 04       		.byte	4
 642 026a D0       		.byte	-48
 643 026b 18       		.byte	24
 644 026c D4       		.byte	-44
 645 026d 05       		.byte	5
 646 026e D8       		.byte	-40
 647 026f 04       		.byte	4
 648 0270 D9       		.byte	-39
 649 0271 04       		.byte	4
 650 0272 DA       		.byte	-38
 651 0273 04       		.byte	4
 652 0274 DB       		.byte	-37
 653 0275 04       		.byte	4
 654 0276 DC       		.byte	-36
 655 0277 12       		.byte	18
 656 0278 DD       		.byte	-35
 657 0279 11       		.byte	17
 658 027a DF       		.byte	-33
 659 027b 01       		.byte	1
 660 027c E0       		.byte	-32
 661 027d 40       		.byte	64
 662 027e E2       		.byte	-30
 663 027f C0       		.byte	-64
 664 0280 E4       		.byte	-28
 665 0281 40       		.byte	64
 666 0282 E5       		.byte	-27
 667 0283 40       		.byte	64
 668 0284 E6       		.byte	-26
 669 0285 C0       		.byte	-64
 670 0286 E8       		.byte	-24
 671 0287 C0       		.byte	-64
 672 0288 EA       		.byte	-22
 673 0289 C0       		.byte	-64
 674 028a EC       		.byte	-20
 675 028b C0       		.byte	-64
 676 028c EE       		.byte	-18
 677 028d C0       		.byte	-64
 678 028e 00       		.byte	0
 679 028f 10       		.byte	16
 680 0290 04       		.byte	4
 681 0291 94       		.byte	-108
 682 0292 05       		.byte	5
 683 0293 02       		.byte	2
 684 0294 0A       		.byte	10
ARM GAS  C:\Users\Jonah\AppData\Local\Temp\cc2nMJym.s 			page 13


 685 0295 40       		.byte	64
 686 0296 0C       		.byte	12
 687 0297 80       		.byte	-128
 688 0298 0D       		.byte	13
 689 0299 20       		.byte	32
 690 029a 0E       		.byte	14
 691 029b 20       		.byte	32
 692 029c 10       		.byte	16
 693 029d 20       		.byte	32
 694 029e 15       		.byte	21
 695 029f 10       		.byte	16
 696 02a0 16       		.byte	22
 697 02a1 20       		.byte	32
 698 02a2 18       		.byte	24
 699 02a3 10       		.byte	16
 700 02a4 19       		.byte	25
 701 02a5 20       		.byte	32
 702 02a6 1D       		.byte	29
 703 02a7 1A       		.byte	26
 704 02a8 1F       		.byte	31
 705 02a9 08       		.byte	8
 706 02aa 20       		.byte	32
 707 02ab 04       		.byte	4
 708 02ac 22       		.byte	34
 709 02ad 20       		.byte	32
 710 02ae 24       		.byte	36
 711 02af 40       		.byte	64
 712 02b0 26       		.byte	38
 713 02b1 80       		.byte	-128
 714 02b2 27       		.byte	39
 715 02b3 08       		.byte	8
 716 02b4 29       		.byte	41
 717 02b5 10       		.byte	16
 718 02b6 2D       		.byte	45
 719 02b7 10       		.byte	16
 720 02b8 2F       		.byte	47
 721 02b9 28       		.byte	40
 722 02ba 30       		.byte	48
 723 02bb 80       		.byte	-128
 724 02bc 31       		.byte	49
 725 02bd 08       		.byte	8
 726 02be 32       		.byte	50
 727 02bf 20       		.byte	32
 728 02c0 35       		.byte	53
 729 02c1 82       		.byte	-126
 730 02c2 36       		.byte	54
 731 02c3 A0       		.byte	-96
 732 02c4 37       		.byte	55
 733 02c5 08       		.byte	8
 734 02c6 38       		.byte	56
 735 02c7 80       		.byte	-128
 736 02c8 3B       		.byte	59
 737 02c9 10       		.byte	16
 738 02ca 3E       		.byte	62
 739 02cb 20       		.byte	32
 740 02cc 3F       		.byte	63
 741 02cd 18       		.byte	24
ARM GAS  C:\Users\Jonah\AppData\Local\Temp\cc2nMJym.s 			page 14


 742 02ce 40       		.byte	64
 743 02cf 10       		.byte	16
 744 02d0 41       		.byte	65
 745 02d1 20       		.byte	32
 746 02d2 43       		.byte	67
 747 02d3 04       		.byte	4
 748 02d4 45       		.byte	69
 749 02d5 20       		.byte	32
 750 02d6 47       		.byte	71
 751 02d7 04       		.byte	4
 752 02d8 4C       		.byte	76
 753 02d9 20       		.byte	32
 754 02da 4D       		.byte	77
 755 02db 01       		.byte	1
 756 02dc 4F       		.byte	79
 757 02dd 08       		.byte	8
 758 02de 55       		.byte	85
 759 02df 20       		.byte	32
 760 02e0 5D       		.byte	93
 761 02e1 81       		.byte	-127
 762 02e2 5E       		.byte	94
 763 02e3 04       		.byte	4
 764 02e4 6D       		.byte	109
 765 02e5 80       		.byte	-128
 766 02e6 72       		.byte	114
 767 02e7 40       		.byte	64
 768 02e8 7A       		.byte	122
 769 02e9 10       		.byte	16
 770 02ea 7B       		.byte	123
 771 02eb 20       		.byte	32
 772 02ec 89       		.byte	-119
 773 02ed 40       		.byte	64
 774 02ee 8D       		.byte	-115
 775 02ef 12       		.byte	18
 776 02f0 C0       		.byte	-64
 777 02f1 F2       		.byte	-14
 778 02f2 C2       		.byte	-62
 779 02f3 E8       		.byte	-24
 780 02f4 C4       		.byte	-60
 781 02f5 64       		.byte	100
 782 02f6 CA       		.byte	-54
 783 02f7 64       		.byte	100
 784 02f8 CC       		.byte	-52
 785 02f9 EE       		.byte	-18
 786 02fa CE       		.byte	-50
 787 02fb 6C       		.byte	108
 788 02fc D0       		.byte	-48
 789 02fd 66       		.byte	102
 790 02fe D6       		.byte	-42
 791 02ff D0       		.byte	-48
 792 0300 E0       		.byte	-32
 793 0301 02       		.byte	2
 794 0302 EE       		.byte	-18
 795 0303 04       		.byte	4
 796 0304 E0       		.byte	-32
 797 0305 20       		.byte	32
 798 0306 E2       		.byte	-30
ARM GAS  C:\Users\Jonah\AppData\Local\Temp\cc2nMJym.s 			page 15


 799 0307 08       		.byte	8
 800 0308 E6       		.byte	-26
 801 0309 0C       		.byte	12
 802 030a 04       		.byte	4
 803 030b 01       		.byte	1
 804 030c 05       		.byte	5
 805 030d 20       		.byte	32
 806 030e 08       		.byte	8
 807 030f 01       		.byte	1
 808 0310 09       		.byte	9
 809 0311 14       		.byte	20
 810 0312 0B       		.byte	11
 811 0313 09       		.byte	9
 812 0314 0D       		.byte	13
 813 0315 20       		.byte	32
 814 0316 11       		.byte	17
 815 0317 01       		.byte	1
 816 0318 12       		.byte	18
 817 0319 02       		.byte	2
 818 031a 13       		.byte	19
 819 031b 06       		.byte	6
 820 031c 14       		.byte	20
 821 031d 02       		.byte	2
 822 031e 15       		.byte	21
 823 031f 20       		.byte	32
 824 0320 19       		.byte	25
 825 0321 20       		.byte	32
 826 0322 1A       		.byte	26
 827 0323 04       		.byte	4
 828 0324 1E       		.byte	30
 829 0325 04       		.byte	4
 830 0326 20       		.byte	32
 831 0327 01       		.byte	1
 832 0328 24       		.byte	36
 833 0329 02       		.byte	2
 834 032a 25       		.byte	37
 835 032b 1F       		.byte	31
 836 032c 29       		.byte	41
 837 032d 1F       		.byte	31
 838 032e 2A       		.byte	42
 839 032f 02       		.byte	2
 840 0330 2D       		.byte	45
 841 0331 0A       		.byte	10
 842 0332 2F       		.byte	47
 843 0333 11       		.byte	17
 844 0334 30       		.byte	48
 845 0335 01       		.byte	1
 846 0336 31       		.byte	49
 847 0337 07       		.byte	7
 848 0338 32       		.byte	50
 849 0339 04       		.byte	4
 850 033a 33       		.byte	51
 851 033b 20       		.byte	32
 852 033c 35       		.byte	53
 853 033d 18       		.byte	24
 854 033e 36       		.byte	54
 855 033f 02       		.byte	2
ARM GAS  C:\Users\Jonah\AppData\Local\Temp\cc2nMJym.s 			page 16


 856 0340 38       		.byte	56
 857 0341 80       		.byte	-128
 858 0342 3E       		.byte	62
 859 0343 04       		.byte	4
 860 0344 3F       		.byte	63
 861 0345 04       		.byte	4
 862 0346 54       		.byte	84
 863 0347 18       		.byte	24
 864 0348 56       		.byte	86
 865 0349 04       		.byte	4
 866 034a 58       		.byte	88
 867 034b 04       		.byte	4
 868 034c 59       		.byte	89
 869 034d 04       		.byte	4
 870 034e 5B       		.byte	91
 871 034f 04       		.byte	4
 872 0350 5C       		.byte	92
 873 0351 22       		.byte	34
 874 0352 5D       		.byte	93
 875 0353 20       		.byte	32
 876 0354 5F       		.byte	95
 877 0355 01       		.byte	1
 878 0356 83       		.byte	-125
 879 0357 02       		.byte	2
 880 0358 86       		.byte	-122
 881 0359 02       		.byte	2
 882 035a 87       		.byte	-121
 883 035b 02       		.byte	2
 884 035c 8A       		.byte	-118
 885 035d 04       		.byte	4
 886 035e 8C       		.byte	-116
 887 035f 02       		.byte	2
 888 0360 8F       		.byte	-113
 889 0361 01       		.byte	1
 890 0362 92       		.byte	-110
 891 0363 01       		.byte	1
 892 0364 A6       		.byte	-90
 893 0365 04       		.byte	4
 894 0366 B0       		.byte	-80
 895 0367 04       		.byte	4
 896 0368 B1       		.byte	-79
 897 0369 01       		.byte	1
 898 036a B2       		.byte	-78
 899 036b 02       		.byte	2
 900 036c B4       		.byte	-76
 901 036d 01       		.byte	1
 902 036e B7       		.byte	-73
 903 036f 02       		.byte	2
 904 0370 BE       		.byte	-66
 905 0371 04       		.byte	4
 906 0372 BF       		.byte	-65
 907 0373 40       		.byte	64
 908 0374 C0       		.byte	-64
 909 0375 60       		.byte	96
 910 0376 C1       		.byte	-63
 911 0377 03       		.byte	3
 912 0378 C5       		.byte	-59
ARM GAS  C:\Users\Jonah\AppData\Local\Temp\cc2nMJym.s 			page 17


 913 0379 D0       		.byte	-48
 914 037a C6       		.byte	-58
 915 037b 10       		.byte	16
 916 037c C7       		.byte	-57
 917 037d 02       		.byte	2
 918 037e C8       		.byte	-56
 919 037f 1A       		.byte	26
 920 0380 C9       		.byte	-55
 921 0381 FF       		.byte	-1
 922 0382 CA       		.byte	-54
 923 0383 FF       		.byte	-1
 924 0384 CB       		.byte	-53
 925 0385 FF       		.byte	-1
 926 0386 CD       		.byte	-51
 927 0387 A0       		.byte	-96
 928 0388 CF       		.byte	-49
 929 0389 04       		.byte	4
 930 038a D0       		.byte	-48
 931 038b 18       		.byte	24
 932 038c D8       		.byte	-40
 933 038d 04       		.byte	4
 934 038e D9       		.byte	-39
 935 038f 04       		.byte	4
 936 0390 DA       		.byte	-38
 937 0391 04       		.byte	4
 938 0392 DB       		.byte	-37
 939 0393 04       		.byte	4
 940 0394 DC       		.byte	-36
 941 0395 34       		.byte	52
 942 0396 DD       		.byte	-35
 943 0397 04       		.byte	4
 944 0398 DF       		.byte	-33
 945 0399 01       		.byte	1
 946 039a E0       		.byte	-32
 947 039b 40       		.byte	64
 948 039c E2       		.byte	-30
 949 039d C0       		.byte	-64
 950 039e E4       		.byte	-28
 951 039f 40       		.byte	64
 952 03a0 E5       		.byte	-27
 953 03a1 40       		.byte	64
 954 03a2 E6       		.byte	-26
 955 03a3 C0       		.byte	-64
 956 03a4 E8       		.byte	-24
 957 03a5 C0       		.byte	-64
 958 03a6 EA       		.byte	-22
 959 03a7 C0       		.byte	-64
 960 03a8 EC       		.byte	-20
 961 03a9 C0       		.byte	-64
 962 03aa EE       		.byte	-18
 963 03ab C0       		.byte	-64
 964 03ac 00       		.byte	0
 965 03ad 40       		.byte	64
 966 03ae 01       		.byte	1
 967 03af 24       		.byte	36
 968 03b0 04       		.byte	4
 969 03b1 28       		.byte	40
ARM GAS  C:\Users\Jonah\AppData\Local\Temp\cc2nMJym.s 			page 18


 970 03b2 0B       		.byte	11
 971 03b3 40       		.byte	64
 972 03b4 0D       		.byte	13
 973 03b5 80       		.byte	-128
 974 03b6 0E       		.byte	14
 975 03b7 60       		.byte	96
 976 03b8 0F       		.byte	15
 977 03b9 04       		.byte	4
 978 03ba 12       		.byte	18
 979 03bb 10       		.byte	16
 980 03bc 16       		.byte	22
 981 03bd 08       		.byte	8
 982 03be 17       		.byte	23
 983 03bf 05       		.byte	5
 984 03c0 19       		.byte	25
 985 03c1 28       		.byte	40
 986 03c2 1B       		.byte	27
 987 03c3 02       		.byte	2
 988 03c4 1D       		.byte	29
 989 03c5 82       		.byte	-126
 990 03c6 1F       		.byte	31
 991 03c7 04       		.byte	4
 992 03c8 20       		.byte	32
 993 03c9 40       		.byte	64
 994 03ca 21       		.byte	33
 995 03cb 01       		.byte	1
 996 03cc 22       		.byte	34
 997 03cd 80       		.byte	-128
 998 03ce 25       		.byte	37
 999 03cf 30       		.byte	48
 1000 03d0 26       		.byte	38
 1001 03d1 05       		.byte	5
 1002 03d2 2C       		.byte	44
 1003 03d3 02       		.byte	2
 1004 03d4 2F       		.byte	47
 1005 03d5 28       		.byte	40
 1006 03d6 36       		.byte	54
 1007 03d7 11       		.byte	17
 1008 03d8 37       		.byte	55
 1009 03d9 04       		.byte	4
 1010 03da 39       		.byte	57
 1011 03db 86       		.byte	-122
 1012 03dc 3D       		.byte	61
 1013 03dd 28       		.byte	40
 1014 03de 3E       		.byte	62
 1015 03df 48       		.byte	72
 1016 03e0 41       		.byte	65
 1017 03e1 04       		.byte	4
 1018 03e2 49       		.byte	73
 1019 03e3 21       		.byte	33
 1020 03e4 51       		.byte	81
 1021 03e5 04       		.byte	4
 1022 03e6 52       		.byte	82
 1023 03e7 14       		.byte	20
 1024 03e8 5C       		.byte	92
 1025 03e9 01       		.byte	1
 1026 03ea 65       		.byte	101
ARM GAS  C:\Users\Jonah\AppData\Local\Temp\cc2nMJym.s 			page 19


 1027 03eb 80       		.byte	-128
 1028 03ec 66       		.byte	102
 1029 03ed 02       		.byte	2
 1030 03ee 67       		.byte	103
 1031 03ef 88       		.byte	-120
 1032 03f0 69       		.byte	105
 1033 03f1 80       		.byte	-128
 1034 03f2 81       		.byte	-127
 1035 03f3 08       		.byte	8
 1036 03f4 86       		.byte	-122
 1037 03f5 02       		.byte	2
 1038 03f6 87       		.byte	-121
 1039 03f7 40       		.byte	64
 1040 03f8 89       		.byte	-119
 1041 03f9 04       		.byte	4
 1042 03fa 92       		.byte	-110
 1043 03fb 01       		.byte	1
 1044 03fc 93       		.byte	-109
 1045 03fd 40       		.byte	64
 1046 03fe 99       		.byte	-103
 1047 03ff 80       		.byte	-128
 1048 0400 9D       		.byte	-99
 1049 0401 21       		.byte	33
 1050 0402 9E       		.byte	-98
 1051 0403 14       		.byte	20
 1052 0404 9F       		.byte	-97
 1053 0405 40       		.byte	64
 1054 0406 A4       		.byte	-92
 1055 0407 20       		.byte	32
 1056 0408 B0       		.byte	-80
 1057 0409 86       		.byte	-122
 1058 040a B1       		.byte	-79
 1059 040b 04       		.byte	4
 1060 040c C0       		.byte	-64
 1061 040d 67       		.byte	103
 1062 040e C2       		.byte	-62
 1063 040f F8       		.byte	-8
 1064 0410 C4       		.byte	-60
 1065 0411 74       		.byte	116
 1066 0412 CA       		.byte	-54
 1067 0413 70       		.byte	112
 1068 0414 CC       		.byte	-52
 1069 0415 E0       		.byte	-32
 1070 0416 CE       		.byte	-50
 1071 0417 7B       		.byte	123
 1072 0418 D0       		.byte	-48
 1073 0419 02       		.byte	2
 1074 041a D2       		.byte	-46
 1075 041b 04       		.byte	4
 1076 041c D6       		.byte	-42
 1077 041d 80       		.byte	-128
 1078 041e D8       		.byte	-40
 1079 041f B0       		.byte	-80
 1080 0420 E0       		.byte	-32
 1081 0421 20       		.byte	32
 1082 0422 1C       		.byte	28
 1083 0423 01       		.byte	1
ARM GAS  C:\Users\Jonah\AppData\Local\Temp\cc2nMJym.s 			page 20


 1084 0424 30       		.byte	48
 1085 0425 01       		.byte	1
 1086 0426 3E       		.byte	62
 1087 0427 01       		.byte	1
 1088 0428 58       		.byte	88
 1089 0429 04       		.byte	4
 1090 042a 5F       		.byte	95
 1091 042b 01       		.byte	1
 1092 042c 05       		.byte	5
 1093 042d 81       		.byte	-127
 1094 042e 06       		.byte	6
 1095 042f 10       		.byte	16
 1096 0430 07       		.byte	7
 1097 0431 04       		.byte	4
 1098 0432 0A       		.byte	10
 1099 0433 01       		.byte	1
 1100 0434 0D       		.byte	13
 1101 0435 21       		.byte	33
 1102 0436 0E       		.byte	14
 1103 0437 22       		.byte	34
 1104 0438 14       		.byte	20
 1105 0439 40       		.byte	64
 1106 043a 15       		.byte	21
 1107 043b 08       		.byte	8
 1108 043c 17       		.byte	23
 1109 043d 10       		.byte	16
 1110 043e 18       		.byte	24
 1111 043f 80       		.byte	-128
 1112 0440 1D       		.byte	29
 1113 0441 89       		.byte	-119
 1114 0442 1E       		.byte	30
 1115 0443 64       		.byte	100
 1116 0444 24       		.byte	36
 1117 0445 01       		.byte	1
 1118 0446 25       		.byte	37
 1119 0447 14       		.byte	20
 1120 0448 26       		.byte	38
 1121 0449 02       		.byte	2
 1122 044a 27       		.byte	39
 1123 044b 54       		.byte	84
 1124 044c 2C       		.byte	44
 1125 044d 42       		.byte	66
 1126 044e 2D       		.byte	45
 1127 044f 20       		.byte	32
 1128 0450 2E       		.byte	46
 1129 0451 04       		.byte	4
 1130 0452 35       		.byte	53
 1131 0453 80       		.byte	-128
 1132 0454 36       		.byte	54
 1133 0455 11       		.byte	17
 1134 0456 37       		.byte	55
 1135 0457 04       		.byte	4
 1136 0458 3D       		.byte	61
 1137 0459 09       		.byte	9
 1138 045a 3E       		.byte	62
 1139 045b 60       		.byte	96
 1140 045c 44       		.byte	68
ARM GAS  C:\Users\Jonah\AppData\Local\Temp\cc2nMJym.s 			page 21


 1141 045d 40       		.byte	64
 1142 045e 45       		.byte	69
 1143 045f 9A       		.byte	-102
 1144 0460 4E       		.byte	78
 1145 0461 02       		.byte	2
 1146 0462 4F       		.byte	79
 1147 0463 04       		.byte	4
 1148 0464 54       		.byte	84
 1149 0465 20       		.byte	32
 1150 0466 5E       		.byte	94
 1151 0467 08       		.byte	8
 1152 0468 6C       		.byte	108
 1153 0469 14       		.byte	20
 1154 046a 6F       		.byte	111
 1155 046b 29       		.byte	41
 1156 046c 75       		.byte	117
 1157 046d A0       		.byte	-96
 1158 046e 76       		.byte	118
 1159 046f 30       		.byte	48
 1160 0470 85       		.byte	-123
 1161 0471 21       		.byte	33
 1162 0472 88       		.byte	-120
 1163 0473 02       		.byte	2
 1164 0474 89       		.byte	-119
 1165 0475 25       		.byte	37
 1166 0476 8C       		.byte	-116
 1167 0477 40       		.byte	64
 1168 0478 92       		.byte	-110
 1169 0479 01       		.byte	1
 1170 047a 94       		.byte	-108
 1171 047b 29       		.byte	41
 1172 047c 96       		.byte	-106
 1173 047d 40       		.byte	64
 1174 047e 97       		.byte	-105
 1175 047f 04       		.byte	4
 1176 0480 9F       		.byte	-97
 1177 0481 45       		.byte	69
 1178 0482 A1       		.byte	-95
 1179 0483 22       		.byte	34
 1180 0484 A2       		.byte	-94
 1181 0485 05       		.byte	5
 1182 0486 A4       		.byte	-92
 1183 0487 22       		.byte	34
 1184 0488 A5       		.byte	-91
 1185 0489 04       		.byte	4
 1186 048a A6       		.byte	-90
 1187 048b 10       		.byte	16
 1188 048c A7       		.byte	-89
 1189 048d 28       		.byte	40
 1190 048e AA       		.byte	-86
 1191 048f 80       		.byte	-128
 1192 0490 AF       		.byte	-81
 1193 0491 02       		.byte	2
 1194 0492 C0       		.byte	-64
 1195 0493 F0       		.byte	-16
 1196 0494 C2       		.byte	-62
 1197 0495 F1       		.byte	-15
ARM GAS  C:\Users\Jonah\AppData\Local\Temp\cc2nMJym.s 			page 22


 1198 0496 C4       		.byte	-60
 1199 0497 70       		.byte	112
 1200 0498 CA       		.byte	-54
 1201 0499 F0       		.byte	-16
 1202 049a CC       		.byte	-52
 1203 049b F0       		.byte	-16
 1204 049c CE       		.byte	-50
 1205 049d F0       		.byte	-16
 1206 049e D0       		.byte	-48
 1207 049f F0       		.byte	-16
 1208 04a0 D2       		.byte	-46
 1209 04a1 10       		.byte	16
 1210 04a2 D6       		.byte	-42
 1211 04a3 40       		.byte	64
 1212 04a4 E8       		.byte	-24
 1213 04a5 08       		.byte	8
 1214 04a6 30       		.byte	48
 1215 04a7 02       		.byte	2
 1216 04a8 33       		.byte	51
 1217 04a9 80       		.byte	-128
 1218 04aa 37       		.byte	55
 1219 04ab 80       		.byte	-128
 1220 04ac 3B       		.byte	59
 1221 04ad 02       		.byte	2
 1222 04ae 3D       		.byte	61
 1223 04af 40       		.byte	64
 1224 04b0 CC       		.byte	-52
 1225 04b1 70       		.byte	112
 1226 04b2 CE       		.byte	-50
 1227 04b3 60       		.byte	96
 1228 04b4 13       		.byte	19
 1229 04b5 80       		.byte	-128
 1230 04b6 95       		.byte	-107
 1231 04b7 40       		.byte	64
 1232 04b8 97       		.byte	-105
 1233 04b9 02       		.byte	2
 1234 04ba 9F       		.byte	-97
 1235 04bb 80       		.byte	-128
 1236 04bc A4       		.byte	-92
 1237 04bd 02       		.byte	2
 1238 04be A7       		.byte	-89
 1239 04bf 80       		.byte	-128
 1240 04c0 C4       		.byte	-60
 1241 04c1 40       		.byte	64
 1242 04c2 87       		.byte	-121
 1243 04c3 01       		.byte	1
 1244 04c4 95       		.byte	-107
 1245 04c5 40       		.byte	64
 1246 04c6 97       		.byte	-105
 1247 04c7 02       		.byte	2
 1248 04c8 A4       		.byte	-92
 1249 04c9 02       		.byte	2
 1250 04ca A7       		.byte	-89
 1251 04cb 80       		.byte	-128
 1252 04cc E0       		.byte	-32
 1253 04cd 40       		.byte	64
 1254 04ce 95       		.byte	-107
ARM GAS  C:\Users\Jonah\AppData\Local\Temp\cc2nMJym.s 			page 23


 1255 04cf 40       		.byte	64
 1256 04d0 97       		.byte	-105
 1257 04d1 02       		.byte	2
 1258 04d2 9F       		.byte	-97
 1259 04d3 01       		.byte	1
 1260 04d4 A4       		.byte	-92
 1261 04d5 02       		.byte	2
 1262 04d6 A7       		.byte	-89
 1263 04d7 80       		.byte	-128
 1264 04d8 7C       		.byte	124
 1265 04d9 01       		.byte	1
 1266 04da DE       		.byte	-34
 1267 04db 01       		.byte	1
 1268 04dc 54       		.byte	84
 1269 04dd 08       		.byte	8
 1270 04de 94       		.byte	-108
 1271 04df 01       		.byte	1
 1272 04e0 D4       		.byte	-44
 1273 04e1 02       		.byte	2
 1274 04e2 33       		.byte	51
 1275 04e3 80       		.byte	-128
 1276 04e4 45       		.byte	69
 1277 04e5 08       		.byte	8
 1278 04e6 85       		.byte	-123
 1279 04e7 08       		.byte	8
 1280 04e8 88       		.byte	-120
 1281 04e9 08       		.byte	8
 1282 04ea 94       		.byte	-108
 1283 04eb 01       		.byte	1
 1284 04ec A4       		.byte	-92
 1285 04ed 08       		.byte	8
 1286 04ee CC       		.byte	-52
 1287 04ef 08       		.byte	8
 1288 04f0 D0       		.byte	-48
 1289 04f1 01       		.byte	1
 1290 04f2 E4       		.byte	-28
 1291 04f3 04       		.byte	4
 1292 04f4 93       		.byte	-109
 1293 04f5 40       		.byte	64
 1294 04f6 A7       		.byte	-89
 1295 04f7 80       		.byte	-128
 1296 04f8 B3       		.byte	-77
 1297 04f9 40       		.byte	64
 1298 04fa B4       		.byte	-76
 1299 04fb 01       		.byte	1
 1300 04fc E8       		.byte	-24
 1301 04fd 04       		.byte	4
 1302 04fe EC       		.byte	-20
 1303 04ff 08       		.byte	8
 1304 0500 27       		.byte	39
 1305 0501 01       		.byte	1
 1306 0502 81       		.byte	-127
 1307 0503 40       		.byte	64
 1308 0504 84       		.byte	-124
 1309 0505 02       		.byte	2
 1310 0506 87       		.byte	-121
 1311 0507 80       		.byte	-128
ARM GAS  C:\Users\Jonah\AppData\Local\Temp\cc2nMJym.s 			page 24


 1312 0508 8A       		.byte	-118
 1313 0509 01       		.byte	1
 1314 050a 95       		.byte	-107
 1315 050b 40       		.byte	64
 1316 050c 97       		.byte	-105
 1317 050d 02       		.byte	2
 1318 050e 9F       		.byte	-97
 1319 050f 01       		.byte	1
 1320 0510 A4       		.byte	-92
 1321 0511 02       		.byte	2
 1322 0512 A7       		.byte	-89
 1323 0513 80       		.byte	-128
 1324 0514 C8       		.byte	-56
 1325 0515 20       		.byte	32
 1326 0516 E2       		.byte	-30
 1327 0517 10       		.byte	16
 1328 0518 E6       		.byte	-26
 1329 0519 30       		.byte	48
 1330 051a 1A       		.byte	26
 1331 051b 02       		.byte	2
 1332 051c 96       		.byte	-106
 1333 051d 02       		.byte	2
 1334 051e AB       		.byte	-85
 1335 051f 01       		.byte	1
 1336 0520 C6       		.byte	-58
 1337 0521 40       		.byte	64
 1338 0522 EE       		.byte	-18
 1339 0523 20       		.byte	32
 1340 0524 5A       		.byte	90
 1341 0525 01       		.byte	1
 1342 0526 63       		.byte	99
 1343 0527 40       		.byte	64
 1344 0528 7F       		.byte	127
 1345 0529 90       		.byte	-112
 1346 052a 8B       		.byte	-117
 1347 052b 10       		.byte	16
 1348 052c 93       		.byte	-109
 1349 052d 40       		.byte	64
 1350 052e A7       		.byte	-89
 1351 052f 80       		.byte	-128
 1352 0530 D6       		.byte	-42
 1353 0531 02       		.byte	2
 1354 0532 D8       		.byte	-40
 1355 0533 02       		.byte	2
 1356 0534 E0       		.byte	-32
 1357 0535 04       		.byte	4
 1358 0536 10       		.byte	16
 1359 0537 80       		.byte	-128
 1360 0538 79       		.byte	121
 1361 0539 80       		.byte	-128
 1362 053a 88       		.byte	-120
 1363 053b 80       		.byte	-128
 1364 053c 8D       		.byte	-115
 1365 053d 40       		.byte	64
 1366 053e AE       		.byte	-82
 1367 053f 01       		.byte	1
 1368 0540 C4       		.byte	-60
ARM GAS  C:\Users\Jonah\AppData\Local\Temp\cc2nMJym.s 			page 25


 1369 0541 08       		.byte	8
 1370 0542 DC       		.byte	-36
 1371 0543 01       		.byte	1
 1372 0544 E4       		.byte	-28
 1373 0545 08       		.byte	8
 1374 0546 E6       		.byte	-26
 1375 0547 01       		.byte	1
 1376 0548 00       		.byte	0
 1377 0549 16       		.byte	22
 1378 054a 0C       		.byte	12
 1379 054b 16       		.byte	22
 1380 054c 10       		.byte	16
 1381 054d 1C       		.byte	28
 1382 054e 1C       		.byte	28
 1383 054f 1C       		.byte	28
 1384 0550 00       		.byte	0
 1385 0551 3F       		.byte	63
 1386 0552 10       		.byte	16
 1387 0553 0A       		.byte	10
 1388 0554 0F       		.byte	15
 1389 0555 80       		.byte	-128
 1390 0556 20       		.byte	32
 1391 0557 00       		.byte	0
 1392 0558 0C       		.byte	12
 1393 0559 3C       		.byte	60
 1394 055a 00       		.byte	0
 1395 055b C2       		.byte	-62
 1396 055c 2F       		.byte	47
 1397 055d 18       		.byte	24
 1398 055e 00       		.byte	0
 1399 055f 00       		.byte	0
 1400 0560 08       		.byte	8
 1401 0561 1C       		.byte	28
 1402 0562 00       		.byte	0
 1403 0563 E1       		.byte	-31
 1404 0564 04       		.byte	4
 1405 0565 C0       		.byte	-64
 1406 0566 00       		.byte	0
 1407 0567 00       		.byte	0
 1408 0568 23       		.byte	35
 1409 0569 FF       		.byte	-1
 1410 056a 0C       		.byte	12
 1411 056b 00       		.byte	0
 1412 056c 02       		.byte	2
 1413 056d E7       		.byte	-25
 1414 056e 80       		.byte	-128
 1415 056f 18       		.byte	24
 1416 0570 03       		.byte	3
 1417 0571 10       		.byte	16
 1418 0572 40       		.byte	64
 1419 0573 00       		.byte	0
 1420 0574 00       		.byte	0
 1421 0575 00       		.byte	0
 1422 0576 23       		.byte	35
 1423 0577 E3       		.byte	-29
 1424 0578 01       		.byte	1
 1425 0579 00       		.byte	0
ARM GAS  C:\Users\Jonah\AppData\Local\Temp\cc2nMJym.s 			page 26


 1426 057a 90       		.byte	-112
 1427 057b 04       		.byte	4
 1428 057c 0C       		.byte	12
 1429 057d 08       		.byte	8
 1430 057e 23       		.byte	35
 1431 057f 00       		.byte	0
 1432 0580 00       		.byte	0
 1433 0581 44       		.byte	68
 1434 0582 00       		.byte	0
 1435 0583 00       		.byte	0
 1436 0584 2C       		.byte	44
 1437 0585 38       		.byte	56
 1438 0586 0F       		.byte	15
 1439 0587 1F       		.byte	31
 1440 0588 10       		.byte	16
 1441 0589 00       		.byte	0
 1442 058a C0       		.byte	-64
 1443 058b C0       		.byte	-64
 1444 058c 00       		.byte	0
 1445 058d 00       		.byte	0
 1446 058e 0A       		.byte	10
 1447 058f 28       		.byte	40
 1448 0590 00       		.byte	0
 1449 0591 00       		.byte	0
 1450 0592 40       		.byte	64
 1451 0593 00       		.byte	0
 1452 0594 34       		.byte	52
 1453 0595 02       		.byte	2
 1454 0596 05       		.byte	5
 1455 0597 00       		.byte	0
 1456 0598 01       		.byte	1
 1457 0599 0E       		.byte	14
 1458 059a C0       		.byte	-64
 1459 059b 00       		.byte	0
 1460 059c 09       		.byte	9
 1461 059d FF       		.byte	-1
 1462 059e FF       		.byte	-1
 1463 059f FF       		.byte	-1
 1464 05a0 62       		.byte	98
 1465 05a1 A0       		.byte	-96
 1466 05a2 F0       		.byte	-16
 1467 05a3 41       		.byte	65
 1468 05a4 0C       		.byte	12
 1469 05a5 00       		.byte	0
 1470 05a6 00       		.byte	0
 1471 05a7 00       		.byte	0
 1472 05a8 00       		.byte	0
 1473 05a9 00       		.byte	0
 1474 05aa 02       		.byte	2
 1475 05ab 12       		.byte	18
 1476 05ac 04       		.byte	4
 1477 05ad 04       		.byte	4
 1478 05ae 04       		.byte	4
 1479 05af 04       		.byte	4
 1480 05b0 22       		.byte	34
 1481 05b1 22       		.byte	34
 1482 05b2 00       		.byte	0
ARM GAS  C:\Users\Jonah\AppData\Local\Temp\cc2nMJym.s 			page 27


 1483 05b3 01       		.byte	1
 1484 05b4 00       		.byte	0
 1485 05b5 00       		.byte	0
 1486 05b6 00       		.byte	0
 1487 05b7 00       		.byte	0
 1488 05b8 00       		.byte	0
 1489 05b9 00       		.byte	0
 1490 05ba 40       		.byte	64
 1491 05bb 02       		.byte	2
 1492 05bc 00       		.byte	0
 1493 05bd 10       		.byte	16
 1494 05be 30       		.byte	48
 1495 05bf 10       		.byte	16
 1496 05c0 00       		.byte	0
 1497 05c1 10       		.byte	16
 1498 05c2 10       		.byte	16
 1499 05c3 12       		.byte	18
 1500 05c4 00       		.byte	0
 1501 05c5 00       		.byte	0
 1502 05c6 00       		.byte	0
 1503 05c7 00       		.byte	0
 1504 05c8 00       		.byte	0
 1505 05c9 00       		.byte	0
 1506 05ca 00       		.byte	0
 1507 05cb 00       		.byte	0
 1508 05cc 00       		.byte	0
 1509 05cd 00       		.byte	0
 1510 05ce 00       		.byte	0
 1511 05cf 00       		.byte	0
 1512 05d0 00       		.byte	0
 1513 05d1 00       		.byte	0
 1514 05d2 00       		.byte	0
 1515 05d3 00       		.byte	0
 1516 05d4 80       		.byte	-128
 1517 05d5 00       		.byte	0
 1518 05d6 40       		.byte	64
 1519 05d7 80       		.byte	-128
 1520 05d8 80       		.byte	-128
 1521 05d9 00       		.byte	0
 1522 05da 80       		.byte	-128
 1523 05db 00       		.byte	0
 1524 05dc 00       		.byte	0
 1525 05dd 00       		.byte	0
 1526 05de 00       		.byte	0
 1527 05df 00       		.byte	0
 1528 05e0 00       		.byte	0
 1529 05e1 C0       		.byte	-64
 1530 05e2 C0       		.byte	-64
 1531 05e3 00       		.byte	0
 1532 05e4 C0       		.byte	-64
 1533 05e5 00       		.byte	0
 1534 05e6 00       		.byte	0
 1535 05e7 00       		.byte	0
 1536 05e8 00       		.byte	0
 1537 05e9 02       		.byte	2
 1538 05ea 02       		.byte	2
 1539 05eb 00       		.byte	0
ARM GAS  C:\Users\Jonah\AppData\Local\Temp\cc2nMJym.s 			page 28


 1540 05ec 02       		.byte	2
 1541 05ed 00       		.byte	0
 1542 05ee 00       		.byte	0
 1543 05ef 00       		.byte	0
 1544 05f0 95       		.byte	-107
 1545 05f1 00       		.byte	0
 1546 05f2 18       		.byte	24
 1547 05f3 01       		.byte	1
 1548 05f4 00       		.byte	0
 1549 05f5 0A       		.byte	10
 1550 05f6 00       		.byte	0
 1551 05f7 00       		.byte	0
 1552              		.global	cy_meta_custnvl
 1553              		.section	.cycustnvl,"a",%progbits
 1554              		.align	2
 1555              		.type	cy_meta_custnvl, %object
 1556              		.size	cy_meta_custnvl, 4
 1557              	cy_meta_custnvl:
 1558 0000 00       		.byte	0
 1559 0001 00       		.byte	0
 1560 0002 40       		.byte	64
 1561 0003 05       		.byte	5
 1562              		.global	cy_meta_wonvl
 1563              		.section	.cywolatch,"a",%progbits
 1564              		.align	2
 1565              		.type	cy_meta_wonvl, %object
 1566              		.size	cy_meta_wonvl, 4
 1567              	cy_meta_wonvl:
 1568 0000 BC       		.byte	-68
 1569 0001 90       		.byte	-112
 1570 0002 AC       		.byte	-84
 1571 0003 AF       		.byte	-81
 1572              		.global	cy_meta_flashprotect
 1573              		.section	.cyflashprotect,"a",%progbits
 1574              		.align	2
 1575              		.type	cy_meta_flashprotect, %object
 1576              		.size	cy_meta_flashprotect, 256
 1577              	cy_meta_flashprotect:
 1578 0000 00000000 		.space	256
 1578      00000000 
 1578      00000000 
 1578      00000000 
 1578      00000000 
 1579              		.global	cy_metadata
 1580              		.section	.cymeta,"a",%progbits
 1581              		.align	2
 1582              		.type	cy_metadata, %object
 1583              		.size	cy_metadata, 12
 1584              	cy_metadata:
 1585 0000 00       		.byte	0
 1586 0001 01       		.byte	1
 1587 0002 2E       		.byte	46
 1588 0003 16       		.byte	22
 1589 0004 10       		.byte	16
 1590 0005 69       		.byte	105
 1591 0006 00       		.byte	0
 1592 0007 01       		.byte	1
ARM GAS  C:\Users\Jonah\AppData\Local\Temp\cc2nMJym.s 			page 29


 1593 0008 00       		.byte	0
 1594 0009 00       		.byte	0
 1595 000a 00       		.byte	0
 1596 000b 00       		.byte	0
 1597              		.text
 1598              	.Letext0:
 1599              		.file 1 ".\\Generated_Source\\PSoC5\\cymetadata.c"
 1600              		.file 2 ".\\Generated_Source\\PSoC5\\cytypes.h"
 1601              		.section	.debug_info,"",%progbits
 1602              	.Ldebug_info0:
 1603 0000 39010000 		.4byte	0x139
 1604 0004 0400     		.2byte	0x4
 1605 0006 00000000 		.4byte	.Ldebug_abbrev0
 1606 000a 04       		.byte	0x4
 1607 000b 01       		.uleb128 0x1
 1608 000c 39000000 		.4byte	.LASF18
 1609 0010 01       		.byte	0x1
 1610 0011 C7000000 		.4byte	.LASF19
 1611 0015 00000000 		.4byte	.LASF20
 1612 0019 00000000 		.4byte	.Ldebug_line0
 1613 001d 02       		.uleb128 0x2
 1614 001e 01       		.byte	0x1
 1615 001f 06       		.byte	0x6
 1616 0020 D7010000 		.4byte	.LASF0
 1617 0024 02       		.uleb128 0x2
 1618 0025 01       		.byte	0x1
 1619 0026 08       		.byte	0x8
 1620 0027 FF000000 		.4byte	.LASF1
 1621 002b 02       		.uleb128 0x2
 1622 002c 02       		.byte	0x2
 1623 002d 05       		.byte	0x5
 1624 002e BE010000 		.4byte	.LASF2
 1625 0032 02       		.uleb128 0x2
 1626 0033 02       		.byte	0x2
 1627 0034 07       		.byte	0x7
 1628 0035 1F010000 		.4byte	.LASF3
 1629 0039 02       		.uleb128 0x2
 1630 003a 04       		.byte	0x4
 1631 003b 05       		.byte	0x5
 1632 003c CE010000 		.4byte	.LASF4
 1633 0040 02       		.uleb128 0x2
 1634 0041 04       		.byte	0x4
 1635 0042 07       		.byte	0x7
 1636 0043 0D010000 		.4byte	.LASF5
 1637 0047 02       		.uleb128 0x2
 1638 0048 08       		.byte	0x8
 1639 0049 05       		.byte	0x5
 1640 004a AB010000 		.4byte	.LASF6
 1641 004e 02       		.uleb128 0x2
 1642 004f 08       		.byte	0x8
 1643 0050 07       		.byte	0x7
 1644 0051 68010000 		.4byte	.LASF7
 1645 0055 03       		.uleb128 0x3
 1646 0056 04       		.byte	0x4
 1647 0057 05       		.byte	0x5
 1648 0058 696E7400 		.ascii	"int\000"
 1649 005c 02       		.uleb128 0x2
ARM GAS  C:\Users\Jonah\AppData\Local\Temp\cc2nMJym.s 			page 30


 1650 005d 04       		.byte	0x4
 1651 005e 07       		.byte	0x7
 1652 005f 5B010000 		.4byte	.LASF8
 1653 0063 04       		.uleb128 0x4
 1654 0064 C8010000 		.4byte	.LASF21
 1655 0068 02       		.byte	0x2
 1656 0069 9201     		.2byte	0x192
 1657 006b 24000000 		.4byte	0x24
 1658 006f 02       		.uleb128 0x2
 1659 0070 04       		.byte	0x4
 1660 0071 04       		.byte	0x4
 1661 0072 F9000000 		.4byte	.LASF9
 1662 0076 02       		.uleb128 0x2
 1663 0077 08       		.byte	0x8
 1664 0078 04       		.byte	0x4
 1665 0079 32010000 		.4byte	.LASF10
 1666 007d 02       		.uleb128 0x2
 1667 007e 01       		.byte	0x1
 1668 007f 08       		.byte	0x8
 1669 0080 B9010000 		.4byte	.LASF11
 1670 0084 05       		.uleb128 0x5
 1671 0085 63000000 		.4byte	0x63
 1672 0089 95000000 		.4byte	0x95
 1673 008d 06       		.uleb128 0x6
 1674 008e 95000000 		.4byte	0x95
 1675 0092 F705     		.2byte	0x5f7
 1676 0094 00       		.byte	0
 1677 0095 02       		.uleb128 0x2
 1678 0096 04       		.byte	0x4
 1679 0097 07       		.byte	0x7
 1680 0098 A2010000 		.4byte	.LASF12
 1681 009c 07       		.uleb128 0x7
 1682 009d 49010000 		.4byte	.LASF13
 1683 00a1 01       		.byte	0x1
 1684 00a2 1F       		.byte	0x1f
 1685 00a3 AD000000 		.4byte	0xad
 1686 00a7 05       		.uleb128 0x5
 1687 00a8 03       		.byte	0x3
 1688 00a9 00000000 		.4byte	cy_meta_configecc
 1689 00ad 08       		.uleb128 0x8
 1690 00ae 84000000 		.4byte	0x84
 1691 00b2 05       		.uleb128 0x5
 1692 00b3 63000000 		.4byte	0x63
 1693 00b7 C2000000 		.4byte	0xc2
 1694 00bb 09       		.uleb128 0x9
 1695 00bc 95000000 		.4byte	0x95
 1696 00c0 03       		.byte	0x3
 1697 00c1 00       		.byte	0
 1698 00c2 07       		.uleb128 0x7
 1699 00c3 39010000 		.4byte	.LASF14
 1700 00c7 01       		.byte	0x1
 1701 00c8 EB       		.byte	0xeb
 1702 00c9 D3000000 		.4byte	0xd3
 1703 00cd 05       		.uleb128 0x5
 1704 00ce 03       		.byte	0x3
 1705 00cf 00000000 		.4byte	cy_meta_custnvl
 1706 00d3 08       		.uleb128 0x8
ARM GAS  C:\Users\Jonah\AppData\Local\Temp\cc2nMJym.s 			page 31


 1707 00d4 B2000000 		.4byte	0xb2
 1708 00d8 07       		.uleb128 0x7
 1709 00d9 94010000 		.4byte	.LASF15
 1710 00dd 01       		.byte	0x1
 1711 00de F9       		.byte	0xf9
 1712 00df E9000000 		.4byte	0xe9
 1713 00e3 05       		.uleb128 0x5
 1714 00e4 03       		.byte	0x3
 1715 00e5 00000000 		.4byte	cy_meta_wonvl
 1716 00e9 08       		.uleb128 0x8
 1717 00ea B2000000 		.4byte	0xb2
 1718 00ee 05       		.uleb128 0x5
 1719 00ef 63000000 		.4byte	0x63
 1720 00f3 FE000000 		.4byte	0xfe
 1721 00f7 09       		.uleb128 0x9
 1722 00f8 95000000 		.4byte	0x95
 1723 00fc FF       		.byte	0xff
 1724 00fd 00       		.byte	0
 1725 00fe 0A       		.uleb128 0xa
 1726 00ff 7F010000 		.4byte	.LASF16
 1727 0103 01       		.byte	0x1
 1728 0104 0701     		.2byte	0x107
 1729 0106 10010000 		.4byte	0x110
 1730 010a 05       		.uleb128 0x5
 1731 010b 03       		.byte	0x3
 1732 010c 00000000 		.4byte	cy_meta_flashprotect
 1733 0110 08       		.uleb128 0x8
 1734 0111 EE000000 		.4byte	0xee
 1735 0115 05       		.uleb128 0x5
 1736 0116 63000000 		.4byte	0x63
 1737 011a 25010000 		.4byte	0x125
 1738 011e 09       		.uleb128 0x9
 1739 011f 95000000 		.4byte	0x95
 1740 0123 0B       		.byte	0xb
 1741 0124 00       		.byte	0
 1742 0125 0A       		.uleb128 0xa
 1743 0126 ED000000 		.4byte	.LASF17
 1744 012a 01       		.byte	0x1
 1745 012b 3401     		.2byte	0x134
 1746 012d 37010000 		.4byte	0x137
 1747 0131 05       		.uleb128 0x5
 1748 0132 03       		.byte	0x3
 1749 0133 00000000 		.4byte	cy_metadata
 1750 0137 08       		.uleb128 0x8
 1751 0138 15010000 		.4byte	0x115
 1752 013c 00       		.byte	0
 1753              		.section	.debug_abbrev,"",%progbits
 1754              	.Ldebug_abbrev0:
 1755 0000 01       		.uleb128 0x1
 1756 0001 11       		.uleb128 0x11
 1757 0002 01       		.byte	0x1
 1758 0003 25       		.uleb128 0x25
 1759 0004 0E       		.uleb128 0xe
 1760 0005 13       		.uleb128 0x13
 1761 0006 0B       		.uleb128 0xb
 1762 0007 03       		.uleb128 0x3
 1763 0008 0E       		.uleb128 0xe
ARM GAS  C:\Users\Jonah\AppData\Local\Temp\cc2nMJym.s 			page 32


 1764 0009 1B       		.uleb128 0x1b
 1765 000a 0E       		.uleb128 0xe
 1766 000b 10       		.uleb128 0x10
 1767 000c 17       		.uleb128 0x17
 1768 000d 00       		.byte	0
 1769 000e 00       		.byte	0
 1770 000f 02       		.uleb128 0x2
 1771 0010 24       		.uleb128 0x24
 1772 0011 00       		.byte	0
 1773 0012 0B       		.uleb128 0xb
 1774 0013 0B       		.uleb128 0xb
 1775 0014 3E       		.uleb128 0x3e
 1776 0015 0B       		.uleb128 0xb
 1777 0016 03       		.uleb128 0x3
 1778 0017 0E       		.uleb128 0xe
 1779 0018 00       		.byte	0
 1780 0019 00       		.byte	0
 1781 001a 03       		.uleb128 0x3
 1782 001b 24       		.uleb128 0x24
 1783 001c 00       		.byte	0
 1784 001d 0B       		.uleb128 0xb
 1785 001e 0B       		.uleb128 0xb
 1786 001f 3E       		.uleb128 0x3e
 1787 0020 0B       		.uleb128 0xb
 1788 0021 03       		.uleb128 0x3
 1789 0022 08       		.uleb128 0x8
 1790 0023 00       		.byte	0
 1791 0024 00       		.byte	0
 1792 0025 04       		.uleb128 0x4
 1793 0026 16       		.uleb128 0x16
 1794 0027 00       		.byte	0
 1795 0028 03       		.uleb128 0x3
 1796 0029 0E       		.uleb128 0xe
 1797 002a 3A       		.uleb128 0x3a
 1798 002b 0B       		.uleb128 0xb
 1799 002c 3B       		.uleb128 0x3b
 1800 002d 05       		.uleb128 0x5
 1801 002e 49       		.uleb128 0x49
 1802 002f 13       		.uleb128 0x13
 1803 0030 00       		.byte	0
 1804 0031 00       		.byte	0
 1805 0032 05       		.uleb128 0x5
 1806 0033 01       		.uleb128 0x1
 1807 0034 01       		.byte	0x1
 1808 0035 49       		.uleb128 0x49
 1809 0036 13       		.uleb128 0x13
 1810 0037 01       		.uleb128 0x1
 1811 0038 13       		.uleb128 0x13
 1812 0039 00       		.byte	0
 1813 003a 00       		.byte	0
 1814 003b 06       		.uleb128 0x6
 1815 003c 21       		.uleb128 0x21
 1816 003d 00       		.byte	0
 1817 003e 49       		.uleb128 0x49
 1818 003f 13       		.uleb128 0x13
 1819 0040 2F       		.uleb128 0x2f
 1820 0041 05       		.uleb128 0x5
ARM GAS  C:\Users\Jonah\AppData\Local\Temp\cc2nMJym.s 			page 33


 1821 0042 00       		.byte	0
 1822 0043 00       		.byte	0
 1823 0044 07       		.uleb128 0x7
 1824 0045 34       		.uleb128 0x34
 1825 0046 00       		.byte	0
 1826 0047 03       		.uleb128 0x3
 1827 0048 0E       		.uleb128 0xe
 1828 0049 3A       		.uleb128 0x3a
 1829 004a 0B       		.uleb128 0xb
 1830 004b 3B       		.uleb128 0x3b
 1831 004c 0B       		.uleb128 0xb
 1832 004d 49       		.uleb128 0x49
 1833 004e 13       		.uleb128 0x13
 1834 004f 3F       		.uleb128 0x3f
 1835 0050 19       		.uleb128 0x19
 1836 0051 02       		.uleb128 0x2
 1837 0052 18       		.uleb128 0x18
 1838 0053 00       		.byte	0
 1839 0054 00       		.byte	0
 1840 0055 08       		.uleb128 0x8
 1841 0056 26       		.uleb128 0x26
 1842 0057 00       		.byte	0
 1843 0058 49       		.uleb128 0x49
 1844 0059 13       		.uleb128 0x13
 1845 005a 00       		.byte	0
 1846 005b 00       		.byte	0
 1847 005c 09       		.uleb128 0x9
 1848 005d 21       		.uleb128 0x21
 1849 005e 00       		.byte	0
 1850 005f 49       		.uleb128 0x49
 1851 0060 13       		.uleb128 0x13
 1852 0061 2F       		.uleb128 0x2f
 1853 0062 0B       		.uleb128 0xb
 1854 0063 00       		.byte	0
 1855 0064 00       		.byte	0
 1856 0065 0A       		.uleb128 0xa
 1857 0066 34       		.uleb128 0x34
 1858 0067 00       		.byte	0
 1859 0068 03       		.uleb128 0x3
 1860 0069 0E       		.uleb128 0xe
 1861 006a 3A       		.uleb128 0x3a
 1862 006b 0B       		.uleb128 0xb
 1863 006c 3B       		.uleb128 0x3b
 1864 006d 05       		.uleb128 0x5
 1865 006e 49       		.uleb128 0x49
 1866 006f 13       		.uleb128 0x13
 1867 0070 3F       		.uleb128 0x3f
 1868 0071 19       		.uleb128 0x19
 1869 0072 02       		.uleb128 0x2
 1870 0073 18       		.uleb128 0x18
 1871 0074 00       		.byte	0
 1872 0075 00       		.byte	0
 1873 0076 00       		.byte	0
 1874              		.section	.debug_aranges,"",%progbits
 1875 0000 14000000 		.4byte	0x14
 1876 0004 0200     		.2byte	0x2
 1877 0006 00000000 		.4byte	.Ldebug_info0
ARM GAS  C:\Users\Jonah\AppData\Local\Temp\cc2nMJym.s 			page 34


 1878 000a 04       		.byte	0x4
 1879 000b 00       		.byte	0
 1880 000c 0000     		.2byte	0
 1881 000e 0000     		.2byte	0
 1882 0010 00000000 		.4byte	0
 1883 0014 00000000 		.4byte	0
 1884              		.section	.debug_line,"",%progbits
 1885              	.Ldebug_line0:
 1886 0000 4F000000 		.section	.debug_str,"MS",%progbits,1
 1886      02004900 
 1886      00000201 
 1886      FB0E0D00 
 1886      01010101 
 1887              	.LASF20:
 1888 0000 453A5C44 		.ascii	"E:\\Documents\\PSoC Creator\\engr478labs\\stfu_proj"
 1888      6F63756D 
 1888      656E7473 
 1888      5C50536F 
 1888      43204372 
 1889 002f 6563742E 		.ascii	"ect.cydsn\000"
 1889      63796473 
 1889      6E00
 1890              	.LASF18:
 1891 0039 474E5520 		.ascii	"GNU C 4.9.3 20150303 (release) [ARM/embedded-4_9-br"
 1891      4320342E 
 1891      392E3320 
 1891      32303135 
 1891      30333033 
 1892 006c 616E6368 		.ascii	"anch revision 221220] -mcpu=cortex-m3 -mthumb -g -O"
 1892      20726576 
 1892      6973696F 
 1892      6E203232 
 1892      31323230 
 1893 009f 30202D66 		.ascii	"0 -ffunction-sections -ffat-lto-objects\000"
 1893      66756E63 
 1893      74696F6E 
 1893      2D736563 
 1893      74696F6E 
 1894              	.LASF19:
 1895 00c7 2E5C4765 		.ascii	".\\Generated_Source\\PSoC5\\cymetadata.c\000"
 1895      6E657261 
 1895      7465645F 
 1895      536F7572 
 1895      63655C50 
 1896              	.LASF17:
 1897 00ed 63795F6D 		.ascii	"cy_metadata\000"
 1897      65746164 
 1897      61746100 
 1898              	.LASF9:
 1899 00f9 666C6F61 		.ascii	"float\000"
 1899      7400
 1900              	.LASF1:
 1901 00ff 756E7369 		.ascii	"unsigned char\000"
 1901      676E6564 
 1901      20636861 
 1901      7200
 1902              	.LASF5:
ARM GAS  C:\Users\Jonah\AppData\Local\Temp\cc2nMJym.s 			page 35


 1903 010d 6C6F6E67 		.ascii	"long unsigned int\000"
 1903      20756E73 
 1903      69676E65 
 1903      6420696E 
 1903      7400
 1904              	.LASF3:
 1905 011f 73686F72 		.ascii	"short unsigned int\000"
 1905      7420756E 
 1905      7369676E 
 1905      65642069 
 1905      6E7400
 1906              	.LASF10:
 1907 0132 646F7562 		.ascii	"double\000"
 1907      6C6500
 1908              	.LASF14:
 1909 0139 63795F6D 		.ascii	"cy_meta_custnvl\000"
 1909      6574615F 
 1909      63757374 
 1909      6E766C00 
 1910              	.LASF13:
 1911 0149 63795F6D 		.ascii	"cy_meta_configecc\000"
 1911      6574615F 
 1911      636F6E66 
 1911      69676563 
 1911      6300
 1912              	.LASF8:
 1913 015b 756E7369 		.ascii	"unsigned int\000"
 1913      676E6564 
 1913      20696E74 
 1913      00
 1914              	.LASF7:
 1915 0168 6C6F6E67 		.ascii	"long long unsigned int\000"
 1915      206C6F6E 
 1915      6720756E 
 1915      7369676E 
 1915      65642069 
 1916              	.LASF16:
 1917 017f 63795F6D 		.ascii	"cy_meta_flashprotect\000"
 1917      6574615F 
 1917      666C6173 
 1917      6870726F 
 1917      74656374 
 1918              	.LASF15:
 1919 0194 63795F6D 		.ascii	"cy_meta_wonvl\000"
 1919      6574615F 
 1919      776F6E76 
 1919      6C00
 1920              	.LASF12:
 1921 01a2 73697A65 		.ascii	"sizetype\000"
 1921      74797065 
 1921      00
 1922              	.LASF6:
 1923 01ab 6C6F6E67 		.ascii	"long long int\000"
 1923      206C6F6E 
 1923      6720696E 
 1923      7400
 1924              	.LASF11:
ARM GAS  C:\Users\Jonah\AppData\Local\Temp\cc2nMJym.s 			page 36


 1925 01b9 63686172 		.ascii	"char\000"
 1925      00
 1926              	.LASF2:
 1927 01be 73686F72 		.ascii	"short int\000"
 1927      7420696E 
 1927      7400
 1928              	.LASF21:
 1929 01c8 75696E74 		.ascii	"uint8\000"
 1929      3800
 1930              	.LASF4:
 1931 01ce 6C6F6E67 		.ascii	"long int\000"
 1931      20696E74 
 1931      00
 1932              	.LASF0:
 1933 01d7 7369676E 		.ascii	"signed char\000"
 1933      65642063 
 1933      68617200 
 1934              		.ident	"GCC: (GNU Tools for ARM Embedded Processors) 4.9.3 20150303 (release) [ARM/embedded-4_9-br
