--------------- Build Started: 09/15/2016 18:36:02 Project: CE95352 Blinking LED, Configuration: ARM GCC 4.9-2015-q1-update Debug ---------------
cydsfit.exe -.appdatapath "C:\Users\Jonah\AppData\Local\Cypress Semiconductor\PSoC Creator\3.3" -.fdsnotice -.fdswarpdepfile=warp_dependencies.txt -.fdselabdepfile=elab_dependencies.txt -.fdsbldfile=generated_files.txt -p "E:\Documents\PSoC Creator\CE95352 Blinking LED\CE95352 Blinking LED.cydsn\CE95352 Blinking LED.cyprj" -d CY8C5888LTI-LP097 -s "E:\Documents\PSoC Creator\CE95352 Blinking LED\CE95352 Blinking LED.cydsn\Generated_Source\PSoC5" -- -yv2 -q10 -ygs -o2 -v3 -.fftcfgtype=LE
Elaborating Design...
HDL Generation ...
Synthesis ...
Place and Route ...
Tech mapping ...
ADD: pft.M0040: information: The following 1 pin(s) will be assigned a location by the fitter: PWM_Out_1(0)
Analog Placement ...
Analog Routing ...
Analog Code Generation ...
Digital Placement ...
Digital Routing ...
Bitstream Generation ...
Static timing analysis ...
API Generation ...
Dependency Generation ...
Clean Temporary Files ...
arm-none-eabi-gcc.exe -mcpu=cortex-m3 -mthumb -Wno-main -I. -IGenerated_Source\PSoC5 -Wa,-alh=.\ARM_GCC_493\Debug/main.lst -g -ffunction-sections -O0 -ffat-lto-objects -c .\main.c -o .\ARM_GCC_493\Debug\main.o
arm-none-eabi-gcc.exe -mcpu=cortex-m3 -mthumb -Wno-main -I. -IGenerated_Source\PSoC5 -Wa,-alh=.\ARM_GCC_493\Debug/cyfitter_cfg.lst -g -ffunction-sections -O0 -ffat-lto-objects -c .\Generated_Source\PSoC5\cyfitter_cfg.c -o .\ARM_GCC_493\Debug\cyfitter_cfg.o
arm-none-eabi-gcc.exe -mcpu=cortex-m3 -mthumb -Wno-main -I. -IGenerated_Source\PSoC5 -Wa,-alh=.\ARM_GCC_493\Debug/cymetadata.lst -g -ffunction-sections -O0 -ffat-lto-objects -c .\Generated_Source\PSoC5\cymetadata.c -o .\ARM_GCC_493\Debug\cymetadata.o
arm-none-eabi-gcc.exe -mcpu=cortex-m3 -mthumb -Wno-main -I. -IGenerated_Source\PSoC5 -Wa,-alh=.\ARM_GCC_493\Debug/clock_1.lst -g -ffunction-sections -O0 -ffat-lto-objects -c .\Generated_Source\PSoC5\clock_1.c -o .\ARM_GCC_493\Debug\clock_1.o
arm-none-eabi-gcc.exe -mcpu=cortex-m3 -mthumb -Wno-main -I. -IGenerated_Source\PSoC5 -Wa,-alh=.\ARM_GCC_493\Debug/Kill_Switch.lst -g -ffunction-sections -O0 -ffat-lto-objects -c .\Generated_Source\PSoC5\Kill_Switch.c -o .\ARM_GCC_493\Debug\Kill_Switch.o
arm-none-eabi-gcc.exe -mcpu=cortex-m3 -mthumb -Wno-main -I. -IGenerated_Source\PSoC5 -Wa,-alh=.\ARM_GCC_493\Debug/Cm3Start.lst -g -ffunction-sections -O0 -ffat-lto-objects -c .\Generated_Source\PSoC5\Cm3Start.c -o .\ARM_GCC_493\Debug\Cm3Start.o
arm-none-eabi-as.exe -mcpu=cortex-m3 -mthumb -I. -IGenerated_Source\PSoC5 -alh=.\ARM_GCC_493\Debug/CyBootAsmGnu.lst -g -o .\ARM_GCC_493\Debug\CyBootAsmGnu.o .\Generated_Source\PSoC5\CyBootAsmGnu.s
arm-none-eabi-gcc.exe -mcpu=cortex-m3 -mthumb -Wno-main -I. -IGenerated_Source\PSoC5 -Wa,-alh=.\ARM_GCC_493\Debug/CyDmac.lst -g -ffunction-sections -O0 -ffat-lto-objects -c .\Generated_Source\PSoC5\CyDmac.c -o .\ARM_GCC_493\Debug\CyDmac.o
arm-none-eabi-gcc.exe -mcpu=cortex-m3 -mthumb -Wno-main -I. -IGenerated_Source\PSoC5 -Wa,-alh=.\ARM_GCC_493\Debug/CyFlash.lst -g -ffunction-sections -O0 -ffat-lto-objects -c .\Generated_Source\PSoC5\CyFlash.c -o .\ARM_GCC_493\Debug\CyFlash.o
arm-none-eabi-gcc.exe -mcpu=cortex-m3 -mthumb -Wno-main -I. -IGenerated_Source\PSoC5 -Wa,-alh=.\ARM_GCC_493\Debug/CyLib.lst -g -ffunction-sections -O0 -ffat-lto-objects -c .\Generated_Source\PSoC5\CyLib.c -o .\ARM_GCC_493\Debug\CyLib.o
arm-none-eabi-gcc.exe -mcpu=cortex-m3 -mthumb -Wno-main -I. -IGenerated_Source\PSoC5 -Wa,-alh=.\ARM_GCC_493\Debug/cyPm.lst -g -ffunction-sections -O0 -ffat-lto-objects -c .\Generated_Source\PSoC5\cyPm.c -o .\ARM_GCC_493\Debug\cyPm.o
arm-none-eabi-gcc.exe -mcpu=cortex-m3 -mthumb -Wno-main -I. -IGenerated_Source\PSoC5 -Wa,-alh=.\ARM_GCC_493\Debug/CySpc.lst -g -ffunction-sections -O0 -ffat-lto-objects -c .\Generated_Source\PSoC5\CySpc.c -o .\ARM_GCC_493\Debug\CySpc.o
arm-none-eabi-gcc.exe -mcpu=cortex-m3 -mthumb -Wno-main -I. -IGenerated_Source\PSoC5 -Wa,-alh=.\ARM_GCC_493\Debug/cyutils.lst -g -ffunction-sections -O0 -ffat-lto-objects -c .\Generated_Source\PSoC5\cyutils.c -o .\ARM_GCC_493\Debug\cyutils.o
arm-none-eabi-gcc.exe -mcpu=cortex-m3 -mthumb -Wno-main -I. -IGenerated_Source\PSoC5 -Wa,-alh=.\ARM_GCC_493\Debug/PWM_3.lst -g -ffunction-sections -O0 -ffat-lto-objects -c .\Generated_Source\PSoC5\PWM_3.c -o .\ARM_GCC_493\Debug\PWM_3.o
arm-none-eabi-gcc.exe -mcpu=cortex-m3 -mthumb -Wno-main -I. -IGenerated_Source\PSoC5 -Wa,-alh=.\ARM_GCC_493\Debug/PWM_3_PM.lst -g -ffunction-sections -O0 -ffat-lto-objects -c .\Generated_Source\PSoC5\PWM_3_PM.c -o .\ARM_GCC_493\Debug\PWM_3_PM.o
arm-none-eabi-gcc.exe -mcpu=cortex-m3 -mthumb -Wno-main -I. -IGenerated_Source\PSoC5 -Wa,-alh=.\ARM_GCC_493\Debug/Timer_1.lst -g -ffunction-sections -O0 -ffat-lto-objects -c .\Generated_Source\PSoC5\Timer_1.c -o .\ARM_GCC_493\Debug\Timer_1.o
arm-none-eabi-gcc.exe -mcpu=cortex-m3 -mthumb -Wno-main -I. -IGenerated_Source\PSoC5 -Wa,-alh=.\ARM_GCC_493\Debug/Timer_1_PM.lst -g -ffunction-sections -O0 -ffat-lto-objects -c .\Generated_Source\PSoC5\Timer_1_PM.c -o .\ARM_GCC_493\Debug\Timer_1_PM.o
arm-none-eabi-gcc.exe -mcpu=cortex-m3 -mthumb -Wno-main -I. -IGenerated_Source\PSoC5 -Wa,-alh=.\ARM_GCC_493\Debug/Clock_2.lst -g -ffunction-sections -O0 -ffat-lto-objects -c .\Generated_Source\PSoC5\Clock_2.c -o .\ARM_GCC_493\Debug\Clock_2.o
arm-none-eabi-gcc.exe -mcpu=cortex-m3 -mthumb -Wno-main -I. -IGenerated_Source\PSoC5 -Wa,-alh=.\ARM_GCC_493\Debug/PWM_Out_1.lst -g -ffunction-sections -O0 -ffat-lto-objects -c .\Generated_Source\PSoC5\PWM_Out_1.c -o .\ARM_GCC_493\Debug\PWM_Out_1.o
arm-none-eabi-ar.exe -rs ".\ARM_GCC_493\Debug\CE95352 Blinking LED.a" .\ARM_GCC_493\Debug\cyfitter_cfg.o .\ARM_GCC_493\Debug\clock_1.o .\ARM_GCC_493\Debug\Kill_Switch.o .\ARM_GCC_493\Debug\CyBootAsmGnu.o .\ARM_GCC_493\Debug\CyDmac.o .\ARM_GCC_493\Debug\CyFlash.o .\ARM_GCC_493\Debug\CyLib.o .\ARM_GCC_493\Debug\cyPm.o .\ARM_GCC_493\Debug\CySpc.o .\ARM_GCC_493\Debug\cyutils.o .\ARM_GCC_493\Debug\PWM_3.o .\ARM_GCC_493\Debug\PWM_3_PM.o .\ARM_GCC_493\Debug\Timer_1.o .\ARM_GCC_493\Debug\Timer_1_PM.o .\ARM_GCC_493\Debug\Clock_2.o .\ARM_GCC_493\Debug\PWM_Out_1.o
arm-none-eabi-ar.exe: creating .\ARM_GCC_493\Debug\CE95352 Blinking LED.a
arm-none-eabi-gcc.exe -Wl,--start-group -o ".\ARM_GCC_493\Debug\CE95352 Blinking LED.elf" .\ARM_GCC_493\Debug\main.o .\ARM_GCC_493\Debug\cymetadata.o .\ARM_GCC_493\Debug\Cm3Start.o ".\ARM_GCC_493\Debug\CE95352 Blinking LED.a" "C:\Program Files (x86)\Cypress\PSoC Creator\3.3\PSoC Creator\psoc\content\cycomponentlibrary\CyComponentLibrary.cylib\CortexM3\ARM_GCC_493\Debug\CyComponentLibrary.a" -mcpu=cortex-m3 -mthumb -g -ffunction-sections -O0 -ffat-lto-objects -L Generated_Source\PSoC5 "-Wl,-Map,.\ARM_GCC_493\Debug/CE95352 Blinking LED.map" -T Generated_Source\PSoC5\cm3gcc.ld -specs=nano.specs -Wl,--gc-sections -Wl,--end-group
cyelftool.exe -C "E:\Documents\PSoC Creator\CE95352 Blinking LED\CE95352 Blinking LED.cydsn\ARM_GCC_493\Debug\CE95352 Blinking LED.elf" --flash_row_size 256 --flash_size 262144
cyelftool.exe -S "E:\Documents\PSoC Creator\CE95352 Blinking LED\CE95352 Blinking LED.cydsn\ARM_GCC_493\Debug\CE95352 Blinking LED.elf"
Flash used: 3072 of 262144 bytes (1.2 %).
SRAM used: 2493 of 65536 bytes (3.8 %). Stack: 2048 bytes. Heap: 128 bytes.
--------------- Build Succeeded: 09/15/2016 18:36:23 ---------------
