ARM GAS  C:\Users\Jonah\AppData\Local\Temp\cctvHliJ.s 			page 1


   1              		.syntax unified
   2              		.cpu cortex-m3
   3              		.fpu softvfp
   4              		.eabi_attribute 20, 1
   5              		.eabi_attribute 21, 1
   6              		.eabi_attribute 23, 3
   7              		.eabi_attribute 24, 1
   8              		.eabi_attribute 25, 1
   9              		.eabi_attribute 26, 1
  10              		.eabi_attribute 30, 6
  11              		.eabi_attribute 34, 1
  12              		.eabi_attribute 18, 4
  13              		.thumb
  14              		.file	"main.c"
  15              		.text
  16              	.Ltext0:
  17              		.cfi_sections	.debug_frame
  18              		.section	.text.main,"ax",%progbits
  19              		.align	2
  20              		.global	main
  21              		.thumb
  22              		.thumb_func
  23              		.type	main, %function
  24              	main:
  25              	.LFB63:
  26              		.file 1 ".\\main.c"
   1:.\main.c      **** /******************************************************************************
   2:.\main.c      **** * Project Name		: CE95352 Blinking LED
   3:.\main.c      **** * File Name			: main.c
   4:.\main.c      **** * Version 			: **
   5:.\main.c      **** * Device Used		: CY8C5888LTI-LP097
   6:.\main.c      **** * Software Used		: PSoC Creator 3.1 SP2
   7:.\main.c      **** * Compiler    		: ARM GCC 4.8.4, ARM RVDS Generic, ARM MDK Generic
   8:.\main.c      **** * Related Hardware	: CY8CKIT059 PSoC 5 LP Prototyping Kit 
   9:.\main.c      **** * Owner				: KLMZ
  10:.\main.c      **** *
  11:.\main.c      **** ********************************************************************************
  12:.\main.c      **** * Copyright (2015), Cypress Semiconductor Corporation. All Rights Reserved.
  13:.\main.c      **** ********************************************************************************
  14:.\main.c      **** * This software is owned by Cypress Semiconductor Corporation (Cypress)
  15:.\main.c      **** * and is protected by and subject to worldwide patent protection (United
  16:.\main.c      **** * States and foreign), United States copyright laws and international treaty
  17:.\main.c      **** * provisions. Cypress hereby grants to licensee a personal, non-exclusive,
  18:.\main.c      **** * non-transferable license to copy, use, modify, create derivative works of,
  19:.\main.c      **** * and compile the Cypress Source Code and derivative works for the sole
  20:.\main.c      **** * purpose of creating custom software in support of licensee product to be
  21:.\main.c      **** * used only in conjunction with a Cypress integrated circuit as specified in
  22:.\main.c      **** * the applicable agreement. Any reproduction, modification, translation,
  23:.\main.c      **** * compilation, or representation of this software except as specified above 
  24:.\main.c      **** * is prohibited without the express written permission of Cypress.
  25:.\main.c      **** *
  26:.\main.c      **** * Disclaimer: CYPRESS MAKES NO WARRANTY OF ANY KIND, EXPRESS OR IMPLIED, WITH 
  27:.\main.c      **** * REGARD TO THIS MATERIAL, INCLUDING, BUT NOT LIMITED TO, THE IMPLIED 
  28:.\main.c      **** * WARRANTIES OF MERCHANTABILITY AND FITNESS FOR A PARTICULAR PURPOSE.
  29:.\main.c      **** * Cypress reserves the right to make changes without further notice to the 
  30:.\main.c      **** * materials described herein. Cypress does not assume any liability arising out 
  31:.\main.c      **** * of the application or use of any product or circuit described herein. Cypress 
ARM GAS  C:\Users\Jonah\AppData\Local\Temp\cctvHliJ.s 			page 2


  32:.\main.c      **** * does not authorize its products for use as critical components in life-support 
  33:.\main.c      **** * systems where a malfunction or failure may reasonably be expected to result in 
  34:.\main.c      **** * significant injury to the user. The inclusion of Cypress' product in a life-
  35:.\main.c      **** * support systems application implies that the manufacturer assumes all risk of 
  36:.\main.c      **** * such use and in doing so indemnifies Cypress against all charges. 
  37:.\main.c      **** *
  38:.\main.c      **** * Use of this Software may be limited by and subject to the applicable Cypress
  39:.\main.c      **** * software license agreement. 
  40:.\main.c      **** *******************************************************************************/
  41:.\main.c      **** 
  42:.\main.c      **** #include <device.h>
  43:.\main.c      **** #include <stdio.h>
  44:.\main.c      **** #include <string.h>
  45:.\main.c      **** 
  46:.\main.c      **** /*******************************************************************************
  47:.\main.c      **** * Function Name: main
  48:.\main.c      **** ********************************************************************************
  49:.\main.c      **** *
  50:.\main.c      **** * Summary:
  51:.\main.c      **** *  The PWM is configured and started in the PWM_1_Start() function.
  52:.\main.c      **** *  The firmware then enters an idle loop, leaving control of the project
  53:.\main.c      **** *  to the fixed function PWM peripheral.
  54:.\main.c      **** *
  55:.\main.c      **** * Parameters:
  56:.\main.c      **** *  None.
  57:.\main.c      **** *
  58:.\main.c      **** * Return:
  59:.\main.c      **** *  None.
  60:.\main.c      **** *
  61:.\main.c      **** *******************************************************************************/
  62:.\main.c      **** 
  63:.\main.c      **** 
  64:.\main.c      **** 
  65:.\main.c      **** int main()
  66:.\main.c      **** {
  27              		.loc 1 66 0
  28              		.cfi_startproc
  29              		@ args = 0, pretend = 0, frame = 0
  30              		@ frame_needed = 1, uses_anonymous_args = 0
  31 0000 80B5     		push	{r7, lr}
  32              		.cfi_def_cfa_offset 8
  33              		.cfi_offset 7, -8
  34              		.cfi_offset 14, -4
  35 0002 00AF     		add	r7, sp, #0
  36              		.cfi_def_cfa_register 7
  67:.\main.c      ****     /* Prepare components */
  68:.\main.c      ****     PWM_3_Start();    
  37              		.loc 1 68 0
  38 0004 FFF7FEFF 		bl	PWM_3_Start
  69:.\main.c      ****     Timer_1_Start();
  39              		.loc 1 69 0
  40 0008 FFF7FEFF 		bl	Timer_1_Start
  41              	.L2:
  70:.\main.c      ****     //PWM_3_KillMode();
  71:.\main.c      ****     //PWM_3_KillMode(
  72:.\main.c      ****     
  73:.\main.c      **** 
ARM GAS  C:\Users\Jonah\AppData\Local\Temp\cctvHliJ.s 			page 3


  74:.\main.c      ****     for (;;)
  75:.\main.c      ****     {
  76:.\main.c      ****     }
  42              		.loc 1 76 0 discriminator 1
  43 000c FEE7     		b	.L2
  44              		.cfi_endproc
  45              	.LFE63:
  46              		.size	main, .-main
  47 000e 00BF     		.text
  48              	.Letext0:
  49              		.file 2 "c:\\program files (x86)\\cypress\\psoc creator\\3.3\\psoc creator\\import\\gnu\\arm\\4.9.
  50              		.file 3 "c:\\program files (x86)\\cypress\\psoc creator\\3.3\\psoc creator\\import\\gnu\\arm\\4.9.
  51              		.file 4 "Generated_Source\\PSoC5/core_cm3.h"
  52              		.section	.debug_info,"",%progbits
  53              	.Ldebug_info0:
  54 0000 C0000000 		.4byte	0xc0
  55 0004 0400     		.2byte	0x4
  56 0006 00000000 		.4byte	.Ldebug_abbrev0
  57 000a 04       		.byte	0x4
  58 000b 01       		.uleb128 0x1
  59 000c 78000000 		.4byte	.LASF15
  60 0010 01       		.byte	0x1
  61 0011 06010000 		.4byte	.LASF16
  62 0015 49010000 		.4byte	.LASF17
  63 0019 00000000 		.4byte	.Ldebug_ranges0+0
  64 001d 00000000 		.4byte	0
  65 0021 00000000 		.4byte	.Ldebug_line0
  66 0025 02       		.uleb128 0x2
  67 0026 01       		.byte	0x1
  68 0027 06       		.byte	0x6
  69 0028 23010000 		.4byte	.LASF0
  70 002c 02       		.uleb128 0x2
  71 002d 01       		.byte	0x1
  72 002e 08       		.byte	0x8
  73 002f 5C000000 		.4byte	.LASF1
  74 0033 02       		.uleb128 0x2
  75 0034 02       		.byte	0x2
  76 0035 05       		.byte	0x5
  77 0036 3F010000 		.4byte	.LASF2
  78 003a 02       		.uleb128 0x2
  79 003b 02       		.byte	0x2
  80 003c 07       		.byte	0x7
  81 003d 0E000000 		.4byte	.LASF3
  82 0041 03       		.uleb128 0x3
  83 0042 2F010000 		.4byte	.LASF9
  84 0046 02       		.byte	0x2
  85 0047 3F       		.byte	0x3f
  86 0048 4C000000 		.4byte	0x4c
  87 004c 02       		.uleb128 0x2
  88 004d 04       		.byte	0x4
  89 004e 05       		.byte	0x5
  90 004f 6F000000 		.4byte	.LASF4
  91 0053 02       		.uleb128 0x2
  92 0054 04       		.byte	0x4
  93 0055 07       		.byte	0x7
  94 0056 33000000 		.4byte	.LASF5
  95 005a 02       		.uleb128 0x2
ARM GAS  C:\Users\Jonah\AppData\Local\Temp\cctvHliJ.s 			page 4


  96 005b 08       		.byte	0x8
  97 005c 05       		.byte	0x5
  98 005d 00000000 		.4byte	.LASF6
  99 0061 02       		.uleb128 0x2
 100 0062 08       		.byte	0x8
 101 0063 07       		.byte	0x7
 102 0064 45000000 		.4byte	.LASF7
 103 0068 04       		.uleb128 0x4
 104 0069 04       		.byte	0x4
 105 006a 05       		.byte	0x5
 106 006b 696E7400 		.ascii	"int\000"
 107 006f 02       		.uleb128 0x2
 108 0070 04       		.byte	0x4
 109 0071 07       		.byte	0x7
 110 0072 21000000 		.4byte	.LASF8
 111 0076 03       		.uleb128 0x3
 112 0077 93010000 		.4byte	.LASF10
 113 007b 03       		.byte	0x3
 114 007c 2C       		.byte	0x2c
 115 007d 41000000 		.4byte	0x41
 116 0081 02       		.uleb128 0x2
 117 0082 04       		.byte	0x4
 118 0083 04       		.byte	0x4
 119 0084 39010000 		.4byte	.LASF11
 120 0088 02       		.uleb128 0x2
 121 0089 08       		.byte	0x8
 122 008a 04       		.byte	0x4
 123 008b 0F010000 		.4byte	.LASF12
 124 008f 02       		.uleb128 0x2
 125 0090 01       		.byte	0x1
 126 0091 08       		.byte	0x8
 127 0092 6A000000 		.4byte	.LASF13
 128 0096 02       		.uleb128 0x2
 129 0097 04       		.byte	0x4
 130 0098 07       		.byte	0x7
 131 0099 9B010000 		.4byte	.LASF14
 132 009d 05       		.uleb128 0x5
 133 009e 2E000000 		.4byte	.LASF18
 134 00a2 01       		.byte	0x1
 135 00a3 41       		.byte	0x41
 136 00a4 68000000 		.4byte	0x68
 137 00a8 00000000 		.4byte	.LFB63
 138 00ac 0E000000 		.4byte	.LFE63-.LFB63
 139 00b0 01       		.uleb128 0x1
 140 00b1 9C       		.byte	0x9c
 141 00b2 06       		.uleb128 0x6
 142 00b3 16010000 		.4byte	.LASF19
 143 00b7 04       		.byte	0x4
 144 00b8 9606     		.2byte	0x696
 145 00ba BE000000 		.4byte	0xbe
 146 00be 07       		.uleb128 0x7
 147 00bf 76000000 		.4byte	0x76
 148 00c3 00       		.byte	0
 149              		.section	.debug_abbrev,"",%progbits
 150              	.Ldebug_abbrev0:
 151 0000 01       		.uleb128 0x1
 152 0001 11       		.uleb128 0x11
ARM GAS  C:\Users\Jonah\AppData\Local\Temp\cctvHliJ.s 			page 5


 153 0002 01       		.byte	0x1
 154 0003 25       		.uleb128 0x25
 155 0004 0E       		.uleb128 0xe
 156 0005 13       		.uleb128 0x13
 157 0006 0B       		.uleb128 0xb
 158 0007 03       		.uleb128 0x3
 159 0008 0E       		.uleb128 0xe
 160 0009 1B       		.uleb128 0x1b
 161 000a 0E       		.uleb128 0xe
 162 000b 55       		.uleb128 0x55
 163 000c 17       		.uleb128 0x17
 164 000d 11       		.uleb128 0x11
 165 000e 01       		.uleb128 0x1
 166 000f 10       		.uleb128 0x10
 167 0010 17       		.uleb128 0x17
 168 0011 00       		.byte	0
 169 0012 00       		.byte	0
 170 0013 02       		.uleb128 0x2
 171 0014 24       		.uleb128 0x24
 172 0015 00       		.byte	0
 173 0016 0B       		.uleb128 0xb
 174 0017 0B       		.uleb128 0xb
 175 0018 3E       		.uleb128 0x3e
 176 0019 0B       		.uleb128 0xb
 177 001a 03       		.uleb128 0x3
 178 001b 0E       		.uleb128 0xe
 179 001c 00       		.byte	0
 180 001d 00       		.byte	0
 181 001e 03       		.uleb128 0x3
 182 001f 16       		.uleb128 0x16
 183 0020 00       		.byte	0
 184 0021 03       		.uleb128 0x3
 185 0022 0E       		.uleb128 0xe
 186 0023 3A       		.uleb128 0x3a
 187 0024 0B       		.uleb128 0xb
 188 0025 3B       		.uleb128 0x3b
 189 0026 0B       		.uleb128 0xb
 190 0027 49       		.uleb128 0x49
 191 0028 13       		.uleb128 0x13
 192 0029 00       		.byte	0
 193 002a 00       		.byte	0
 194 002b 04       		.uleb128 0x4
 195 002c 24       		.uleb128 0x24
 196 002d 00       		.byte	0
 197 002e 0B       		.uleb128 0xb
 198 002f 0B       		.uleb128 0xb
 199 0030 3E       		.uleb128 0x3e
 200 0031 0B       		.uleb128 0xb
 201 0032 03       		.uleb128 0x3
 202 0033 08       		.uleb128 0x8
 203 0034 00       		.byte	0
 204 0035 00       		.byte	0
 205 0036 05       		.uleb128 0x5
 206 0037 2E       		.uleb128 0x2e
 207 0038 00       		.byte	0
 208 0039 3F       		.uleb128 0x3f
 209 003a 19       		.uleb128 0x19
ARM GAS  C:\Users\Jonah\AppData\Local\Temp\cctvHliJ.s 			page 6


 210 003b 03       		.uleb128 0x3
 211 003c 0E       		.uleb128 0xe
 212 003d 3A       		.uleb128 0x3a
 213 003e 0B       		.uleb128 0xb
 214 003f 3B       		.uleb128 0x3b
 215 0040 0B       		.uleb128 0xb
 216 0041 49       		.uleb128 0x49
 217 0042 13       		.uleb128 0x13
 218 0043 11       		.uleb128 0x11
 219 0044 01       		.uleb128 0x1
 220 0045 12       		.uleb128 0x12
 221 0046 06       		.uleb128 0x6
 222 0047 40       		.uleb128 0x40
 223 0048 18       		.uleb128 0x18
 224 0049 9642     		.uleb128 0x2116
 225 004b 19       		.uleb128 0x19
 226 004c 00       		.byte	0
 227 004d 00       		.byte	0
 228 004e 06       		.uleb128 0x6
 229 004f 34       		.uleb128 0x34
 230 0050 00       		.byte	0
 231 0051 03       		.uleb128 0x3
 232 0052 0E       		.uleb128 0xe
 233 0053 3A       		.uleb128 0x3a
 234 0054 0B       		.uleb128 0xb
 235 0055 3B       		.uleb128 0x3b
 236 0056 05       		.uleb128 0x5
 237 0057 49       		.uleb128 0x49
 238 0058 13       		.uleb128 0x13
 239 0059 3F       		.uleb128 0x3f
 240 005a 19       		.uleb128 0x19
 241 005b 3C       		.uleb128 0x3c
 242 005c 19       		.uleb128 0x19
 243 005d 00       		.byte	0
 244 005e 00       		.byte	0
 245 005f 07       		.uleb128 0x7
 246 0060 35       		.uleb128 0x35
 247 0061 00       		.byte	0
 248 0062 49       		.uleb128 0x49
 249 0063 13       		.uleb128 0x13
 250 0064 00       		.byte	0
 251 0065 00       		.byte	0
 252 0066 00       		.byte	0
 253              		.section	.debug_aranges,"",%progbits
 254 0000 1C000000 		.4byte	0x1c
 255 0004 0200     		.2byte	0x2
 256 0006 00000000 		.4byte	.Ldebug_info0
 257 000a 04       		.byte	0x4
 258 000b 00       		.byte	0
 259 000c 0000     		.2byte	0
 260 000e 0000     		.2byte	0
 261 0010 00000000 		.4byte	.LFB63
 262 0014 0E000000 		.4byte	.LFE63-.LFB63
 263 0018 00000000 		.4byte	0
 264 001c 00000000 		.4byte	0
 265              		.section	.debug_ranges,"",%progbits
 266              	.Ldebug_ranges0:
ARM GAS  C:\Users\Jonah\AppData\Local\Temp\cctvHliJ.s 			page 7


 267 0000 00000000 		.4byte	.LFB63
 268 0004 0E000000 		.4byte	.LFE63
 269 0008 00000000 		.4byte	0
 270 000c 00000000 		.4byte	0
 271              		.section	.debug_line,"",%progbits
 272              	.Ldebug_line0:
 273 0000 59010000 		.section	.debug_str,"MS",%progbits,1
 273      02003C01 
 273      00000201 
 273      FB0E0D00 
 273      01010101 
 274              	.LASF6:
 275 0000 6C6F6E67 		.ascii	"long long int\000"
 275      206C6F6E 
 275      6720696E 
 275      7400
 276              	.LASF3:
 277 000e 73686F72 		.ascii	"short unsigned int\000"
 277      7420756E 
 277      7369676E 
 277      65642069 
 277      6E7400
 278              	.LASF8:
 279 0021 756E7369 		.ascii	"unsigned int\000"
 279      676E6564 
 279      20696E74 
 279      00
 280              	.LASF18:
 281 002e 6D61696E 		.ascii	"main\000"
 281      00
 282              	.LASF5:
 283 0033 6C6F6E67 		.ascii	"long unsigned int\000"
 283      20756E73 
 283      69676E65 
 283      6420696E 
 283      7400
 284              	.LASF7:
 285 0045 6C6F6E67 		.ascii	"long long unsigned int\000"
 285      206C6F6E 
 285      6720756E 
 285      7369676E 
 285      65642069 
 286              	.LASF1:
 287 005c 756E7369 		.ascii	"unsigned char\000"
 287      676E6564 
 287      20636861 
 287      7200
 288              	.LASF13:
 289 006a 63686172 		.ascii	"char\000"
 289      00
 290              	.LASF4:
 291 006f 6C6F6E67 		.ascii	"long int\000"
 291      20696E74 
 291      00
 292              	.LASF15:
 293 0078 474E5520 		.ascii	"GNU C 4.9.3 20150303 (release) [ARM/embedded-4_9-br"
 293      4320342E 
ARM GAS  C:\Users\Jonah\AppData\Local\Temp\cctvHliJ.s 			page 8


 293      392E3320 
 293      32303135 
 293      30333033 
 294 00ab 616E6368 		.ascii	"anch revision 221220] -mcpu=cortex-m3 -mthumb -g -O"
 294      20726576 
 294      6973696F 
 294      6E203232 
 294      31323230 
 295 00de 30202D66 		.ascii	"0 -ffunction-sections -ffat-lto-objects\000"
 295      66756E63 
 295      74696F6E 
 295      2D736563 
 295      74696F6E 
 296              	.LASF16:
 297 0106 2E5C6D61 		.ascii	".\\main.c\000"
 297      696E2E63 
 297      00
 298              	.LASF12:
 299 010f 646F7562 		.ascii	"double\000"
 299      6C6500
 300              	.LASF19:
 301 0116 49544D5F 		.ascii	"ITM_RxBuffer\000"
 301      52784275 
 301      66666572 
 301      00
 302              	.LASF0:
 303 0123 7369676E 		.ascii	"signed char\000"
 303      65642063 
 303      68617200 
 304              	.LASF9:
 305 012f 5F5F696E 		.ascii	"__int32_t\000"
 305      7433325F 
 305      7400
 306              	.LASF11:
 307 0139 666C6F61 		.ascii	"float\000"
 307      7400
 308              	.LASF2:
 309 013f 73686F72 		.ascii	"short int\000"
 309      7420696E 
 309      7400
 310              	.LASF17:
 311 0149 453A5C44 		.ascii	"E:\\Documents\\PSoC Creator\\CE95352 Blinking LED\\"
 311      6F63756D 
 311      656E7473 
 311      5C50536F 
 311      43204372 
 312 0178 43453935 		.ascii	"CE95352 Blinking LED.cydsn\000"
 312      33353220 
 312      426C696E 
 312      6B696E67 
 312      204C4544 
 313              	.LASF10:
 314 0193 696E7433 		.ascii	"int32_t\000"
 314      325F7400 
 315              	.LASF14:
 316 019b 73697A65 		.ascii	"sizetype\000"
 316      74797065 
ARM GAS  C:\Users\Jonah\AppData\Local\Temp\cctvHliJ.s 			page 9


 316      00
 317              		.ident	"GCC: (GNU Tools for ARM Embedded Processors) 4.9.3 20150303 (release) [ARM/embedded-4_9-br
