ARM GAS  C:\Users\Jonah\AppData\Local\Temp\ccrybREz.s 			page 1


   1              		.syntax unified
   2              		.cpu cortex-m3
   3              		.fpu softvfp
   4              		.eabi_attribute 20, 1
   5              		.eabi_attribute 21, 1
   6              		.eabi_attribute 23, 3
   7              		.eabi_attribute 24, 1
   8              		.eabi_attribute 25, 1
   9              		.eabi_attribute 26, 1
  10              		.eabi_attribute 30, 6
  11              		.eabi_attribute 34, 1
  12              		.eabi_attribute 18, 4
  13              		.thumb
  14              		.file	"Timer_1.c"
  15              		.text
  16              	.Ltext0:
  17              		.cfi_sections	.debug_frame
  18              		.global	Timer_1_initVar
  19              		.bss
  20              		.type	Timer_1_initVar, %object
  21              		.size	Timer_1_initVar, 1
  22              	Timer_1_initVar:
  23 0000 00       		.space	1
  24              		.section	.text.Timer_1_Init,"ax",%progbits
  25              		.align	2
  26              		.global	Timer_1_Init
  27              		.thumb
  28              		.thumb_func
  29              		.type	Timer_1_Init, %function
  30              	Timer_1_Init:
  31              	.LFB0:
  32              		.file 1 ".\\Generated_Source\\PSoC5\\Timer_1.c"
   1:.\Generated_Source\PSoC5/Timer_1.c **** /*******************************************************************************
   2:.\Generated_Source\PSoC5/Timer_1.c **** * File Name: Timer_1.c
   3:.\Generated_Source\PSoC5/Timer_1.c **** * Version 2.70
   4:.\Generated_Source\PSoC5/Timer_1.c **** *
   5:.\Generated_Source\PSoC5/Timer_1.c **** * Description:
   6:.\Generated_Source\PSoC5/Timer_1.c **** *  The Timer component consists of a 8, 16, 24 or 32-bit timer with
   7:.\Generated_Source\PSoC5/Timer_1.c **** *  a selectable period between 2 and 2^Width - 1.  The timer may free run
   8:.\Generated_Source\PSoC5/Timer_1.c **** *  or be used as a capture timer as well.  The capture can be initiated
   9:.\Generated_Source\PSoC5/Timer_1.c **** *  by a positive or negative edge signal as well as via software.
  10:.\Generated_Source\PSoC5/Timer_1.c **** *  A trigger input can be programmed to enable the timer on rising edge
  11:.\Generated_Source\PSoC5/Timer_1.c **** *  falling edge, either edge or continous run.
  12:.\Generated_Source\PSoC5/Timer_1.c **** *  Interrupts may be generated due to a terminal count condition
  13:.\Generated_Source\PSoC5/Timer_1.c **** *  or a capture event.
  14:.\Generated_Source\PSoC5/Timer_1.c **** *
  15:.\Generated_Source\PSoC5/Timer_1.c **** * Note:
  16:.\Generated_Source\PSoC5/Timer_1.c **** *
  17:.\Generated_Source\PSoC5/Timer_1.c **** ********************************************************************************
  18:.\Generated_Source\PSoC5/Timer_1.c **** * Copyright 2008-2014, Cypress Semiconductor Corporation.  All rights reserved.
  19:.\Generated_Source\PSoC5/Timer_1.c **** * You may use this file only in accordance with the license, terms, conditions,
  20:.\Generated_Source\PSoC5/Timer_1.c **** * disclaimers, and limitations in the end user license agreement accompanying
  21:.\Generated_Source\PSoC5/Timer_1.c **** * the software package with which this file was provided.
  22:.\Generated_Source\PSoC5/Timer_1.c **** ********************************************************************************/
  23:.\Generated_Source\PSoC5/Timer_1.c **** 
  24:.\Generated_Source\PSoC5/Timer_1.c **** #include "Timer_1.h"
  25:.\Generated_Source\PSoC5/Timer_1.c **** 
ARM GAS  C:\Users\Jonah\AppData\Local\Temp\ccrybREz.s 			page 2


  26:.\Generated_Source\PSoC5/Timer_1.c **** uint8 Timer_1_initVar = 0u;
  27:.\Generated_Source\PSoC5/Timer_1.c **** 
  28:.\Generated_Source\PSoC5/Timer_1.c **** 
  29:.\Generated_Source\PSoC5/Timer_1.c **** /*******************************************************************************
  30:.\Generated_Source\PSoC5/Timer_1.c **** * Function Name: Timer_1_Init
  31:.\Generated_Source\PSoC5/Timer_1.c **** ********************************************************************************
  32:.\Generated_Source\PSoC5/Timer_1.c **** *
  33:.\Generated_Source\PSoC5/Timer_1.c **** * Summary:
  34:.\Generated_Source\PSoC5/Timer_1.c **** *  Initialize to the schematic state
  35:.\Generated_Source\PSoC5/Timer_1.c **** *
  36:.\Generated_Source\PSoC5/Timer_1.c **** * Parameters:
  37:.\Generated_Source\PSoC5/Timer_1.c **** *  void
  38:.\Generated_Source\PSoC5/Timer_1.c **** *
  39:.\Generated_Source\PSoC5/Timer_1.c **** * Return:
  40:.\Generated_Source\PSoC5/Timer_1.c **** *  void
  41:.\Generated_Source\PSoC5/Timer_1.c **** *
  42:.\Generated_Source\PSoC5/Timer_1.c **** *******************************************************************************/
  43:.\Generated_Source\PSoC5/Timer_1.c **** void Timer_1_Init(void) 
  44:.\Generated_Source\PSoC5/Timer_1.c **** {
  33              		.loc 1 44 0
  34              		.cfi_startproc
  35              		@ args = 0, pretend = 0, frame = 0
  36              		@ frame_needed = 1, uses_anonymous_args = 0
  37 0000 80B5     		push	{r7, lr}
  38              		.cfi_def_cfa_offset 8
  39              		.cfi_offset 7, -8
  40              		.cfi_offset 14, -4
  41 0002 00AF     		add	r7, sp, #0
  42              		.cfi_def_cfa_register 7
  45:.\Generated_Source\PSoC5/Timer_1.c ****     #if(!Timer_1_UsingFixedFunction)
  46:.\Generated_Source\PSoC5/Timer_1.c ****             /* Interrupt State Backup for Critical Region*/
  47:.\Generated_Source\PSoC5/Timer_1.c ****             uint8 Timer_1_interruptState;
  48:.\Generated_Source\PSoC5/Timer_1.c ****     #endif /* Interrupt state back up for Fixed Function only */
  49:.\Generated_Source\PSoC5/Timer_1.c **** 
  50:.\Generated_Source\PSoC5/Timer_1.c ****     #if (Timer_1_UsingFixedFunction)
  51:.\Generated_Source\PSoC5/Timer_1.c ****         /* Clear all bits but the enable bit (if it's already set) for Timer operation */
  52:.\Generated_Source\PSoC5/Timer_1.c ****         Timer_1_CONTROL &= Timer_1_CTRL_ENABLE;
  43              		.loc 1 52 0
  44 0004 244A     		ldr	r2, .L2
  45 0006 244B     		ldr	r3, .L2
  46 0008 1B78     		ldrb	r3, [r3]
  47 000a DBB2     		uxtb	r3, r3
  48 000c 03F00103 		and	r3, r3, #1
  49 0010 DBB2     		uxtb	r3, r3
  50 0012 1370     		strb	r3, [r2]
  53:.\Generated_Source\PSoC5/Timer_1.c **** 
  54:.\Generated_Source\PSoC5/Timer_1.c ****         /* Clear the mode bits for continuous run mode */
  55:.\Generated_Source\PSoC5/Timer_1.c ****         #if (CY_PSOC5A)
  56:.\Generated_Source\PSoC5/Timer_1.c ****             Timer_1_CONTROL2 &= ((uint8)(~Timer_1_CTRL_MODE_MASK));
  57:.\Generated_Source\PSoC5/Timer_1.c ****         #endif /* Clear bits in CONTROL2 only in PSOC5A */
  58:.\Generated_Source\PSoC5/Timer_1.c **** 
  59:.\Generated_Source\PSoC5/Timer_1.c ****         #if (CY_PSOC3 || CY_PSOC5LP)
  60:.\Generated_Source\PSoC5/Timer_1.c ****             Timer_1_CONTROL3 &= ((uint8)(~Timer_1_CTRL_MODE_MASK));
  51              		.loc 1 60 0
  52 0014 214A     		ldr	r2, .L2+4
  53 0016 214B     		ldr	r3, .L2+4
  54 0018 1B78     		ldrb	r3, [r3]
ARM GAS  C:\Users\Jonah\AppData\Local\Temp\ccrybREz.s 			page 3


  55 001a DBB2     		uxtb	r3, r3
  56 001c 23F00303 		bic	r3, r3, #3
  57 0020 DBB2     		uxtb	r3, r3
  58 0022 1370     		strb	r3, [r2]
  61:.\Generated_Source\PSoC5/Timer_1.c ****         #endif /* CONTROL3 register exists only in PSoC3 OR PSoC5LP */
  62:.\Generated_Source\PSoC5/Timer_1.c **** 
  63:.\Generated_Source\PSoC5/Timer_1.c ****         /* Check if One Shot mode is enabled i.e. RunMode !=0*/
  64:.\Generated_Source\PSoC5/Timer_1.c ****         #if (Timer_1_RunModeUsed != 0x0u)
  65:.\Generated_Source\PSoC5/Timer_1.c ****             /* Set 3rd bit of Control register to enable one shot mode */
  66:.\Generated_Source\PSoC5/Timer_1.c ****             Timer_1_CONTROL |= 0x04u;
  59              		.loc 1 66 0
  60 0024 1C4A     		ldr	r2, .L2
  61 0026 1C4B     		ldr	r3, .L2
  62 0028 1B78     		ldrb	r3, [r3]
  63 002a DBB2     		uxtb	r3, r3
  64 002c 43F00403 		orr	r3, r3, #4
  65 0030 DBB2     		uxtb	r3, r3
  66 0032 1370     		strb	r3, [r2]
  67:.\Generated_Source\PSoC5/Timer_1.c ****         #endif /* One Shot enabled only when RunModeUsed is not Continuous*/
  68:.\Generated_Source\PSoC5/Timer_1.c **** 
  69:.\Generated_Source\PSoC5/Timer_1.c ****         #if (Timer_1_RunModeUsed == 2)
  70:.\Generated_Source\PSoC5/Timer_1.c ****             #if (CY_PSOC5A)
  71:.\Generated_Source\PSoC5/Timer_1.c ****                 /* Set last 2 bits of control2 register if one shot(halt on
  72:.\Generated_Source\PSoC5/Timer_1.c ****                 interrupt) is enabled*/
  73:.\Generated_Source\PSoC5/Timer_1.c ****                 Timer_1_CONTROL2 |= 0x03u;
  74:.\Generated_Source\PSoC5/Timer_1.c ****             #endif /* Set One-Shot Halt on Interrupt bit in CONTROL2 for PSoC5A */
  75:.\Generated_Source\PSoC5/Timer_1.c **** 
  76:.\Generated_Source\PSoC5/Timer_1.c ****             #if (CY_PSOC3 || CY_PSOC5LP)
  77:.\Generated_Source\PSoC5/Timer_1.c ****                 /* Set last 2 bits of control3 register if one shot(halt on
  78:.\Generated_Source\PSoC5/Timer_1.c ****                 interrupt) is enabled*/
  79:.\Generated_Source\PSoC5/Timer_1.c ****                 Timer_1_CONTROL3 |= 0x03u;
  80:.\Generated_Source\PSoC5/Timer_1.c ****             #endif /* Set One-Shot Halt on Interrupt bit in CONTROL3 for PSoC3 or PSoC5LP */
  81:.\Generated_Source\PSoC5/Timer_1.c **** 
  82:.\Generated_Source\PSoC5/Timer_1.c ****         #endif /* Remove section if One Shot Halt on Interrupt is not enabled */
  83:.\Generated_Source\PSoC5/Timer_1.c **** 
  84:.\Generated_Source\PSoC5/Timer_1.c ****         #if (Timer_1_UsingHWEnable != 0)
  85:.\Generated_Source\PSoC5/Timer_1.c ****             #if (CY_PSOC5A)
  86:.\Generated_Source\PSoC5/Timer_1.c ****                 /* Set the default Run Mode of the Timer to Continuous */
  87:.\Generated_Source\PSoC5/Timer_1.c ****                 Timer_1_CONTROL2 |= Timer_1_CTRL_MODE_PULSEWIDTH;
  88:.\Generated_Source\PSoC5/Timer_1.c ****             #endif /* Set Continuous Run Mode in CONTROL2 for PSoC5A */
  89:.\Generated_Source\PSoC5/Timer_1.c **** 
  90:.\Generated_Source\PSoC5/Timer_1.c ****             #if (CY_PSOC3 || CY_PSOC5LP)
  91:.\Generated_Source\PSoC5/Timer_1.c ****                 /* Clear and Set ROD and COD bits of CFG2 register */
  92:.\Generated_Source\PSoC5/Timer_1.c ****                 Timer_1_CONTROL3 &= ((uint8)(~Timer_1_CTRL_RCOD_MASK));
  93:.\Generated_Source\PSoC5/Timer_1.c ****                 Timer_1_CONTROL3 |= Timer_1_CTRL_RCOD;
  94:.\Generated_Source\PSoC5/Timer_1.c **** 
  95:.\Generated_Source\PSoC5/Timer_1.c ****                 /* Clear and Enable the HW enable bit in CFG2 register */
  96:.\Generated_Source\PSoC5/Timer_1.c ****                 Timer_1_CONTROL3 &= ((uint8)(~Timer_1_CTRL_ENBL_MASK));
  97:.\Generated_Source\PSoC5/Timer_1.c ****                 Timer_1_CONTROL3 |= Timer_1_CTRL_ENBL;
  98:.\Generated_Source\PSoC5/Timer_1.c **** 
  99:.\Generated_Source\PSoC5/Timer_1.c ****                 /* Set the default Run Mode of the Timer to Continuous */
 100:.\Generated_Source\PSoC5/Timer_1.c ****                 Timer_1_CONTROL3 |= Timer_1_CTRL_MODE_CONTINUOUS;
 101:.\Generated_Source\PSoC5/Timer_1.c ****             #endif /* Set Continuous Run Mode in CONTROL3 for PSoC3ES3 or PSoC5A */
 102:.\Generated_Source\PSoC5/Timer_1.c **** 
 103:.\Generated_Source\PSoC5/Timer_1.c ****         #endif /* Configure Run Mode with hardware enable */
 104:.\Generated_Source\PSoC5/Timer_1.c **** 
 105:.\Generated_Source\PSoC5/Timer_1.c ****         /* Clear and Set SYNCTC and SYNCCMP bits of RT1 register */
ARM GAS  C:\Users\Jonah\AppData\Local\Temp\ccrybREz.s 			page 4


 106:.\Generated_Source\PSoC5/Timer_1.c ****         Timer_1_RT1 &= ((uint8)(~Timer_1_RT1_MASK));
  67              		.loc 1 106 0
  68 0034 1A4A     		ldr	r2, .L2+8
  69 0036 1A4B     		ldr	r3, .L2+8
  70 0038 1B78     		ldrb	r3, [r3]
  71 003a DBB2     		uxtb	r3, r3
  72 003c 23F03003 		bic	r3, r3, #48
  73 0040 DBB2     		uxtb	r3, r3
  74 0042 1370     		strb	r3, [r2]
 107:.\Generated_Source\PSoC5/Timer_1.c ****         Timer_1_RT1 |= Timer_1_SYNC;
  75              		.loc 1 107 0
  76 0044 164A     		ldr	r2, .L2+8
  77 0046 164B     		ldr	r3, .L2+8
  78 0048 1B78     		ldrb	r3, [r3]
  79 004a DBB2     		uxtb	r3, r3
  80 004c 43F03003 		orr	r3, r3, #48
  81 0050 DBB2     		uxtb	r3, r3
  82 0052 1370     		strb	r3, [r2]
 108:.\Generated_Source\PSoC5/Timer_1.c **** 
 109:.\Generated_Source\PSoC5/Timer_1.c ****         /*Enable DSI Sync all all inputs of the Timer*/
 110:.\Generated_Source\PSoC5/Timer_1.c ****         Timer_1_RT1 &= ((uint8)(~Timer_1_SYNCDSI_MASK));
  83              		.loc 1 110 0
  84 0054 124A     		ldr	r2, .L2+8
  85 0056 124B     		ldr	r3, .L2+8
  86 0058 1B78     		ldrb	r3, [r3]
  87 005a DBB2     		uxtb	r3, r3
  88 005c 23F00F03 		bic	r3, r3, #15
  89 0060 DBB2     		uxtb	r3, r3
  90 0062 1370     		strb	r3, [r2]
 111:.\Generated_Source\PSoC5/Timer_1.c ****         Timer_1_RT1 |= Timer_1_SYNCDSI_EN;
  91              		.loc 1 111 0
  92 0064 0E4A     		ldr	r2, .L2+8
  93 0066 0E4B     		ldr	r3, .L2+8
  94 0068 1B78     		ldrb	r3, [r3]
  95 006a DBB2     		uxtb	r3, r3
  96 006c 43F00F03 		orr	r3, r3, #15
  97 0070 DBB2     		uxtb	r3, r3
  98 0072 1370     		strb	r3, [r2]
 112:.\Generated_Source\PSoC5/Timer_1.c **** 
 113:.\Generated_Source\PSoC5/Timer_1.c ****         /* Set the IRQ to use the status register interrupts */
 114:.\Generated_Source\PSoC5/Timer_1.c ****         Timer_1_CONTROL2 |= Timer_1_CTRL2_IRQ_SEL;
  99              		.loc 1 114 0
 100 0074 0B4A     		ldr	r2, .L2+12
 101 0076 0B4B     		ldr	r3, .L2+12
 102 0078 1B78     		ldrb	r3, [r3]
 103 007a DBB2     		uxtb	r3, r3
 104 007c 43F00103 		orr	r3, r3, #1
 105 0080 DBB2     		uxtb	r3, r3
 106 0082 1370     		strb	r3, [r2]
 115:.\Generated_Source\PSoC5/Timer_1.c ****     #endif /* Configuring registers of fixed function implementation */
 116:.\Generated_Source\PSoC5/Timer_1.c **** 
 117:.\Generated_Source\PSoC5/Timer_1.c ****     /* Set Initial values from Configuration */
 118:.\Generated_Source\PSoC5/Timer_1.c ****     Timer_1_WritePeriod(Timer_1_INIT_PERIOD);
 107              		.loc 1 118 0
 108 0084 C720     		movs	r0, #199
 109 0086 FFF7FEFF 		bl	Timer_1_WritePeriod
 119:.\Generated_Source\PSoC5/Timer_1.c ****     Timer_1_WriteCounter(Timer_1_INIT_PERIOD);
ARM GAS  C:\Users\Jonah\AppData\Local\Temp\ccrybREz.s 			page 5


 110              		.loc 1 119 0
 111 008a C720     		movs	r0, #199
 112 008c FFF7FEFF 		bl	Timer_1_WriteCounter
 120:.\Generated_Source\PSoC5/Timer_1.c **** 
 121:.\Generated_Source\PSoC5/Timer_1.c ****     #if (Timer_1_UsingHWCaptureCounter)/* Capture counter is enabled */
 122:.\Generated_Source\PSoC5/Timer_1.c ****         Timer_1_CAPTURE_COUNT_CTRL |= Timer_1_CNTR_ENABLE;
 123:.\Generated_Source\PSoC5/Timer_1.c ****         Timer_1_SetCaptureCount(Timer_1_INIT_CAPTURE_COUNT);
 124:.\Generated_Source\PSoC5/Timer_1.c ****     #endif /* Configure capture counter value */
 125:.\Generated_Source\PSoC5/Timer_1.c **** 
 126:.\Generated_Source\PSoC5/Timer_1.c ****     #if (!Timer_1_UsingFixedFunction)
 127:.\Generated_Source\PSoC5/Timer_1.c ****         #if (Timer_1_SoftwareCaptureMode)
 128:.\Generated_Source\PSoC5/Timer_1.c ****             Timer_1_SetCaptureMode(Timer_1_INIT_CAPTURE_MODE);
 129:.\Generated_Source\PSoC5/Timer_1.c ****         #endif /* Set Capture Mode for UDB implementation if capture mode is software controlled */
 130:.\Generated_Source\PSoC5/Timer_1.c **** 
 131:.\Generated_Source\PSoC5/Timer_1.c ****         #if (Timer_1_SoftwareTriggerMode)
 132:.\Generated_Source\PSoC5/Timer_1.c ****             #if (!Timer_1_UDB_CONTROL_REG_REMOVED)
 133:.\Generated_Source\PSoC5/Timer_1.c ****                 if (0u == (Timer_1_CONTROL & Timer_1__B_TIMER__TM_SOFTWARE))
 134:.\Generated_Source\PSoC5/Timer_1.c ****                 {
 135:.\Generated_Source\PSoC5/Timer_1.c ****                     Timer_1_SetTriggerMode(Timer_1_INIT_TRIGGER_MODE);
 136:.\Generated_Source\PSoC5/Timer_1.c ****                 }
 137:.\Generated_Source\PSoC5/Timer_1.c ****             #endif /* (!Timer_1_UDB_CONTROL_REG_REMOVED) */
 138:.\Generated_Source\PSoC5/Timer_1.c ****         #endif /* Set trigger mode for UDB Implementation if trigger mode is software controlled */
 139:.\Generated_Source\PSoC5/Timer_1.c **** 
 140:.\Generated_Source\PSoC5/Timer_1.c ****         /* CyEnterCriticalRegion and CyExitCriticalRegion are used to mark following region critica
 141:.\Generated_Source\PSoC5/Timer_1.c ****         /* Enter Critical Region*/
 142:.\Generated_Source\PSoC5/Timer_1.c ****         Timer_1_interruptState = CyEnterCriticalSection();
 143:.\Generated_Source\PSoC5/Timer_1.c **** 
 144:.\Generated_Source\PSoC5/Timer_1.c ****         /* Use the interrupt output of the status register for IRQ output */
 145:.\Generated_Source\PSoC5/Timer_1.c ****         Timer_1_STATUS_AUX_CTRL |= Timer_1_STATUS_ACTL_INT_EN_MASK;
 146:.\Generated_Source\PSoC5/Timer_1.c **** 
 147:.\Generated_Source\PSoC5/Timer_1.c ****         /* Exit Critical Region*/
 148:.\Generated_Source\PSoC5/Timer_1.c ****         CyExitCriticalSection(Timer_1_interruptState);
 149:.\Generated_Source\PSoC5/Timer_1.c **** 
 150:.\Generated_Source\PSoC5/Timer_1.c ****         #if (Timer_1_EnableTriggerMode)
 151:.\Generated_Source\PSoC5/Timer_1.c ****             Timer_1_EnableTrigger();
 152:.\Generated_Source\PSoC5/Timer_1.c ****         #endif /* Set Trigger enable bit for UDB implementation in the control register*/
 153:.\Generated_Source\PSoC5/Timer_1.c **** 		
 154:.\Generated_Source\PSoC5/Timer_1.c **** 		
 155:.\Generated_Source\PSoC5/Timer_1.c ****         #if (Timer_1_InterruptOnCaptureCount && !Timer_1_UDB_CONTROL_REG_REMOVED)
 156:.\Generated_Source\PSoC5/Timer_1.c ****             Timer_1_SetInterruptCount(Timer_1_INIT_INT_CAPTURE_COUNT);
 157:.\Generated_Source\PSoC5/Timer_1.c ****         #endif /* Set interrupt count in UDB implementation if interrupt count feature is checked.*
 158:.\Generated_Source\PSoC5/Timer_1.c **** 
 159:.\Generated_Source\PSoC5/Timer_1.c ****         Timer_1_ClearFIFO();
 160:.\Generated_Source\PSoC5/Timer_1.c ****     #endif /* Configure additional features of UDB implementation */
 161:.\Generated_Source\PSoC5/Timer_1.c **** 
 162:.\Generated_Source\PSoC5/Timer_1.c ****     Timer_1_SetInterruptMode(Timer_1_INIT_INTERRUPT_MODE);
 113              		.loc 1 162 0
 114 0090 0020     		movs	r0, #0
 115 0092 FFF7FEFF 		bl	Timer_1_SetInterruptMode
 163:.\Generated_Source\PSoC5/Timer_1.c **** }
 116              		.loc 1 163 0
 117 0096 80BD     		pop	{r7, pc}
 118              	.L3:
 119              		.align	2
 120              	.L2:
 121 0098 0C4F0040 		.word	1073762060
 122 009c 0E4F0040 		.word	1073762062
ARM GAS  C:\Users\Jonah\AppData\Local\Temp\ccrybREz.s 			page 6


 123 00a0 174F0040 		.word	1073762071
 124 00a4 0D4F0040 		.word	1073762061
 125              		.cfi_endproc
 126              	.LFE0:
 127              		.size	Timer_1_Init, .-Timer_1_Init
 128              		.section	.text.Timer_1_Enable,"ax",%progbits
 129              		.align	2
 130              		.global	Timer_1_Enable
 131              		.thumb
 132              		.thumb_func
 133              		.type	Timer_1_Enable, %function
 134              	Timer_1_Enable:
 135              	.LFB1:
 164:.\Generated_Source\PSoC5/Timer_1.c **** 
 165:.\Generated_Source\PSoC5/Timer_1.c **** 
 166:.\Generated_Source\PSoC5/Timer_1.c **** /*******************************************************************************
 167:.\Generated_Source\PSoC5/Timer_1.c **** * Function Name: Timer_1_Enable
 168:.\Generated_Source\PSoC5/Timer_1.c **** ********************************************************************************
 169:.\Generated_Source\PSoC5/Timer_1.c **** *
 170:.\Generated_Source\PSoC5/Timer_1.c **** * Summary:
 171:.\Generated_Source\PSoC5/Timer_1.c **** *  Enable the Timer
 172:.\Generated_Source\PSoC5/Timer_1.c **** *
 173:.\Generated_Source\PSoC5/Timer_1.c **** * Parameters:
 174:.\Generated_Source\PSoC5/Timer_1.c **** *  void
 175:.\Generated_Source\PSoC5/Timer_1.c **** *
 176:.\Generated_Source\PSoC5/Timer_1.c **** * Return:
 177:.\Generated_Source\PSoC5/Timer_1.c **** *  void
 178:.\Generated_Source\PSoC5/Timer_1.c **** *
 179:.\Generated_Source\PSoC5/Timer_1.c **** *******************************************************************************/
 180:.\Generated_Source\PSoC5/Timer_1.c **** void Timer_1_Enable(void) 
 181:.\Generated_Source\PSoC5/Timer_1.c **** {
 136              		.loc 1 181 0
 137              		.cfi_startproc
 138              		@ args = 0, pretend = 0, frame = 0
 139              		@ frame_needed = 1, uses_anonymous_args = 0
 140              		@ link register save eliminated.
 141 0000 80B4     		push	{r7}
 142              		.cfi_def_cfa_offset 4
 143              		.cfi_offset 7, -4
 144 0002 00AF     		add	r7, sp, #0
 145              		.cfi_def_cfa_register 7
 182:.\Generated_Source\PSoC5/Timer_1.c ****     /* Globally Enable the Fixed Function Block chosen */
 183:.\Generated_Source\PSoC5/Timer_1.c ****     #if (Timer_1_UsingFixedFunction)
 184:.\Generated_Source\PSoC5/Timer_1.c ****         Timer_1_GLOBAL_ENABLE |= Timer_1_BLOCK_EN_MASK;
 146              		.loc 1 184 0
 147 0004 0D4A     		ldr	r2, .L5
 148 0006 0D4B     		ldr	r3, .L5
 149 0008 1B78     		ldrb	r3, [r3]
 150 000a DBB2     		uxtb	r3, r3
 151 000c 43F00203 		orr	r3, r3, #2
 152 0010 DBB2     		uxtb	r3, r3
 153 0012 1370     		strb	r3, [r2]
 185:.\Generated_Source\PSoC5/Timer_1.c ****         Timer_1_GLOBAL_STBY_ENABLE |= Timer_1_BLOCK_STBY_EN_MASK;
 154              		.loc 1 185 0
 155 0014 0A4A     		ldr	r2, .L5+4
 156 0016 0A4B     		ldr	r3, .L5+4
 157 0018 1B78     		ldrb	r3, [r3]
ARM GAS  C:\Users\Jonah\AppData\Local\Temp\ccrybREz.s 			page 7


 158 001a DBB2     		uxtb	r3, r3
 159 001c 43F00203 		orr	r3, r3, #2
 160 0020 DBB2     		uxtb	r3, r3
 161 0022 1370     		strb	r3, [r2]
 186:.\Generated_Source\PSoC5/Timer_1.c ****     #endif /* Set Enable bit for enabling Fixed function timer*/
 187:.\Generated_Source\PSoC5/Timer_1.c **** 
 188:.\Generated_Source\PSoC5/Timer_1.c ****     /* Remove assignment if control register is removed */
 189:.\Generated_Source\PSoC5/Timer_1.c ****     #if (!Timer_1_UDB_CONTROL_REG_REMOVED || Timer_1_UsingFixedFunction)
 190:.\Generated_Source\PSoC5/Timer_1.c ****         Timer_1_CONTROL |= Timer_1_CTRL_ENABLE;
 162              		.loc 1 190 0
 163 0024 074A     		ldr	r2, .L5+8
 164 0026 074B     		ldr	r3, .L5+8
 165 0028 1B78     		ldrb	r3, [r3]
 166 002a DBB2     		uxtb	r3, r3
 167 002c 43F00103 		orr	r3, r3, #1
 168 0030 DBB2     		uxtb	r3, r3
 169 0032 1370     		strb	r3, [r2]
 191:.\Generated_Source\PSoC5/Timer_1.c ****     #endif /* Remove assignment if control register is removed */
 192:.\Generated_Source\PSoC5/Timer_1.c **** }
 170              		.loc 1 192 0
 171 0034 BD46     		mov	sp, r7
 172              		.cfi_def_cfa_register 13
 173              		@ sp needed
 174 0036 5DF8047B 		ldr	r7, [sp], #4
 175              		.cfi_restore 7
 176              		.cfi_def_cfa_offset 0
 177 003a 7047     		bx	lr
 178              	.L6:
 179              		.align	2
 180              	.L5:
 181 003c A3430040 		.word	1073759139
 182 0040 B3430040 		.word	1073759155
 183 0044 0C4F0040 		.word	1073762060
 184              		.cfi_endproc
 185              	.LFE1:
 186              		.size	Timer_1_Enable, .-Timer_1_Enable
 187              		.section	.text.Timer_1_Start,"ax",%progbits
 188              		.align	2
 189              		.global	Timer_1_Start
 190              		.thumb
 191              		.thumb_func
 192              		.type	Timer_1_Start, %function
 193              	Timer_1_Start:
 194              	.LFB2:
 193:.\Generated_Source\PSoC5/Timer_1.c **** 
 194:.\Generated_Source\PSoC5/Timer_1.c **** 
 195:.\Generated_Source\PSoC5/Timer_1.c **** /*******************************************************************************
 196:.\Generated_Source\PSoC5/Timer_1.c **** * Function Name: Timer_1_Start
 197:.\Generated_Source\PSoC5/Timer_1.c **** ********************************************************************************
 198:.\Generated_Source\PSoC5/Timer_1.c **** *
 199:.\Generated_Source\PSoC5/Timer_1.c **** * Summary:
 200:.\Generated_Source\PSoC5/Timer_1.c **** *  The start function initializes the timer with the default values, the
 201:.\Generated_Source\PSoC5/Timer_1.c **** *  enables the timerto begin counting.  It does not enable interrupts,
 202:.\Generated_Source\PSoC5/Timer_1.c **** *  the EnableInt command should be called if interrupt generation is required.
 203:.\Generated_Source\PSoC5/Timer_1.c **** *
 204:.\Generated_Source\PSoC5/Timer_1.c **** * Parameters:
 205:.\Generated_Source\PSoC5/Timer_1.c **** *  void
ARM GAS  C:\Users\Jonah\AppData\Local\Temp\ccrybREz.s 			page 8


 206:.\Generated_Source\PSoC5/Timer_1.c **** *
 207:.\Generated_Source\PSoC5/Timer_1.c **** * Return:
 208:.\Generated_Source\PSoC5/Timer_1.c **** *  void
 209:.\Generated_Source\PSoC5/Timer_1.c **** *
 210:.\Generated_Source\PSoC5/Timer_1.c **** * Global variables:
 211:.\Generated_Source\PSoC5/Timer_1.c **** *  Timer_1_initVar: Is modified when this function is called for the
 212:.\Generated_Source\PSoC5/Timer_1.c **** *   first time. Is used to ensure that initialization happens only once.
 213:.\Generated_Source\PSoC5/Timer_1.c **** *
 214:.\Generated_Source\PSoC5/Timer_1.c **** *******************************************************************************/
 215:.\Generated_Source\PSoC5/Timer_1.c **** void Timer_1_Start(void) 
 216:.\Generated_Source\PSoC5/Timer_1.c **** {
 195              		.loc 1 216 0
 196              		.cfi_startproc
 197              		@ args = 0, pretend = 0, frame = 0
 198              		@ frame_needed = 1, uses_anonymous_args = 0
 199 0000 80B5     		push	{r7, lr}
 200              		.cfi_def_cfa_offset 8
 201              		.cfi_offset 7, -8
 202              		.cfi_offset 14, -4
 203 0002 00AF     		add	r7, sp, #0
 204              		.cfi_def_cfa_register 7
 217:.\Generated_Source\PSoC5/Timer_1.c ****     if(Timer_1_initVar == 0u)
 205              		.loc 1 217 0
 206 0004 054B     		ldr	r3, .L9
 207 0006 1B78     		ldrb	r3, [r3]	@ zero_extendqisi2
 208 0008 002B     		cmp	r3, #0
 209 000a 04D1     		bne	.L8
 218:.\Generated_Source\PSoC5/Timer_1.c ****     {
 219:.\Generated_Source\PSoC5/Timer_1.c ****         Timer_1_Init();
 210              		.loc 1 219 0
 211 000c FFF7FEFF 		bl	Timer_1_Init
 220:.\Generated_Source\PSoC5/Timer_1.c **** 
 221:.\Generated_Source\PSoC5/Timer_1.c ****         Timer_1_initVar = 1u;   /* Clear this bit for Initialization */
 212              		.loc 1 221 0
 213 0010 024B     		ldr	r3, .L9
 214 0012 0122     		movs	r2, #1
 215 0014 1A70     		strb	r2, [r3]
 216              	.L8:
 222:.\Generated_Source\PSoC5/Timer_1.c ****     }
 223:.\Generated_Source\PSoC5/Timer_1.c **** 
 224:.\Generated_Source\PSoC5/Timer_1.c ****     /* Enable the Timer */
 225:.\Generated_Source\PSoC5/Timer_1.c ****     Timer_1_Enable();
 217              		.loc 1 225 0
 218 0016 FFF7FEFF 		bl	Timer_1_Enable
 226:.\Generated_Source\PSoC5/Timer_1.c **** }
 219              		.loc 1 226 0
 220 001a 80BD     		pop	{r7, pc}
 221              	.L10:
 222              		.align	2
 223              	.L9:
 224 001c 00000000 		.word	Timer_1_initVar
 225              		.cfi_endproc
 226              	.LFE2:
 227              		.size	Timer_1_Start, .-Timer_1_Start
 228              		.section	.text.Timer_1_Stop,"ax",%progbits
 229              		.align	2
 230              		.global	Timer_1_Stop
ARM GAS  C:\Users\Jonah\AppData\Local\Temp\ccrybREz.s 			page 9


 231              		.thumb
 232              		.thumb_func
 233              		.type	Timer_1_Stop, %function
 234              	Timer_1_Stop:
 235              	.LFB3:
 227:.\Generated_Source\PSoC5/Timer_1.c **** 
 228:.\Generated_Source\PSoC5/Timer_1.c **** 
 229:.\Generated_Source\PSoC5/Timer_1.c **** /*******************************************************************************
 230:.\Generated_Source\PSoC5/Timer_1.c **** * Function Name: Timer_1_Stop
 231:.\Generated_Source\PSoC5/Timer_1.c **** ********************************************************************************
 232:.\Generated_Source\PSoC5/Timer_1.c **** *
 233:.\Generated_Source\PSoC5/Timer_1.c **** * Summary:
 234:.\Generated_Source\PSoC5/Timer_1.c **** *  The stop function halts the timer, but does not change any modes or disable
 235:.\Generated_Source\PSoC5/Timer_1.c **** *  interrupts.
 236:.\Generated_Source\PSoC5/Timer_1.c **** *
 237:.\Generated_Source\PSoC5/Timer_1.c **** * Parameters:
 238:.\Generated_Source\PSoC5/Timer_1.c **** *  void
 239:.\Generated_Source\PSoC5/Timer_1.c **** *
 240:.\Generated_Source\PSoC5/Timer_1.c **** * Return:
 241:.\Generated_Source\PSoC5/Timer_1.c **** *  void
 242:.\Generated_Source\PSoC5/Timer_1.c **** *
 243:.\Generated_Source\PSoC5/Timer_1.c **** * Side Effects: If the Enable mode is set to Hardware only then this function
 244:.\Generated_Source\PSoC5/Timer_1.c **** *               has no effect on the operation of the timer.
 245:.\Generated_Source\PSoC5/Timer_1.c **** *
 246:.\Generated_Source\PSoC5/Timer_1.c **** *******************************************************************************/
 247:.\Generated_Source\PSoC5/Timer_1.c **** void Timer_1_Stop(void) 
 248:.\Generated_Source\PSoC5/Timer_1.c **** {
 236              		.loc 1 248 0
 237              		.cfi_startproc
 238              		@ args = 0, pretend = 0, frame = 0
 239              		@ frame_needed = 1, uses_anonymous_args = 0
 240              		@ link register save eliminated.
 241 0000 80B4     		push	{r7}
 242              		.cfi_def_cfa_offset 4
 243              		.cfi_offset 7, -4
 244 0002 00AF     		add	r7, sp, #0
 245              		.cfi_def_cfa_register 7
 249:.\Generated_Source\PSoC5/Timer_1.c ****     /* Disable Timer */
 250:.\Generated_Source\PSoC5/Timer_1.c ****     #if(!Timer_1_UDB_CONTROL_REG_REMOVED || Timer_1_UsingFixedFunction)
 251:.\Generated_Source\PSoC5/Timer_1.c ****         Timer_1_CONTROL &= ((uint8)(~Timer_1_CTRL_ENABLE));
 246              		.loc 1 251 0
 247 0004 0D4A     		ldr	r2, .L12
 248 0006 0D4B     		ldr	r3, .L12
 249 0008 1B78     		ldrb	r3, [r3]
 250 000a DBB2     		uxtb	r3, r3
 251 000c 23F00103 		bic	r3, r3, #1
 252 0010 DBB2     		uxtb	r3, r3
 253 0012 1370     		strb	r3, [r2]
 252:.\Generated_Source\PSoC5/Timer_1.c ****     #endif /* Remove assignment if control register is removed */
 253:.\Generated_Source\PSoC5/Timer_1.c **** 
 254:.\Generated_Source\PSoC5/Timer_1.c ****     /* Globally disable the Fixed Function Block chosen */
 255:.\Generated_Source\PSoC5/Timer_1.c ****     #if (Timer_1_UsingFixedFunction)
 256:.\Generated_Source\PSoC5/Timer_1.c ****         Timer_1_GLOBAL_ENABLE &= ((uint8)(~Timer_1_BLOCK_EN_MASK));
 254              		.loc 1 256 0
 255 0014 0A4A     		ldr	r2, .L12+4
 256 0016 0A4B     		ldr	r3, .L12+4
 257 0018 1B78     		ldrb	r3, [r3]
ARM GAS  C:\Users\Jonah\AppData\Local\Temp\ccrybREz.s 			page 10


 258 001a DBB2     		uxtb	r3, r3
 259 001c 23F00203 		bic	r3, r3, #2
 260 0020 DBB2     		uxtb	r3, r3
 261 0022 1370     		strb	r3, [r2]
 257:.\Generated_Source\PSoC5/Timer_1.c ****         Timer_1_GLOBAL_STBY_ENABLE &= ((uint8)(~Timer_1_BLOCK_STBY_EN_MASK));
 262              		.loc 1 257 0
 263 0024 074A     		ldr	r2, .L12+8
 264 0026 074B     		ldr	r3, .L12+8
 265 0028 1B78     		ldrb	r3, [r3]
 266 002a DBB2     		uxtb	r3, r3
 267 002c 23F00203 		bic	r3, r3, #2
 268 0030 DBB2     		uxtb	r3, r3
 269 0032 1370     		strb	r3, [r2]
 258:.\Generated_Source\PSoC5/Timer_1.c ****     #endif /* Disable global enable for the Timer Fixed function block to stop the Timer*/
 259:.\Generated_Source\PSoC5/Timer_1.c **** }
 270              		.loc 1 259 0
 271 0034 BD46     		mov	sp, r7
 272              		.cfi_def_cfa_register 13
 273              		@ sp needed
 274 0036 5DF8047B 		ldr	r7, [sp], #4
 275              		.cfi_restore 7
 276              		.cfi_def_cfa_offset 0
 277 003a 7047     		bx	lr
 278              	.L13:
 279              		.align	2
 280              	.L12:
 281 003c 0C4F0040 		.word	1073762060
 282 0040 A3430040 		.word	1073759139
 283 0044 B3430040 		.word	1073759155
 284              		.cfi_endproc
 285              	.LFE3:
 286              		.size	Timer_1_Stop, .-Timer_1_Stop
 287              		.section	.text.Timer_1_SetInterruptMode,"ax",%progbits
 288              		.align	2
 289              		.global	Timer_1_SetInterruptMode
 290              		.thumb
 291              		.thumb_func
 292              		.type	Timer_1_SetInterruptMode, %function
 293              	Timer_1_SetInterruptMode:
 294              	.LFB4:
 260:.\Generated_Source\PSoC5/Timer_1.c **** 
 261:.\Generated_Source\PSoC5/Timer_1.c **** 
 262:.\Generated_Source\PSoC5/Timer_1.c **** /*******************************************************************************
 263:.\Generated_Source\PSoC5/Timer_1.c **** * Function Name: Timer_1_SetInterruptMode
 264:.\Generated_Source\PSoC5/Timer_1.c **** ********************************************************************************
 265:.\Generated_Source\PSoC5/Timer_1.c **** *
 266:.\Generated_Source\PSoC5/Timer_1.c **** * Summary:
 267:.\Generated_Source\PSoC5/Timer_1.c **** *  This function selects which of the interrupt inputs may cause an interrupt.
 268:.\Generated_Source\PSoC5/Timer_1.c **** *  The twosources are caputure and terminal.  One, both or neither may
 269:.\Generated_Source\PSoC5/Timer_1.c **** *  be selected.
 270:.\Generated_Source\PSoC5/Timer_1.c **** *
 271:.\Generated_Source\PSoC5/Timer_1.c **** * Parameters:
 272:.\Generated_Source\PSoC5/Timer_1.c **** *  interruptMode:   This parameter is used to enable interrups on either/or
 273:.\Generated_Source\PSoC5/Timer_1.c **** *                   terminal count or capture.
 274:.\Generated_Source\PSoC5/Timer_1.c **** *
 275:.\Generated_Source\PSoC5/Timer_1.c **** * Return:
 276:.\Generated_Source\PSoC5/Timer_1.c **** *  void
ARM GAS  C:\Users\Jonah\AppData\Local\Temp\ccrybREz.s 			page 11


 277:.\Generated_Source\PSoC5/Timer_1.c **** *
 278:.\Generated_Source\PSoC5/Timer_1.c **** *******************************************************************************/
 279:.\Generated_Source\PSoC5/Timer_1.c **** void Timer_1_SetInterruptMode(uint8 interruptMode) 
 280:.\Generated_Source\PSoC5/Timer_1.c **** {
 295              		.loc 1 280 0
 296              		.cfi_startproc
 297              		@ args = 0, pretend = 0, frame = 8
 298              		@ frame_needed = 1, uses_anonymous_args = 0
 299              		@ link register save eliminated.
 300 0000 80B4     		push	{r7}
 301              		.cfi_def_cfa_offset 4
 302              		.cfi_offset 7, -4
 303 0002 83B0     		sub	sp, sp, #12
 304              		.cfi_def_cfa_offset 16
 305 0004 00AF     		add	r7, sp, #0
 306              		.cfi_def_cfa_register 7
 307 0006 0346     		mov	r3, r0
 308 0008 FB71     		strb	r3, [r7, #7]
 281:.\Generated_Source\PSoC5/Timer_1.c ****     Timer_1_STATUS_MASK = interruptMode;
 309              		.loc 1 281 0
 310 000a 044A     		ldr	r2, .L15
 311 000c FB79     		ldrb	r3, [r7, #7]
 312 000e 1370     		strb	r3, [r2]
 282:.\Generated_Source\PSoC5/Timer_1.c **** }
 313              		.loc 1 282 0
 314 0010 0C37     		adds	r7, r7, #12
 315              		.cfi_def_cfa_offset 4
 316 0012 BD46     		mov	sp, r7
 317              		.cfi_def_cfa_register 13
 318              		@ sp needed
 319 0014 5DF8047B 		ldr	r7, [sp], #4
 320              		.cfi_restore 7
 321              		.cfi_def_cfa_offset 0
 322 0018 7047     		bx	lr
 323              	.L16:
 324 001a 00BF     		.align	2
 325              	.L15:
 326 001c 0F4F0040 		.word	1073762063
 327              		.cfi_endproc
 328              	.LFE4:
 329              		.size	Timer_1_SetInterruptMode, .-Timer_1_SetInterruptMode
 330              		.section	.text.Timer_1_SoftwareCapture,"ax",%progbits
 331              		.align	2
 332              		.global	Timer_1_SoftwareCapture
 333              		.thumb
 334              		.thumb_func
 335              		.type	Timer_1_SoftwareCapture, %function
 336              	Timer_1_SoftwareCapture:
 337              	.LFB5:
 283:.\Generated_Source\PSoC5/Timer_1.c **** 
 284:.\Generated_Source\PSoC5/Timer_1.c **** 
 285:.\Generated_Source\PSoC5/Timer_1.c **** /*******************************************************************************
 286:.\Generated_Source\PSoC5/Timer_1.c **** * Function Name: Timer_1_SoftwareCapture
 287:.\Generated_Source\PSoC5/Timer_1.c **** ********************************************************************************
 288:.\Generated_Source\PSoC5/Timer_1.c **** *
 289:.\Generated_Source\PSoC5/Timer_1.c **** * Summary:
 290:.\Generated_Source\PSoC5/Timer_1.c **** *  This function forces a capture independent of the capture signal.
ARM GAS  C:\Users\Jonah\AppData\Local\Temp\ccrybREz.s 			page 12


 291:.\Generated_Source\PSoC5/Timer_1.c **** *
 292:.\Generated_Source\PSoC5/Timer_1.c **** * Parameters:
 293:.\Generated_Source\PSoC5/Timer_1.c **** *  void
 294:.\Generated_Source\PSoC5/Timer_1.c **** *
 295:.\Generated_Source\PSoC5/Timer_1.c **** * Return:
 296:.\Generated_Source\PSoC5/Timer_1.c **** *  void
 297:.\Generated_Source\PSoC5/Timer_1.c **** *
 298:.\Generated_Source\PSoC5/Timer_1.c **** * Side Effects:
 299:.\Generated_Source\PSoC5/Timer_1.c **** *  An existing hardware capture could be overwritten.
 300:.\Generated_Source\PSoC5/Timer_1.c **** *
 301:.\Generated_Source\PSoC5/Timer_1.c **** *******************************************************************************/
 302:.\Generated_Source\PSoC5/Timer_1.c **** void Timer_1_SoftwareCapture(void) 
 303:.\Generated_Source\PSoC5/Timer_1.c **** {
 338              		.loc 1 303 0
 339              		.cfi_startproc
 340              		@ args = 0, pretend = 0, frame = 0
 341              		@ frame_needed = 1, uses_anonymous_args = 0
 342              		@ link register save eliminated.
 343 0000 80B4     		push	{r7}
 344              		.cfi_def_cfa_offset 4
 345              		.cfi_offset 7, -4
 346 0002 00AF     		add	r7, sp, #0
 347              		.cfi_def_cfa_register 7
 304:.\Generated_Source\PSoC5/Timer_1.c ****     /* Generate a software capture by reading the counter register */
 305:.\Generated_Source\PSoC5/Timer_1.c ****     #if(Timer_1_UsingFixedFunction)
 306:.\Generated_Source\PSoC5/Timer_1.c ****         (void)CY_GET_REG16(Timer_1_COUNTER_LSB_PTR);
 348              		.loc 1 306 0
 349 0004 024B     		ldr	r3, .L18
 350 0006 1B88     		ldrh	r3, [r3]	@ movhi
 307:.\Generated_Source\PSoC5/Timer_1.c ****     #else
 308:.\Generated_Source\PSoC5/Timer_1.c ****         (void)CY_GET_REG8(Timer_1_COUNTER_LSB_PTR_8BIT);
 309:.\Generated_Source\PSoC5/Timer_1.c ****     #endif/* (Timer_1_UsingFixedFunction) */
 310:.\Generated_Source\PSoC5/Timer_1.c ****     /* Capture Data is now in the FIFO */
 311:.\Generated_Source\PSoC5/Timer_1.c **** }
 351              		.loc 1 311 0
 352 0008 BD46     		mov	sp, r7
 353              		.cfi_def_cfa_register 13
 354              		@ sp needed
 355 000a 5DF8047B 		ldr	r7, [sp], #4
 356              		.cfi_restore 7
 357              		.cfi_def_cfa_offset 0
 358 000e 7047     		bx	lr
 359              	.L19:
 360              		.align	2
 361              	.L18:
 362 0010 124F0040 		.word	1073762066
 363              		.cfi_endproc
 364              	.LFE5:
 365              		.size	Timer_1_SoftwareCapture, .-Timer_1_SoftwareCapture
 366              		.section	.text.Timer_1_ReadStatusRegister,"ax",%progbits
 367              		.align	2
 368              		.global	Timer_1_ReadStatusRegister
 369              		.thumb
 370              		.thumb_func
 371              		.type	Timer_1_ReadStatusRegister, %function
 372              	Timer_1_ReadStatusRegister:
 373              	.LFB6:
ARM GAS  C:\Users\Jonah\AppData\Local\Temp\ccrybREz.s 			page 13


 312:.\Generated_Source\PSoC5/Timer_1.c **** 
 313:.\Generated_Source\PSoC5/Timer_1.c **** 
 314:.\Generated_Source\PSoC5/Timer_1.c **** /*******************************************************************************
 315:.\Generated_Source\PSoC5/Timer_1.c **** * Function Name: Timer_1_ReadStatusRegister
 316:.\Generated_Source\PSoC5/Timer_1.c **** ********************************************************************************
 317:.\Generated_Source\PSoC5/Timer_1.c **** *
 318:.\Generated_Source\PSoC5/Timer_1.c **** * Summary:
 319:.\Generated_Source\PSoC5/Timer_1.c **** *  Reads the status register and returns it's state. This function should use
 320:.\Generated_Source\PSoC5/Timer_1.c **** *  defined types for the bit-field information as the bits in this register may
 321:.\Generated_Source\PSoC5/Timer_1.c **** *  be permuteable.
 322:.\Generated_Source\PSoC5/Timer_1.c **** *
 323:.\Generated_Source\PSoC5/Timer_1.c **** * Parameters:
 324:.\Generated_Source\PSoC5/Timer_1.c **** *  void
 325:.\Generated_Source\PSoC5/Timer_1.c **** *
 326:.\Generated_Source\PSoC5/Timer_1.c **** * Return:
 327:.\Generated_Source\PSoC5/Timer_1.c **** *  The contents of the status register
 328:.\Generated_Source\PSoC5/Timer_1.c **** *
 329:.\Generated_Source\PSoC5/Timer_1.c **** * Side Effects:
 330:.\Generated_Source\PSoC5/Timer_1.c **** *  Status register bits may be clear on read.
 331:.\Generated_Source\PSoC5/Timer_1.c **** *
 332:.\Generated_Source\PSoC5/Timer_1.c **** *******************************************************************************/
 333:.\Generated_Source\PSoC5/Timer_1.c **** uint8   Timer_1_ReadStatusRegister(void) 
 334:.\Generated_Source\PSoC5/Timer_1.c **** {
 374              		.loc 1 334 0
 375              		.cfi_startproc
 376              		@ args = 0, pretend = 0, frame = 0
 377              		@ frame_needed = 1, uses_anonymous_args = 0
 378              		@ link register save eliminated.
 379 0000 80B4     		push	{r7}
 380              		.cfi_def_cfa_offset 4
 381              		.cfi_offset 7, -4
 382 0002 00AF     		add	r7, sp, #0
 383              		.cfi_def_cfa_register 7
 335:.\Generated_Source\PSoC5/Timer_1.c ****     return (Timer_1_STATUS);
 384              		.loc 1 335 0
 385 0004 034B     		ldr	r3, .L22
 386 0006 1B78     		ldrb	r3, [r3]
 387 0008 DBB2     		uxtb	r3, r3
 336:.\Generated_Source\PSoC5/Timer_1.c **** }
 388              		.loc 1 336 0
 389 000a 1846     		mov	r0, r3
 390 000c BD46     		mov	sp, r7
 391              		.cfi_def_cfa_register 13
 392              		@ sp needed
 393 000e 5DF8047B 		ldr	r7, [sp], #4
 394              		.cfi_restore 7
 395              		.cfi_def_cfa_offset 0
 396 0012 7047     		bx	lr
 397              	.L23:
 398              		.align	2
 399              	.L22:
 400 0014 0F4F0040 		.word	1073762063
 401              		.cfi_endproc
 402              	.LFE6:
 403              		.size	Timer_1_ReadStatusRegister, .-Timer_1_ReadStatusRegister
 404              		.section	.text.Timer_1_ReadControlRegister,"ax",%progbits
 405              		.align	2
ARM GAS  C:\Users\Jonah\AppData\Local\Temp\ccrybREz.s 			page 14


 406              		.global	Timer_1_ReadControlRegister
 407              		.thumb
 408              		.thumb_func
 409              		.type	Timer_1_ReadControlRegister, %function
 410              	Timer_1_ReadControlRegister:
 411              	.LFB7:
 337:.\Generated_Source\PSoC5/Timer_1.c **** 
 338:.\Generated_Source\PSoC5/Timer_1.c **** 
 339:.\Generated_Source\PSoC5/Timer_1.c **** #if (!Timer_1_UDB_CONTROL_REG_REMOVED) /* Remove API if control register is unused */
 340:.\Generated_Source\PSoC5/Timer_1.c **** 
 341:.\Generated_Source\PSoC5/Timer_1.c **** 
 342:.\Generated_Source\PSoC5/Timer_1.c **** /*******************************************************************************
 343:.\Generated_Source\PSoC5/Timer_1.c **** * Function Name: Timer_1_ReadControlRegister
 344:.\Generated_Source\PSoC5/Timer_1.c **** ********************************************************************************
 345:.\Generated_Source\PSoC5/Timer_1.c **** *
 346:.\Generated_Source\PSoC5/Timer_1.c **** * Summary:
 347:.\Generated_Source\PSoC5/Timer_1.c **** *  Reads the control register and returns it's value.
 348:.\Generated_Source\PSoC5/Timer_1.c **** *
 349:.\Generated_Source\PSoC5/Timer_1.c **** * Parameters:
 350:.\Generated_Source\PSoC5/Timer_1.c **** *  void
 351:.\Generated_Source\PSoC5/Timer_1.c **** *
 352:.\Generated_Source\PSoC5/Timer_1.c **** * Return:
 353:.\Generated_Source\PSoC5/Timer_1.c **** *  The contents of the control register
 354:.\Generated_Source\PSoC5/Timer_1.c **** *
 355:.\Generated_Source\PSoC5/Timer_1.c **** *******************************************************************************/
 356:.\Generated_Source\PSoC5/Timer_1.c **** uint8 Timer_1_ReadControlRegister(void) 
 357:.\Generated_Source\PSoC5/Timer_1.c **** {
 412              		.loc 1 357 0
 413              		.cfi_startproc
 414              		@ args = 0, pretend = 0, frame = 0
 415              		@ frame_needed = 1, uses_anonymous_args = 0
 416              		@ link register save eliminated.
 417 0000 80B4     		push	{r7}
 418              		.cfi_def_cfa_offset 4
 419              		.cfi_offset 7, -4
 420 0002 00AF     		add	r7, sp, #0
 421              		.cfi_def_cfa_register 7
 358:.\Generated_Source\PSoC5/Timer_1.c ****     #if (!Timer_1_UDB_CONTROL_REG_REMOVED) 
 359:.\Generated_Source\PSoC5/Timer_1.c ****         return ((uint8)Timer_1_CONTROL);
 422              		.loc 1 359 0
 423 0004 034B     		ldr	r3, .L26
 424 0006 1B78     		ldrb	r3, [r3]
 425 0008 DBB2     		uxtb	r3, r3
 360:.\Generated_Source\PSoC5/Timer_1.c ****     #else
 361:.\Generated_Source\PSoC5/Timer_1.c ****         return (0);
 362:.\Generated_Source\PSoC5/Timer_1.c ****     #endif /* (!Timer_1_UDB_CONTROL_REG_REMOVED) */
 363:.\Generated_Source\PSoC5/Timer_1.c **** }
 426              		.loc 1 363 0
 427 000a 1846     		mov	r0, r3
 428 000c BD46     		mov	sp, r7
 429              		.cfi_def_cfa_register 13
 430              		@ sp needed
 431 000e 5DF8047B 		ldr	r7, [sp], #4
 432              		.cfi_restore 7
 433              		.cfi_def_cfa_offset 0
 434 0012 7047     		bx	lr
 435              	.L27:
ARM GAS  C:\Users\Jonah\AppData\Local\Temp\ccrybREz.s 			page 15


 436              		.align	2
 437              	.L26:
 438 0014 0C4F0040 		.word	1073762060
 439              		.cfi_endproc
 440              	.LFE7:
 441              		.size	Timer_1_ReadControlRegister, .-Timer_1_ReadControlRegister
 442              		.section	.text.Timer_1_WriteControlRegister,"ax",%progbits
 443              		.align	2
 444              		.global	Timer_1_WriteControlRegister
 445              		.thumb
 446              		.thumb_func
 447              		.type	Timer_1_WriteControlRegister, %function
 448              	Timer_1_WriteControlRegister:
 449              	.LFB8:
 364:.\Generated_Source\PSoC5/Timer_1.c **** 
 365:.\Generated_Source\PSoC5/Timer_1.c **** 
 366:.\Generated_Source\PSoC5/Timer_1.c **** /*******************************************************************************
 367:.\Generated_Source\PSoC5/Timer_1.c **** * Function Name: Timer_1_WriteControlRegister
 368:.\Generated_Source\PSoC5/Timer_1.c **** ********************************************************************************
 369:.\Generated_Source\PSoC5/Timer_1.c **** *
 370:.\Generated_Source\PSoC5/Timer_1.c **** * Summary:
 371:.\Generated_Source\PSoC5/Timer_1.c **** *  Sets the bit-field of the control register.
 372:.\Generated_Source\PSoC5/Timer_1.c **** *
 373:.\Generated_Source\PSoC5/Timer_1.c **** * Parameters:
 374:.\Generated_Source\PSoC5/Timer_1.c **** *  control: The contents of the control register
 375:.\Generated_Source\PSoC5/Timer_1.c **** *
 376:.\Generated_Source\PSoC5/Timer_1.c **** * Return:
 377:.\Generated_Source\PSoC5/Timer_1.c **** *
 378:.\Generated_Source\PSoC5/Timer_1.c **** *******************************************************************************/
 379:.\Generated_Source\PSoC5/Timer_1.c **** void Timer_1_WriteControlRegister(uint8 control) 
 380:.\Generated_Source\PSoC5/Timer_1.c **** {
 450              		.loc 1 380 0
 451              		.cfi_startproc
 452              		@ args = 0, pretend = 0, frame = 8
 453              		@ frame_needed = 1, uses_anonymous_args = 0
 454              		@ link register save eliminated.
 455 0000 80B4     		push	{r7}
 456              		.cfi_def_cfa_offset 4
 457              		.cfi_offset 7, -4
 458 0002 83B0     		sub	sp, sp, #12
 459              		.cfi_def_cfa_offset 16
 460 0004 00AF     		add	r7, sp, #0
 461              		.cfi_def_cfa_register 7
 462 0006 0346     		mov	r3, r0
 463 0008 FB71     		strb	r3, [r7, #7]
 381:.\Generated_Source\PSoC5/Timer_1.c ****     #if (!Timer_1_UDB_CONTROL_REG_REMOVED) 
 382:.\Generated_Source\PSoC5/Timer_1.c ****         Timer_1_CONTROL = control;
 464              		.loc 1 382 0
 465 000a 044A     		ldr	r2, .L29
 466 000c FB79     		ldrb	r3, [r7, #7]
 467 000e 1370     		strb	r3, [r2]
 383:.\Generated_Source\PSoC5/Timer_1.c ****     #else
 384:.\Generated_Source\PSoC5/Timer_1.c ****         control = 0u;
 385:.\Generated_Source\PSoC5/Timer_1.c ****     #endif /* (!Timer_1_UDB_CONTROL_REG_REMOVED) */
 386:.\Generated_Source\PSoC5/Timer_1.c **** }
 468              		.loc 1 386 0
 469 0010 0C37     		adds	r7, r7, #12
ARM GAS  C:\Users\Jonah\AppData\Local\Temp\ccrybREz.s 			page 16


 470              		.cfi_def_cfa_offset 4
 471 0012 BD46     		mov	sp, r7
 472              		.cfi_def_cfa_register 13
 473              		@ sp needed
 474 0014 5DF8047B 		ldr	r7, [sp], #4
 475              		.cfi_restore 7
 476              		.cfi_def_cfa_offset 0
 477 0018 7047     		bx	lr
 478              	.L30:
 479 001a 00BF     		.align	2
 480              	.L29:
 481 001c 0C4F0040 		.word	1073762060
 482              		.cfi_endproc
 483              	.LFE8:
 484              		.size	Timer_1_WriteControlRegister, .-Timer_1_WriteControlRegister
 485              		.section	.text.Timer_1_ReadPeriod,"ax",%progbits
 486              		.align	2
 487              		.global	Timer_1_ReadPeriod
 488              		.thumb
 489              		.thumb_func
 490              		.type	Timer_1_ReadPeriod, %function
 491              	Timer_1_ReadPeriod:
 492              	.LFB9:
 387:.\Generated_Source\PSoC5/Timer_1.c **** 
 388:.\Generated_Source\PSoC5/Timer_1.c **** #endif /* Remove API if control register is unused */
 389:.\Generated_Source\PSoC5/Timer_1.c **** 
 390:.\Generated_Source\PSoC5/Timer_1.c **** 
 391:.\Generated_Source\PSoC5/Timer_1.c **** /*******************************************************************************
 392:.\Generated_Source\PSoC5/Timer_1.c **** * Function Name: Timer_1_ReadPeriod
 393:.\Generated_Source\PSoC5/Timer_1.c **** ********************************************************************************
 394:.\Generated_Source\PSoC5/Timer_1.c **** *
 395:.\Generated_Source\PSoC5/Timer_1.c **** * Summary:
 396:.\Generated_Source\PSoC5/Timer_1.c **** *  This function returns the current value of the Period.
 397:.\Generated_Source\PSoC5/Timer_1.c **** *
 398:.\Generated_Source\PSoC5/Timer_1.c **** * Parameters:
 399:.\Generated_Source\PSoC5/Timer_1.c **** *  void
 400:.\Generated_Source\PSoC5/Timer_1.c **** *
 401:.\Generated_Source\PSoC5/Timer_1.c **** * Return:
 402:.\Generated_Source\PSoC5/Timer_1.c **** *  The present value of the counter.
 403:.\Generated_Source\PSoC5/Timer_1.c **** *
 404:.\Generated_Source\PSoC5/Timer_1.c **** *******************************************************************************/
 405:.\Generated_Source\PSoC5/Timer_1.c **** uint8 Timer_1_ReadPeriod(void) 
 406:.\Generated_Source\PSoC5/Timer_1.c **** {
 493              		.loc 1 406 0
 494              		.cfi_startproc
 495              		@ args = 0, pretend = 0, frame = 0
 496              		@ frame_needed = 1, uses_anonymous_args = 0
 497              		@ link register save eliminated.
 498 0000 80B4     		push	{r7}
 499              		.cfi_def_cfa_offset 4
 500              		.cfi_offset 7, -4
 501 0002 00AF     		add	r7, sp, #0
 502              		.cfi_def_cfa_register 7
 407:.\Generated_Source\PSoC5/Timer_1.c ****    #if(Timer_1_UsingFixedFunction)
 408:.\Generated_Source\PSoC5/Timer_1.c ****        return ((uint8)CY_GET_REG16(Timer_1_PERIOD_LSB_PTR));
 503              		.loc 1 408 0
 504 0004 044B     		ldr	r3, .L33
ARM GAS  C:\Users\Jonah\AppData\Local\Temp\ccrybREz.s 			page 17


 505 0006 1B88     		ldrh	r3, [r3]	@ movhi
 506 0008 9BB2     		uxth	r3, r3
 507 000a DBB2     		uxtb	r3, r3
 409:.\Generated_Source\PSoC5/Timer_1.c ****    #else
 410:.\Generated_Source\PSoC5/Timer_1.c ****        return (CY_GET_REG8(Timer_1_PERIOD_LSB_PTR));
 411:.\Generated_Source\PSoC5/Timer_1.c ****    #endif /* (Timer_1_UsingFixedFunction) */
 412:.\Generated_Source\PSoC5/Timer_1.c **** }
 508              		.loc 1 412 0
 509 000c 1846     		mov	r0, r3
 510 000e BD46     		mov	sp, r7
 511              		.cfi_def_cfa_register 13
 512              		@ sp needed
 513 0010 5DF8047B 		ldr	r7, [sp], #4
 514              		.cfi_restore 7
 515              		.cfi_def_cfa_offset 0
 516 0014 7047     		bx	lr
 517              	.L34:
 518 0016 00BF     		.align	2
 519              	.L33:
 520 0018 104F0040 		.word	1073762064
 521              		.cfi_endproc
 522              	.LFE9:
 523              		.size	Timer_1_ReadPeriod, .-Timer_1_ReadPeriod
 524              		.section	.text.Timer_1_WritePeriod,"ax",%progbits
 525              		.align	2
 526              		.global	Timer_1_WritePeriod
 527              		.thumb
 528              		.thumb_func
 529              		.type	Timer_1_WritePeriod, %function
 530              	Timer_1_WritePeriod:
 531              	.LFB10:
 413:.\Generated_Source\PSoC5/Timer_1.c **** 
 414:.\Generated_Source\PSoC5/Timer_1.c **** 
 415:.\Generated_Source\PSoC5/Timer_1.c **** /*******************************************************************************
 416:.\Generated_Source\PSoC5/Timer_1.c **** * Function Name: Timer_1_WritePeriod
 417:.\Generated_Source\PSoC5/Timer_1.c **** ********************************************************************************
 418:.\Generated_Source\PSoC5/Timer_1.c **** *
 419:.\Generated_Source\PSoC5/Timer_1.c **** * Summary:
 420:.\Generated_Source\PSoC5/Timer_1.c **** *  This function is used to change the period of the counter.  The new period
 421:.\Generated_Source\PSoC5/Timer_1.c **** *  will be loaded the next time terminal count is detected.
 422:.\Generated_Source\PSoC5/Timer_1.c **** *
 423:.\Generated_Source\PSoC5/Timer_1.c **** * Parameters:
 424:.\Generated_Source\PSoC5/Timer_1.c **** *  period: This value may be between 1 and (2^Resolution)-1.  A value of 0 will
 425:.\Generated_Source\PSoC5/Timer_1.c **** *          result in the counter remaining at zero.
 426:.\Generated_Source\PSoC5/Timer_1.c **** *
 427:.\Generated_Source\PSoC5/Timer_1.c **** * Return:
 428:.\Generated_Source\PSoC5/Timer_1.c **** *  void
 429:.\Generated_Source\PSoC5/Timer_1.c **** *
 430:.\Generated_Source\PSoC5/Timer_1.c **** *******************************************************************************/
 431:.\Generated_Source\PSoC5/Timer_1.c **** void Timer_1_WritePeriod(uint8 period) 
 432:.\Generated_Source\PSoC5/Timer_1.c **** {
 532              		.loc 1 432 0
 533              		.cfi_startproc
 534              		@ args = 0, pretend = 0, frame = 16
 535              		@ frame_needed = 1, uses_anonymous_args = 0
 536              		@ link register save eliminated.
 537 0000 80B4     		push	{r7}
ARM GAS  C:\Users\Jonah\AppData\Local\Temp\ccrybREz.s 			page 18


 538              		.cfi_def_cfa_offset 4
 539              		.cfi_offset 7, -4
 540 0002 85B0     		sub	sp, sp, #20
 541              		.cfi_def_cfa_offset 24
 542 0004 00AF     		add	r7, sp, #0
 543              		.cfi_def_cfa_register 7
 544 0006 0346     		mov	r3, r0
 545 0008 FB71     		strb	r3, [r7, #7]
 433:.\Generated_Source\PSoC5/Timer_1.c ****     #if(Timer_1_UsingFixedFunction)
 434:.\Generated_Source\PSoC5/Timer_1.c ****         uint16 period_temp = (uint16)period;
 546              		.loc 1 434 0
 547 000a FB79     		ldrb	r3, [r7, #7]	@ zero_extendqisi2
 548 000c FB81     		strh	r3, [r7, #14]	@ movhi
 435:.\Generated_Source\PSoC5/Timer_1.c ****         CY_SET_REG16(Timer_1_PERIOD_LSB_PTR, period_temp);
 549              		.loc 1 435 0
 550 000e 044A     		ldr	r2, .L36
 551 0010 FB89     		ldrh	r3, [r7, #14]	@ movhi
 552 0012 1380     		strh	r3, [r2]	@ movhi
 436:.\Generated_Source\PSoC5/Timer_1.c ****     #else
 437:.\Generated_Source\PSoC5/Timer_1.c ****         CY_SET_REG8(Timer_1_PERIOD_LSB_PTR, period);
 438:.\Generated_Source\PSoC5/Timer_1.c ****     #endif /*Write Period value with appropriate resolution suffix depending on UDB or fixed functi
 439:.\Generated_Source\PSoC5/Timer_1.c **** }
 553              		.loc 1 439 0
 554 0014 1437     		adds	r7, r7, #20
 555              		.cfi_def_cfa_offset 4
 556 0016 BD46     		mov	sp, r7
 557              		.cfi_def_cfa_register 13
 558              		@ sp needed
 559 0018 5DF8047B 		ldr	r7, [sp], #4
 560              		.cfi_restore 7
 561              		.cfi_def_cfa_offset 0
 562 001c 7047     		bx	lr
 563              	.L37:
 564 001e 00BF     		.align	2
 565              	.L36:
 566 0020 104F0040 		.word	1073762064
 567              		.cfi_endproc
 568              	.LFE10:
 569              		.size	Timer_1_WritePeriod, .-Timer_1_WritePeriod
 570              		.section	.text.Timer_1_ReadCapture,"ax",%progbits
 571              		.align	2
 572              		.global	Timer_1_ReadCapture
 573              		.thumb
 574              		.thumb_func
 575              		.type	Timer_1_ReadCapture, %function
 576              	Timer_1_ReadCapture:
 577              	.LFB11:
 440:.\Generated_Source\PSoC5/Timer_1.c **** 
 441:.\Generated_Source\PSoC5/Timer_1.c **** 
 442:.\Generated_Source\PSoC5/Timer_1.c **** /*******************************************************************************
 443:.\Generated_Source\PSoC5/Timer_1.c **** * Function Name: Timer_1_ReadCapture
 444:.\Generated_Source\PSoC5/Timer_1.c **** ********************************************************************************
 445:.\Generated_Source\PSoC5/Timer_1.c **** *
 446:.\Generated_Source\PSoC5/Timer_1.c **** * Summary:
 447:.\Generated_Source\PSoC5/Timer_1.c **** *  This function returns the last value captured.
 448:.\Generated_Source\PSoC5/Timer_1.c **** *
 449:.\Generated_Source\PSoC5/Timer_1.c **** * Parameters:
ARM GAS  C:\Users\Jonah\AppData\Local\Temp\ccrybREz.s 			page 19


 450:.\Generated_Source\PSoC5/Timer_1.c **** *  void
 451:.\Generated_Source\PSoC5/Timer_1.c **** *
 452:.\Generated_Source\PSoC5/Timer_1.c **** * Return:
 453:.\Generated_Source\PSoC5/Timer_1.c **** *  Present Capture value.
 454:.\Generated_Source\PSoC5/Timer_1.c **** *
 455:.\Generated_Source\PSoC5/Timer_1.c **** *******************************************************************************/
 456:.\Generated_Source\PSoC5/Timer_1.c **** uint8 Timer_1_ReadCapture(void) 
 457:.\Generated_Source\PSoC5/Timer_1.c **** {
 578              		.loc 1 457 0
 579              		.cfi_startproc
 580              		@ args = 0, pretend = 0, frame = 0
 581              		@ frame_needed = 1, uses_anonymous_args = 0
 582              		@ link register save eliminated.
 583 0000 80B4     		push	{r7}
 584              		.cfi_def_cfa_offset 4
 585              		.cfi_offset 7, -4
 586 0002 00AF     		add	r7, sp, #0
 587              		.cfi_def_cfa_register 7
 458:.\Generated_Source\PSoC5/Timer_1.c ****    #if(Timer_1_UsingFixedFunction)
 459:.\Generated_Source\PSoC5/Timer_1.c ****        return ((uint8)CY_GET_REG16(Timer_1_CAPTURE_LSB_PTR));
 588              		.loc 1 459 0
 589 0004 044B     		ldr	r3, .L40
 590 0006 1B88     		ldrh	r3, [r3]	@ movhi
 591 0008 9BB2     		uxth	r3, r3
 592 000a DBB2     		uxtb	r3, r3
 460:.\Generated_Source\PSoC5/Timer_1.c ****    #else
 461:.\Generated_Source\PSoC5/Timer_1.c ****        return (CY_GET_REG8(Timer_1_CAPTURE_LSB_PTR));
 462:.\Generated_Source\PSoC5/Timer_1.c ****    #endif /* (Timer_1_UsingFixedFunction) */
 463:.\Generated_Source\PSoC5/Timer_1.c **** }
 593              		.loc 1 463 0
 594 000c 1846     		mov	r0, r3
 595 000e BD46     		mov	sp, r7
 596              		.cfi_def_cfa_register 13
 597              		@ sp needed
 598 0010 5DF8047B 		ldr	r7, [sp], #4
 599              		.cfi_restore 7
 600              		.cfi_def_cfa_offset 0
 601 0014 7047     		bx	lr
 602              	.L41:
 603 0016 00BF     		.align	2
 604              	.L40:
 605 0018 144F0040 		.word	1073762068
 606              		.cfi_endproc
 607              	.LFE11:
 608              		.size	Timer_1_ReadCapture, .-Timer_1_ReadCapture
 609              		.section	.text.Timer_1_WriteCounter,"ax",%progbits
 610              		.align	2
 611              		.global	Timer_1_WriteCounter
 612              		.thumb
 613              		.thumb_func
 614              		.type	Timer_1_WriteCounter, %function
 615              	Timer_1_WriteCounter:
 616              	.LFB12:
 464:.\Generated_Source\PSoC5/Timer_1.c **** 
 465:.\Generated_Source\PSoC5/Timer_1.c **** 
 466:.\Generated_Source\PSoC5/Timer_1.c **** /*******************************************************************************
 467:.\Generated_Source\PSoC5/Timer_1.c **** * Function Name: Timer_1_WriteCounter
ARM GAS  C:\Users\Jonah\AppData\Local\Temp\ccrybREz.s 			page 20


 468:.\Generated_Source\PSoC5/Timer_1.c **** ********************************************************************************
 469:.\Generated_Source\PSoC5/Timer_1.c **** *
 470:.\Generated_Source\PSoC5/Timer_1.c **** * Summary:
 471:.\Generated_Source\PSoC5/Timer_1.c **** *  This funtion is used to set the counter to a specific value
 472:.\Generated_Source\PSoC5/Timer_1.c **** *
 473:.\Generated_Source\PSoC5/Timer_1.c **** * Parameters:
 474:.\Generated_Source\PSoC5/Timer_1.c **** *  counter:  New counter value.
 475:.\Generated_Source\PSoC5/Timer_1.c **** *
 476:.\Generated_Source\PSoC5/Timer_1.c **** * Return:
 477:.\Generated_Source\PSoC5/Timer_1.c **** *  void
 478:.\Generated_Source\PSoC5/Timer_1.c **** *
 479:.\Generated_Source\PSoC5/Timer_1.c **** *******************************************************************************/
 480:.\Generated_Source\PSoC5/Timer_1.c **** void Timer_1_WriteCounter(uint8 counter) 
 481:.\Generated_Source\PSoC5/Timer_1.c **** {
 617              		.loc 1 481 0
 618              		.cfi_startproc
 619              		@ args = 0, pretend = 0, frame = 8
 620              		@ frame_needed = 1, uses_anonymous_args = 0
 621              		@ link register save eliminated.
 622 0000 80B4     		push	{r7}
 623              		.cfi_def_cfa_offset 4
 624              		.cfi_offset 7, -4
 625 0002 83B0     		sub	sp, sp, #12
 626              		.cfi_def_cfa_offset 16
 627 0004 00AF     		add	r7, sp, #0
 628              		.cfi_def_cfa_register 7
 629 0006 0346     		mov	r3, r0
 630 0008 FB71     		strb	r3, [r7, #7]
 482:.\Generated_Source\PSoC5/Timer_1.c ****    #if(Timer_1_UsingFixedFunction)
 483:.\Generated_Source\PSoC5/Timer_1.c ****         /* This functionality is removed until a FixedFunction HW update to
 484:.\Generated_Source\PSoC5/Timer_1.c ****          * allow this register to be written
 485:.\Generated_Source\PSoC5/Timer_1.c ****          */
 486:.\Generated_Source\PSoC5/Timer_1.c ****         CY_SET_REG16(Timer_1_COUNTER_LSB_PTR, (uint16)counter);
 631              		.loc 1 486 0
 632 000a 044B     		ldr	r3, .L43
 633 000c FA79     		ldrb	r2, [r7, #7]	@ zero_extendqisi2
 634 000e 92B2     		uxth	r2, r2
 635 0010 1A80     		strh	r2, [r3]	@ movhi
 487:.\Generated_Source\PSoC5/Timer_1.c ****         
 488:.\Generated_Source\PSoC5/Timer_1.c ****     #else
 489:.\Generated_Source\PSoC5/Timer_1.c ****         CY_SET_REG8(Timer_1_COUNTER_LSB_PTR, counter);
 490:.\Generated_Source\PSoC5/Timer_1.c ****     #endif /* Set Write Counter only for the UDB implementation (Write Counter not available in fix
 491:.\Generated_Source\PSoC5/Timer_1.c **** }
 636              		.loc 1 491 0
 637 0012 0C37     		adds	r7, r7, #12
 638              		.cfi_def_cfa_offset 4
 639 0014 BD46     		mov	sp, r7
 640              		.cfi_def_cfa_register 13
 641              		@ sp needed
 642 0016 5DF8047B 		ldr	r7, [sp], #4
 643              		.cfi_restore 7
 644              		.cfi_def_cfa_offset 0
 645 001a 7047     		bx	lr
 646              	.L44:
 647              		.align	2
 648              	.L43:
 649 001c 124F0040 		.word	1073762066
ARM GAS  C:\Users\Jonah\AppData\Local\Temp\ccrybREz.s 			page 21


 650              		.cfi_endproc
 651              	.LFE12:
 652              		.size	Timer_1_WriteCounter, .-Timer_1_WriteCounter
 653              		.section	.text.Timer_1_ReadCounter,"ax",%progbits
 654              		.align	2
 655              		.global	Timer_1_ReadCounter
 656              		.thumb
 657              		.thumb_func
 658              		.type	Timer_1_ReadCounter, %function
 659              	Timer_1_ReadCounter:
 660              	.LFB13:
 492:.\Generated_Source\PSoC5/Timer_1.c **** 
 493:.\Generated_Source\PSoC5/Timer_1.c **** 
 494:.\Generated_Source\PSoC5/Timer_1.c **** /*******************************************************************************
 495:.\Generated_Source\PSoC5/Timer_1.c **** * Function Name: Timer_1_ReadCounter
 496:.\Generated_Source\PSoC5/Timer_1.c **** ********************************************************************************
 497:.\Generated_Source\PSoC5/Timer_1.c **** *
 498:.\Generated_Source\PSoC5/Timer_1.c **** * Summary:
 499:.\Generated_Source\PSoC5/Timer_1.c **** *  This function returns the current counter value.
 500:.\Generated_Source\PSoC5/Timer_1.c **** *
 501:.\Generated_Source\PSoC5/Timer_1.c **** * Parameters:
 502:.\Generated_Source\PSoC5/Timer_1.c **** *  void
 503:.\Generated_Source\PSoC5/Timer_1.c **** *
 504:.\Generated_Source\PSoC5/Timer_1.c **** * Return:
 505:.\Generated_Source\PSoC5/Timer_1.c **** *  Present compare value.
 506:.\Generated_Source\PSoC5/Timer_1.c **** *
 507:.\Generated_Source\PSoC5/Timer_1.c **** *******************************************************************************/
 508:.\Generated_Source\PSoC5/Timer_1.c **** uint8 Timer_1_ReadCounter(void) 
 509:.\Generated_Source\PSoC5/Timer_1.c **** {
 661              		.loc 1 509 0
 662              		.cfi_startproc
 663              		@ args = 0, pretend = 0, frame = 0
 664              		@ frame_needed = 1, uses_anonymous_args = 0
 665              		@ link register save eliminated.
 666 0000 80B4     		push	{r7}
 667              		.cfi_def_cfa_offset 4
 668              		.cfi_offset 7, -4
 669 0002 00AF     		add	r7, sp, #0
 670              		.cfi_def_cfa_register 7
 510:.\Generated_Source\PSoC5/Timer_1.c ****     /* Force capture by reading Accumulator */
 511:.\Generated_Source\PSoC5/Timer_1.c ****     /* Must first do a software capture to be able to read the counter */
 512:.\Generated_Source\PSoC5/Timer_1.c ****     /* It is up to the user code to make sure there isn't already captured data in the FIFO */
 513:.\Generated_Source\PSoC5/Timer_1.c ****     #if(Timer_1_UsingFixedFunction)
 514:.\Generated_Source\PSoC5/Timer_1.c ****         (void)CY_GET_REG16(Timer_1_COUNTER_LSB_PTR);
 671              		.loc 1 514 0
 672 0004 054B     		ldr	r3, .L47
 673 0006 1B88     		ldrh	r3, [r3]	@ movhi
 515:.\Generated_Source\PSoC5/Timer_1.c ****     #else
 516:.\Generated_Source\PSoC5/Timer_1.c ****         (void)CY_GET_REG8(Timer_1_COUNTER_LSB_PTR_8BIT);
 517:.\Generated_Source\PSoC5/Timer_1.c ****     #endif/* (Timer_1_UsingFixedFunction) */
 518:.\Generated_Source\PSoC5/Timer_1.c **** 
 519:.\Generated_Source\PSoC5/Timer_1.c ****     /* Read the data from the FIFO (or capture register for Fixed Function)*/
 520:.\Generated_Source\PSoC5/Timer_1.c ****     #if(Timer_1_UsingFixedFunction)
 521:.\Generated_Source\PSoC5/Timer_1.c ****         return ((uint8)CY_GET_REG16(Timer_1_CAPTURE_LSB_PTR));
 674              		.loc 1 521 0
 675 0008 054B     		ldr	r3, .L47+4
 676 000a 1B88     		ldrh	r3, [r3]	@ movhi
ARM GAS  C:\Users\Jonah\AppData\Local\Temp\ccrybREz.s 			page 22


 677 000c 9BB2     		uxth	r3, r3
 678 000e DBB2     		uxtb	r3, r3
 522:.\Generated_Source\PSoC5/Timer_1.c ****     #else
 523:.\Generated_Source\PSoC5/Timer_1.c ****         return (CY_GET_REG8(Timer_1_CAPTURE_LSB_PTR));
 524:.\Generated_Source\PSoC5/Timer_1.c ****     #endif /* (Timer_1_UsingFixedFunction) */
 525:.\Generated_Source\PSoC5/Timer_1.c **** }
 679              		.loc 1 525 0
 680 0010 1846     		mov	r0, r3
 681 0012 BD46     		mov	sp, r7
 682              		.cfi_def_cfa_register 13
 683              		@ sp needed
 684 0014 5DF8047B 		ldr	r7, [sp], #4
 685              		.cfi_restore 7
 686              		.cfi_def_cfa_offset 0
 687 0018 7047     		bx	lr
 688              	.L48:
 689 001a 00BF     		.align	2
 690              	.L47:
 691 001c 124F0040 		.word	1073762066
 692 0020 144F0040 		.word	1073762068
 693              		.cfi_endproc
 694              	.LFE13:
 695              		.size	Timer_1_ReadCounter, .-Timer_1_ReadCounter
 696              		.text
 697              	.Letext0:
 698              		.file 2 ".\\Generated_Source\\PSoC5\\cytypes.h"
 699              		.section	.debug_info,"",%progbits
 700              	.Ldebug_info0:
 701 0000 3A020000 		.4byte	0x23a
 702 0004 0400     		.2byte	0x4
 703 0006 00000000 		.4byte	.Ldebug_abbrev0
 704 000a 04       		.byte	0x4
 705 000b 01       		.uleb128 0x1
 706 000c 16010000 		.4byte	.LASF35
 707 0010 01       		.byte	0x1
 708 0011 AB010000 		.4byte	.LASF36
 709 0015 1E000000 		.4byte	.LASF37
 710 0019 00000000 		.4byte	.Ldebug_ranges0+0
 711 001d 00000000 		.4byte	0
 712 0021 00000000 		.4byte	.Ldebug_line0
 713 0025 02       		.uleb128 0x2
 714 0026 01       		.byte	0x1
 715 0027 06       		.byte	0x6
 716 0028 FA020000 		.4byte	.LASF0
 717 002c 02       		.uleb128 0x2
 718 002d 01       		.byte	0x1
 719 002e 08       		.byte	0x8
 720 002f F9000000 		.4byte	.LASF1
 721 0033 02       		.uleb128 0x2
 722 0034 02       		.byte	0x2
 723 0035 05       		.byte	0x5
 724 0036 C7020000 		.4byte	.LASF2
 725 003a 02       		.uleb128 0x2
 726 003b 02       		.byte	0x2
 727 003c 07       		.byte	0x7
 728 003d 83000000 		.4byte	.LASF3
 729 0041 02       		.uleb128 0x2
ARM GAS  C:\Users\Jonah\AppData\Local\Temp\ccrybREz.s 			page 23


 730 0042 04       		.byte	0x4
 731 0043 05       		.byte	0x5
 732 0044 EC020000 		.4byte	.LASF4
 733 0048 02       		.uleb128 0x2
 734 0049 04       		.byte	0x4
 735 004a 07       		.byte	0x7
 736 004b D9000000 		.4byte	.LASF5
 737 004f 02       		.uleb128 0x2
 738 0050 08       		.byte	0x8
 739 0051 05       		.byte	0x5
 740 0052 97020000 		.4byte	.LASF6
 741 0056 02       		.uleb128 0x2
 742 0057 08       		.byte	0x8
 743 0058 07       		.byte	0x7
 744 0059 42020000 		.4byte	.LASF7
 745 005d 03       		.uleb128 0x3
 746 005e 04       		.byte	0x4
 747 005f 05       		.byte	0x5
 748 0060 696E7400 		.ascii	"int\000"
 749 0064 02       		.uleb128 0x2
 750 0065 04       		.byte	0x4
 751 0066 07       		.byte	0x7
 752 0067 96000000 		.4byte	.LASF8
 753 006b 04       		.uleb128 0x4
 754 006c EB000000 		.4byte	.LASF9
 755 0070 02       		.byte	0x2
 756 0071 9201     		.2byte	0x192
 757 0073 2C000000 		.4byte	0x2c
 758 0077 04       		.uleb128 0x4
 759 0078 E7010000 		.4byte	.LASF10
 760 007c 02       		.byte	0x2
 761 007d 9301     		.2byte	0x193
 762 007f 3A000000 		.4byte	0x3a
 763 0083 02       		.uleb128 0x2
 764 0084 04       		.byte	0x4
 765 0085 04       		.byte	0x4
 766 0086 A3000000 		.4byte	.LASF11
 767 008a 02       		.uleb128 0x2
 768 008b 08       		.byte	0x8
 769 008c 04       		.byte	0x4
 770 008d A4010000 		.4byte	.LASF12
 771 0091 02       		.uleb128 0x2
 772 0092 01       		.byte	0x1
 773 0093 08       		.byte	0x8
 774 0094 F5020000 		.4byte	.LASF13
 775 0098 04       		.uleb128 0x4
 776 0099 C1000000 		.4byte	.LASF14
 777 009d 02       		.byte	0x2
 778 009e 3C02     		.2byte	0x23c
 779 00a0 A4000000 		.4byte	0xa4
 780 00a4 05       		.uleb128 0x5
 781 00a5 6B000000 		.4byte	0x6b
 782 00a9 04       		.uleb128 0x4
 783 00aa 00000000 		.4byte	.LASF15
 784 00ae 02       		.byte	0x2
 785 00af 3D02     		.2byte	0x23d
 786 00b1 B5000000 		.4byte	0xb5
ARM GAS  C:\Users\Jonah\AppData\Local\Temp\ccrybREz.s 			page 24


 787 00b5 05       		.uleb128 0x5
 788 00b6 77000000 		.4byte	0x77
 789 00ba 02       		.uleb128 0x2
 790 00bb 04       		.byte	0x4
 791 00bc 07       		.byte	0x7
 792 00bd 8E020000 		.4byte	.LASF16
 793 00c1 06       		.uleb128 0x6
 794 00c2 35020000 		.4byte	.LASF17
 795 00c6 01       		.byte	0x1
 796 00c7 2B       		.byte	0x2b
 797 00c8 00000000 		.4byte	.LFB0
 798 00cc A8000000 		.4byte	.LFE0-.LFB0
 799 00d0 01       		.uleb128 0x1
 800 00d1 9C       		.byte	0x9c
 801 00d2 07       		.uleb128 0x7
 802 00d3 07010000 		.4byte	.LASF18
 803 00d7 01       		.byte	0x1
 804 00d8 B4       		.byte	0xb4
 805 00d9 00000000 		.4byte	.LFB1
 806 00dd 48000000 		.4byte	.LFE1-.LFB1
 807 00e1 01       		.uleb128 0x1
 808 00e2 9C       		.byte	0x9c
 809 00e3 06       		.uleb128 0x6
 810 00e4 27020000 		.4byte	.LASF19
 811 00e8 01       		.byte	0x1
 812 00e9 D7       		.byte	0xd7
 813 00ea 00000000 		.4byte	.LFB2
 814 00ee 20000000 		.4byte	.LFE2-.LFB2
 815 00f2 01       		.uleb128 0x1
 816 00f3 9C       		.byte	0x9c
 817 00f4 07       		.uleb128 0x7
 818 00f5 06030000 		.4byte	.LASF20
 819 00f9 01       		.byte	0x1
 820 00fa F7       		.byte	0xf7
 821 00fb 00000000 		.4byte	.LFB3
 822 00ff 48000000 		.4byte	.LFE3-.LFB3
 823 0103 01       		.uleb128 0x1
 824 0104 9C       		.byte	0x9c
 825 0105 08       		.uleb128 0x8
 826 0106 CE010000 		.4byte	.LASF24
 827 010a 01       		.byte	0x1
 828 010b 1701     		.2byte	0x117
 829 010d 00000000 		.4byte	.LFB4
 830 0111 20000000 		.4byte	.LFE4-.LFB4
 831 0115 01       		.uleb128 0x1
 832 0116 9C       		.byte	0x9c
 833 0117 2B010000 		.4byte	0x12b
 834 011b 09       		.uleb128 0x9
 835 011c A5020000 		.4byte	.LASF26
 836 0120 01       		.byte	0x1
 837 0121 1701     		.2byte	0x117
 838 0123 6B000000 		.4byte	0x6b
 839 0127 02       		.uleb128 0x2
 840 0128 91       		.byte	0x91
 841 0129 77       		.sleb128 -9
 842 012a 00       		.byte	0
 843 012b 0A       		.uleb128 0xa
ARM GAS  C:\Users\Jonah\AppData\Local\Temp\ccrybREz.s 			page 25


 844 012c 06000000 		.4byte	.LASF21
 845 0130 01       		.byte	0x1
 846 0131 2E01     		.2byte	0x12e
 847 0133 00000000 		.4byte	.LFB5
 848 0137 14000000 		.4byte	.LFE5-.LFB5
 849 013b 01       		.uleb128 0x1
 850 013c 9C       		.byte	0x9c
 851 013d 0B       		.uleb128 0xb
 852 013e D1020000 		.4byte	.LASF22
 853 0142 01       		.byte	0x1
 854 0143 4D01     		.2byte	0x14d
 855 0145 6B000000 		.4byte	0x6b
 856 0149 00000000 		.4byte	.LFB6
 857 014d 18000000 		.4byte	.LFE6-.LFB6
 858 0151 01       		.uleb128 0x1
 859 0152 9C       		.byte	0x9c
 860 0153 0B       		.uleb128 0xb
 861 0154 0B020000 		.4byte	.LASF23
 862 0158 01       		.byte	0x1
 863 0159 6401     		.2byte	0x164
 864 015b 6B000000 		.4byte	0x6b
 865 015f 00000000 		.4byte	.LFB7
 866 0163 18000000 		.4byte	.LFE7-.LFB7
 867 0167 01       		.uleb128 0x1
 868 0168 9C       		.byte	0x9c
 869 0169 08       		.uleb128 0x8
 870 016a EE010000 		.4byte	.LASF25
 871 016e 01       		.byte	0x1
 872 016f 7B01     		.2byte	0x17b
 873 0171 00000000 		.4byte	.LFB8
 874 0175 20000000 		.4byte	.LFE8-.LFB8
 875 0179 01       		.uleb128 0x1
 876 017a 9C       		.byte	0x9c
 877 017b 8F010000 		.4byte	0x18f
 878 017f 09       		.uleb128 0x9
 879 0180 F1000000 		.4byte	.LASF27
 880 0184 01       		.byte	0x1
 881 0185 7B01     		.2byte	0x17b
 882 0187 6B000000 		.4byte	0x6b
 883 018b 02       		.uleb128 0x2
 884 018c 91       		.byte	0x91
 885 018d 77       		.sleb128 -9
 886 018e 00       		.byte	0
 887 018f 0B       		.uleb128 0xb
 888 0190 C6000000 		.4byte	.LASF28
 889 0194 01       		.byte	0x1
 890 0195 9501     		.2byte	0x195
 891 0197 6B000000 		.4byte	0x6b
 892 019b 00000000 		.4byte	.LFB9
 893 019f 1C000000 		.4byte	.LFE9-.LFB9
 894 01a3 01       		.uleb128 0x1
 895 01a4 9C       		.byte	0x9c
 896 01a5 08       		.uleb128 0x8
 897 01a6 68000000 		.4byte	.LASF29
 898 01aa 01       		.byte	0x1
 899 01ab AF01     		.2byte	0x1af
 900 01ad 00000000 		.4byte	.LFB10
ARM GAS  C:\Users\Jonah\AppData\Local\Temp\ccrybREz.s 			page 26


 901 01b1 24000000 		.4byte	.LFE10-.LFB10
 902 01b5 01       		.uleb128 0x1
 903 01b6 9C       		.byte	0x9c
 904 01b7 DA010000 		.4byte	0x1da
 905 01bb 09       		.uleb128 0x9
 906 01bc 7C000000 		.4byte	.LASF30
 907 01c0 01       		.byte	0x1
 908 01c1 AF01     		.2byte	0x1af
 909 01c3 6B000000 		.4byte	0x6b
 910 01c7 02       		.uleb128 0x2
 911 01c8 91       		.byte	0x91
 912 01c9 6F       		.sleb128 -17
 913 01ca 0C       		.uleb128 0xc
 914 01cb 82020000 		.4byte	.LASF38
 915 01cf 01       		.byte	0x1
 916 01d0 B201     		.2byte	0x1b2
 917 01d2 77000000 		.4byte	0x77
 918 01d6 02       		.uleb128 0x2
 919 01d7 91       		.byte	0x91
 920 01d8 76       		.sleb128 -10
 921 01d9 00       		.byte	0
 922 01da 0B       		.uleb128 0xb
 923 01db 6E020000 		.4byte	.LASF31
 924 01df 01       		.byte	0x1
 925 01e0 C801     		.2byte	0x1c8
 926 01e2 6B000000 		.4byte	0x6b
 927 01e6 00000000 		.4byte	.LFB11
 928 01ea 1C000000 		.4byte	.LFE11-.LFB11
 929 01ee 01       		.uleb128 0x1
 930 01ef 9C       		.byte	0x9c
 931 01f0 08       		.uleb128 0x8
 932 01f1 59020000 		.4byte	.LASF32
 933 01f5 01       		.byte	0x1
 934 01f6 E001     		.2byte	0x1e0
 935 01f8 00000000 		.4byte	.LFB12
 936 01fc 20000000 		.4byte	.LFE12-.LFB12
 937 0200 01       		.uleb128 0x1
 938 0201 9C       		.byte	0x9c
 939 0202 16020000 		.4byte	0x216
 940 0206 09       		.uleb128 0x9
 941 0207 A9000000 		.4byte	.LASF33
 942 020b 01       		.byte	0x1
 943 020c E001     		.2byte	0x1e0
 944 020e 6B000000 		.4byte	0x6b
 945 0212 02       		.uleb128 0x2
 946 0213 91       		.byte	0x91
 947 0214 77       		.sleb128 -9
 948 0215 00       		.byte	0
 949 0216 0B       		.uleb128 0xb
 950 0217 B3020000 		.4byte	.LASF34
 951 021b 01       		.byte	0x1
 952 021c FC01     		.2byte	0x1fc
 953 021e 6B000000 		.4byte	0x6b
 954 0222 00000000 		.4byte	.LFB13
 955 0226 24000000 		.4byte	.LFE13-.LFB13
 956 022a 01       		.uleb128 0x1
 957 022b 9C       		.byte	0x9c
ARM GAS  C:\Users\Jonah\AppData\Local\Temp\ccrybREz.s 			page 27


 958 022c 0D       		.uleb128 0xd
 959 022d B1000000 		.4byte	.LASF39
 960 0231 01       		.byte	0x1
 961 0232 1A       		.byte	0x1a
 962 0233 6B000000 		.4byte	0x6b
 963 0237 05       		.uleb128 0x5
 964 0238 03       		.byte	0x3
 965 0239 00000000 		.4byte	Timer_1_initVar
 966 023d 00       		.byte	0
 967              		.section	.debug_abbrev,"",%progbits
 968              	.Ldebug_abbrev0:
 969 0000 01       		.uleb128 0x1
 970 0001 11       		.uleb128 0x11
 971 0002 01       		.byte	0x1
 972 0003 25       		.uleb128 0x25
 973 0004 0E       		.uleb128 0xe
 974 0005 13       		.uleb128 0x13
 975 0006 0B       		.uleb128 0xb
 976 0007 03       		.uleb128 0x3
 977 0008 0E       		.uleb128 0xe
 978 0009 1B       		.uleb128 0x1b
 979 000a 0E       		.uleb128 0xe
 980 000b 55       		.uleb128 0x55
 981 000c 17       		.uleb128 0x17
 982 000d 11       		.uleb128 0x11
 983 000e 01       		.uleb128 0x1
 984 000f 10       		.uleb128 0x10
 985 0010 17       		.uleb128 0x17
 986 0011 00       		.byte	0
 987 0012 00       		.byte	0
 988 0013 02       		.uleb128 0x2
 989 0014 24       		.uleb128 0x24
 990 0015 00       		.byte	0
 991 0016 0B       		.uleb128 0xb
 992 0017 0B       		.uleb128 0xb
 993 0018 3E       		.uleb128 0x3e
 994 0019 0B       		.uleb128 0xb
 995 001a 03       		.uleb128 0x3
 996 001b 0E       		.uleb128 0xe
 997 001c 00       		.byte	0
 998 001d 00       		.byte	0
 999 001e 03       		.uleb128 0x3
 1000 001f 24       		.uleb128 0x24
 1001 0020 00       		.byte	0
 1002 0021 0B       		.uleb128 0xb
 1003 0022 0B       		.uleb128 0xb
 1004 0023 3E       		.uleb128 0x3e
 1005 0024 0B       		.uleb128 0xb
 1006 0025 03       		.uleb128 0x3
 1007 0026 08       		.uleb128 0x8
 1008 0027 00       		.byte	0
 1009 0028 00       		.byte	0
 1010 0029 04       		.uleb128 0x4
 1011 002a 16       		.uleb128 0x16
 1012 002b 00       		.byte	0
 1013 002c 03       		.uleb128 0x3
 1014 002d 0E       		.uleb128 0xe
ARM GAS  C:\Users\Jonah\AppData\Local\Temp\ccrybREz.s 			page 28


 1015 002e 3A       		.uleb128 0x3a
 1016 002f 0B       		.uleb128 0xb
 1017 0030 3B       		.uleb128 0x3b
 1018 0031 05       		.uleb128 0x5
 1019 0032 49       		.uleb128 0x49
 1020 0033 13       		.uleb128 0x13
 1021 0034 00       		.byte	0
 1022 0035 00       		.byte	0
 1023 0036 05       		.uleb128 0x5
 1024 0037 35       		.uleb128 0x35
 1025 0038 00       		.byte	0
 1026 0039 49       		.uleb128 0x49
 1027 003a 13       		.uleb128 0x13
 1028 003b 00       		.byte	0
 1029 003c 00       		.byte	0
 1030 003d 06       		.uleb128 0x6
 1031 003e 2E       		.uleb128 0x2e
 1032 003f 00       		.byte	0
 1033 0040 3F       		.uleb128 0x3f
 1034 0041 19       		.uleb128 0x19
 1035 0042 03       		.uleb128 0x3
 1036 0043 0E       		.uleb128 0xe
 1037 0044 3A       		.uleb128 0x3a
 1038 0045 0B       		.uleb128 0xb
 1039 0046 3B       		.uleb128 0x3b
 1040 0047 0B       		.uleb128 0xb
 1041 0048 27       		.uleb128 0x27
 1042 0049 19       		.uleb128 0x19
 1043 004a 11       		.uleb128 0x11
 1044 004b 01       		.uleb128 0x1
 1045 004c 12       		.uleb128 0x12
 1046 004d 06       		.uleb128 0x6
 1047 004e 40       		.uleb128 0x40
 1048 004f 18       		.uleb128 0x18
 1049 0050 9642     		.uleb128 0x2116
 1050 0052 19       		.uleb128 0x19
 1051 0053 00       		.byte	0
 1052 0054 00       		.byte	0
 1053 0055 07       		.uleb128 0x7
 1054 0056 2E       		.uleb128 0x2e
 1055 0057 00       		.byte	0
 1056 0058 3F       		.uleb128 0x3f
 1057 0059 19       		.uleb128 0x19
 1058 005a 03       		.uleb128 0x3
 1059 005b 0E       		.uleb128 0xe
 1060 005c 3A       		.uleb128 0x3a
 1061 005d 0B       		.uleb128 0xb
 1062 005e 3B       		.uleb128 0x3b
 1063 005f 0B       		.uleb128 0xb
 1064 0060 27       		.uleb128 0x27
 1065 0061 19       		.uleb128 0x19
 1066 0062 11       		.uleb128 0x11
 1067 0063 01       		.uleb128 0x1
 1068 0064 12       		.uleb128 0x12
 1069 0065 06       		.uleb128 0x6
 1070 0066 40       		.uleb128 0x40
 1071 0067 18       		.uleb128 0x18
ARM GAS  C:\Users\Jonah\AppData\Local\Temp\ccrybREz.s 			page 29


 1072 0068 9742     		.uleb128 0x2117
 1073 006a 19       		.uleb128 0x19
 1074 006b 00       		.byte	0
 1075 006c 00       		.byte	0
 1076 006d 08       		.uleb128 0x8
 1077 006e 2E       		.uleb128 0x2e
 1078 006f 01       		.byte	0x1
 1079 0070 3F       		.uleb128 0x3f
 1080 0071 19       		.uleb128 0x19
 1081 0072 03       		.uleb128 0x3
 1082 0073 0E       		.uleb128 0xe
 1083 0074 3A       		.uleb128 0x3a
 1084 0075 0B       		.uleb128 0xb
 1085 0076 3B       		.uleb128 0x3b
 1086 0077 05       		.uleb128 0x5
 1087 0078 27       		.uleb128 0x27
 1088 0079 19       		.uleb128 0x19
 1089 007a 11       		.uleb128 0x11
 1090 007b 01       		.uleb128 0x1
 1091 007c 12       		.uleb128 0x12
 1092 007d 06       		.uleb128 0x6
 1093 007e 40       		.uleb128 0x40
 1094 007f 18       		.uleb128 0x18
 1095 0080 9742     		.uleb128 0x2117
 1096 0082 19       		.uleb128 0x19
 1097 0083 01       		.uleb128 0x1
 1098 0084 13       		.uleb128 0x13
 1099 0085 00       		.byte	0
 1100 0086 00       		.byte	0
 1101 0087 09       		.uleb128 0x9
 1102 0088 05       		.uleb128 0x5
 1103 0089 00       		.byte	0
 1104 008a 03       		.uleb128 0x3
 1105 008b 0E       		.uleb128 0xe
 1106 008c 3A       		.uleb128 0x3a
 1107 008d 0B       		.uleb128 0xb
 1108 008e 3B       		.uleb128 0x3b
 1109 008f 05       		.uleb128 0x5
 1110 0090 49       		.uleb128 0x49
 1111 0091 13       		.uleb128 0x13
 1112 0092 02       		.uleb128 0x2
 1113 0093 18       		.uleb128 0x18
 1114 0094 00       		.byte	0
 1115 0095 00       		.byte	0
 1116 0096 0A       		.uleb128 0xa
 1117 0097 2E       		.uleb128 0x2e
 1118 0098 00       		.byte	0
 1119 0099 3F       		.uleb128 0x3f
 1120 009a 19       		.uleb128 0x19
 1121 009b 03       		.uleb128 0x3
 1122 009c 0E       		.uleb128 0xe
 1123 009d 3A       		.uleb128 0x3a
 1124 009e 0B       		.uleb128 0xb
 1125 009f 3B       		.uleb128 0x3b
 1126 00a0 05       		.uleb128 0x5
 1127 00a1 27       		.uleb128 0x27
 1128 00a2 19       		.uleb128 0x19
ARM GAS  C:\Users\Jonah\AppData\Local\Temp\ccrybREz.s 			page 30


 1129 00a3 11       		.uleb128 0x11
 1130 00a4 01       		.uleb128 0x1
 1131 00a5 12       		.uleb128 0x12
 1132 00a6 06       		.uleb128 0x6
 1133 00a7 40       		.uleb128 0x40
 1134 00a8 18       		.uleb128 0x18
 1135 00a9 9742     		.uleb128 0x2117
 1136 00ab 19       		.uleb128 0x19
 1137 00ac 00       		.byte	0
 1138 00ad 00       		.byte	0
 1139 00ae 0B       		.uleb128 0xb
 1140 00af 2E       		.uleb128 0x2e
 1141 00b0 00       		.byte	0
 1142 00b1 3F       		.uleb128 0x3f
 1143 00b2 19       		.uleb128 0x19
 1144 00b3 03       		.uleb128 0x3
 1145 00b4 0E       		.uleb128 0xe
 1146 00b5 3A       		.uleb128 0x3a
 1147 00b6 0B       		.uleb128 0xb
 1148 00b7 3B       		.uleb128 0x3b
 1149 00b8 05       		.uleb128 0x5
 1150 00b9 27       		.uleb128 0x27
 1151 00ba 19       		.uleb128 0x19
 1152 00bb 49       		.uleb128 0x49
 1153 00bc 13       		.uleb128 0x13
 1154 00bd 11       		.uleb128 0x11
 1155 00be 01       		.uleb128 0x1
 1156 00bf 12       		.uleb128 0x12
 1157 00c0 06       		.uleb128 0x6
 1158 00c1 40       		.uleb128 0x40
 1159 00c2 18       		.uleb128 0x18
 1160 00c3 9742     		.uleb128 0x2117
 1161 00c5 19       		.uleb128 0x19
 1162 00c6 00       		.byte	0
 1163 00c7 00       		.byte	0
 1164 00c8 0C       		.uleb128 0xc
 1165 00c9 34       		.uleb128 0x34
 1166 00ca 00       		.byte	0
 1167 00cb 03       		.uleb128 0x3
 1168 00cc 0E       		.uleb128 0xe
 1169 00cd 3A       		.uleb128 0x3a
 1170 00ce 0B       		.uleb128 0xb
 1171 00cf 3B       		.uleb128 0x3b
 1172 00d0 05       		.uleb128 0x5
 1173 00d1 49       		.uleb128 0x49
 1174 00d2 13       		.uleb128 0x13
 1175 00d3 02       		.uleb128 0x2
 1176 00d4 18       		.uleb128 0x18
 1177 00d5 00       		.byte	0
 1178 00d6 00       		.byte	0
 1179 00d7 0D       		.uleb128 0xd
 1180 00d8 34       		.uleb128 0x34
 1181 00d9 00       		.byte	0
 1182 00da 03       		.uleb128 0x3
 1183 00db 0E       		.uleb128 0xe
 1184 00dc 3A       		.uleb128 0x3a
 1185 00dd 0B       		.uleb128 0xb
ARM GAS  C:\Users\Jonah\AppData\Local\Temp\ccrybREz.s 			page 31


 1186 00de 3B       		.uleb128 0x3b
 1187 00df 0B       		.uleb128 0xb
 1188 00e0 49       		.uleb128 0x49
 1189 00e1 13       		.uleb128 0x13
 1190 00e2 3F       		.uleb128 0x3f
 1191 00e3 19       		.uleb128 0x19
 1192 00e4 02       		.uleb128 0x2
 1193 00e5 18       		.uleb128 0x18
 1194 00e6 00       		.byte	0
 1195 00e7 00       		.byte	0
 1196 00e8 00       		.byte	0
 1197              		.section	.debug_aranges,"",%progbits
 1198 0000 84000000 		.4byte	0x84
 1199 0004 0200     		.2byte	0x2
 1200 0006 00000000 		.4byte	.Ldebug_info0
 1201 000a 04       		.byte	0x4
 1202 000b 00       		.byte	0
 1203 000c 0000     		.2byte	0
 1204 000e 0000     		.2byte	0
 1205 0010 00000000 		.4byte	.LFB0
 1206 0014 A8000000 		.4byte	.LFE0-.LFB0
 1207 0018 00000000 		.4byte	.LFB1
 1208 001c 48000000 		.4byte	.LFE1-.LFB1
 1209 0020 00000000 		.4byte	.LFB2
 1210 0024 20000000 		.4byte	.LFE2-.LFB2
 1211 0028 00000000 		.4byte	.LFB3
 1212 002c 48000000 		.4byte	.LFE3-.LFB3
 1213 0030 00000000 		.4byte	.LFB4
 1214 0034 20000000 		.4byte	.LFE4-.LFB4
 1215 0038 00000000 		.4byte	.LFB5
 1216 003c 14000000 		.4byte	.LFE5-.LFB5
 1217 0040 00000000 		.4byte	.LFB6
 1218 0044 18000000 		.4byte	.LFE6-.LFB6
 1219 0048 00000000 		.4byte	.LFB7
 1220 004c 18000000 		.4byte	.LFE7-.LFB7
 1221 0050 00000000 		.4byte	.LFB8
 1222 0054 20000000 		.4byte	.LFE8-.LFB8
 1223 0058 00000000 		.4byte	.LFB9
 1224 005c 1C000000 		.4byte	.LFE9-.LFB9
 1225 0060 00000000 		.4byte	.LFB10
 1226 0064 24000000 		.4byte	.LFE10-.LFB10
 1227 0068 00000000 		.4byte	.LFB11
 1228 006c 1C000000 		.4byte	.LFE11-.LFB11
 1229 0070 00000000 		.4byte	.LFB12
 1230 0074 20000000 		.4byte	.LFE12-.LFB12
 1231 0078 00000000 		.4byte	.LFB13
 1232 007c 24000000 		.4byte	.LFE13-.LFB13
 1233 0080 00000000 		.4byte	0
 1234 0084 00000000 		.4byte	0
 1235              		.section	.debug_ranges,"",%progbits
 1236              	.Ldebug_ranges0:
 1237 0000 00000000 		.4byte	.LFB0
 1238 0004 A8000000 		.4byte	.LFE0
 1239 0008 00000000 		.4byte	.LFB1
 1240 000c 48000000 		.4byte	.LFE1
 1241 0010 00000000 		.4byte	.LFB2
 1242 0014 20000000 		.4byte	.LFE2
ARM GAS  C:\Users\Jonah\AppData\Local\Temp\ccrybREz.s 			page 32


 1243 0018 00000000 		.4byte	.LFB3
 1244 001c 48000000 		.4byte	.LFE3
 1245 0020 00000000 		.4byte	.LFB4
 1246 0024 20000000 		.4byte	.LFE4
 1247 0028 00000000 		.4byte	.LFB5
 1248 002c 14000000 		.4byte	.LFE5
 1249 0030 00000000 		.4byte	.LFB6
 1250 0034 18000000 		.4byte	.LFE6
 1251 0038 00000000 		.4byte	.LFB7
 1252 003c 18000000 		.4byte	.LFE7
 1253 0040 00000000 		.4byte	.LFB8
 1254 0044 20000000 		.4byte	.LFE8
 1255 0048 00000000 		.4byte	.LFB9
 1256 004c 1C000000 		.4byte	.LFE9
 1257 0050 00000000 		.4byte	.LFB10
 1258 0054 24000000 		.4byte	.LFE10
 1259 0058 00000000 		.4byte	.LFB11
 1260 005c 1C000000 		.4byte	.LFE11
 1261 0060 00000000 		.4byte	.LFB12
 1262 0064 20000000 		.4byte	.LFE12
 1263 0068 00000000 		.4byte	.LFB13
 1264 006c 24000000 		.4byte	.LFE13
 1265 0070 00000000 		.4byte	0
 1266 0074 00000000 		.4byte	0
 1267              		.section	.debug_line,"",%progbits
 1268              	.Ldebug_line0:
 1269 0000 5E010000 		.section	.debug_str,"MS",%progbits,1
 1269      02004600 
 1269      00000201 
 1269      FB0E0D00 
 1269      01010101 
 1270              	.LASF15:
 1271 0000 72656731 		.ascii	"reg16\000"
 1271      3600
 1272              	.LASF21:
 1273 0006 54696D65 		.ascii	"Timer_1_SoftwareCapture\000"
 1273      725F315F 
 1273      536F6674 
 1273      77617265 
 1273      43617074 
 1274              	.LASF37:
 1275 001e 453A5C44 		.ascii	"E:\\Documents\\PSoC Creator\\CE95352 Blinking LED\\"
 1275      6F63756D 
 1275      656E7473 
 1275      5C50536F 
 1275      43204372 
 1276 004d 43453935 		.ascii	"CE95352 Blinking LED.cydsn\000"
 1276      33353220 
 1276      426C696E 
 1276      6B696E67 
 1276      204C4544 
 1277              	.LASF29:
 1278 0068 54696D65 		.ascii	"Timer_1_WritePeriod\000"
 1278      725F315F 
 1278      57726974 
 1278      65506572 
 1278      696F6400 
ARM GAS  C:\Users\Jonah\AppData\Local\Temp\ccrybREz.s 			page 33


 1279              	.LASF30:
 1280 007c 70657269 		.ascii	"period\000"
 1280      6F6400
 1281              	.LASF3:
 1282 0083 73686F72 		.ascii	"short unsigned int\000"
 1282      7420756E 
 1282      7369676E 
 1282      65642069 
 1282      6E7400
 1283              	.LASF8:
 1284 0096 756E7369 		.ascii	"unsigned int\000"
 1284      676E6564 
 1284      20696E74 
 1284      00
 1285              	.LASF11:
 1286 00a3 666C6F61 		.ascii	"float\000"
 1286      7400
 1287              	.LASF33:
 1288 00a9 636F756E 		.ascii	"counter\000"
 1288      74657200 
 1289              	.LASF39:
 1290 00b1 54696D65 		.ascii	"Timer_1_initVar\000"
 1290      725F315F 
 1290      696E6974 
 1290      56617200 
 1291              	.LASF14:
 1292 00c1 72656738 		.ascii	"reg8\000"
 1292      00
 1293              	.LASF28:
 1294 00c6 54696D65 		.ascii	"Timer_1_ReadPeriod\000"
 1294      725F315F 
 1294      52656164 
 1294      50657269 
 1294      6F6400
 1295              	.LASF5:
 1296 00d9 6C6F6E67 		.ascii	"long unsigned int\000"
 1296      20756E73 
 1296      69676E65 
 1296      6420696E 
 1296      7400
 1297              	.LASF9:
 1298 00eb 75696E74 		.ascii	"uint8\000"
 1298      3800
 1299              	.LASF27:
 1300 00f1 636F6E74 		.ascii	"control\000"
 1300      726F6C00 
 1301              	.LASF1:
 1302 00f9 756E7369 		.ascii	"unsigned char\000"
 1302      676E6564 
 1302      20636861 
 1302      7200
 1303              	.LASF18:
 1304 0107 54696D65 		.ascii	"Timer_1_Enable\000"
 1304      725F315F 
 1304      456E6162 
 1304      6C6500
 1305              	.LASF35:
ARM GAS  C:\Users\Jonah\AppData\Local\Temp\ccrybREz.s 			page 34


 1306 0116 474E5520 		.ascii	"GNU C 4.9.3 20150303 (release) [ARM/embedded-4_9-br"
 1306      4320342E 
 1306      392E3320 
 1306      32303135 
 1306      30333033 
 1307 0149 616E6368 		.ascii	"anch revision 221220] -mcpu=cortex-m3 -mthumb -g -O"
 1307      20726576 
 1307      6973696F 
 1307      6E203232 
 1307      31323230 
 1308 017c 30202D66 		.ascii	"0 -ffunction-sections -ffat-lto-objects\000"
 1308      66756E63 
 1308      74696F6E 
 1308      2D736563 
 1308      74696F6E 
 1309              	.LASF12:
 1310 01a4 646F7562 		.ascii	"double\000"
 1310      6C6500
 1311              	.LASF36:
 1312 01ab 2E5C4765 		.ascii	".\\Generated_Source\\PSoC5\\Timer_1.c\000"
 1312      6E657261 
 1312      7465645F 
 1312      536F7572 
 1312      63655C50 
 1313              	.LASF24:
 1314 01ce 54696D65 		.ascii	"Timer_1_SetInterruptMode\000"
 1314      725F315F 
 1314      53657449 
 1314      6E746572 
 1314      72757074 
 1315              	.LASF10:
 1316 01e7 75696E74 		.ascii	"uint16\000"
 1316      313600
 1317              	.LASF25:
 1318 01ee 54696D65 		.ascii	"Timer_1_WriteControlRegister\000"
 1318      725F315F 
 1318      57726974 
 1318      65436F6E 
 1318      74726F6C 
 1319              	.LASF23:
 1320 020b 54696D65 		.ascii	"Timer_1_ReadControlRegister\000"
 1320      725F315F 
 1320      52656164 
 1320      436F6E74 
 1320      726F6C52 
 1321              	.LASF19:
 1322 0227 54696D65 		.ascii	"Timer_1_Start\000"
 1322      725F315F 
 1322      53746172 
 1322      7400
 1323              	.LASF17:
 1324 0235 54696D65 		.ascii	"Timer_1_Init\000"
 1324      725F315F 
 1324      496E6974 
 1324      00
 1325              	.LASF7:
 1326 0242 6C6F6E67 		.ascii	"long long unsigned int\000"
ARM GAS  C:\Users\Jonah\AppData\Local\Temp\ccrybREz.s 			page 35


 1326      206C6F6E 
 1326      6720756E 
 1326      7369676E 
 1326      65642069 
 1327              	.LASF32:
 1328 0259 54696D65 		.ascii	"Timer_1_WriteCounter\000"
 1328      725F315F 
 1328      57726974 
 1328      65436F75 
 1328      6E746572 
 1329              	.LASF31:
 1330 026e 54696D65 		.ascii	"Timer_1_ReadCapture\000"
 1330      725F315F 
 1330      52656164 
 1330      43617074 
 1330      75726500 
 1331              	.LASF38:
 1332 0282 70657269 		.ascii	"period_temp\000"
 1332      6F645F74 
 1332      656D7000 
 1333              	.LASF16:
 1334 028e 73697A65 		.ascii	"sizetype\000"
 1334      74797065 
 1334      00
 1335              	.LASF6:
 1336 0297 6C6F6E67 		.ascii	"long long int\000"
 1336      206C6F6E 
 1336      6720696E 
 1336      7400
 1337              	.LASF26:
 1338 02a5 696E7465 		.ascii	"interruptMode\000"
 1338      72727570 
 1338      744D6F64 
 1338      6500
 1339              	.LASF34:
 1340 02b3 54696D65 		.ascii	"Timer_1_ReadCounter\000"
 1340      725F315F 
 1340      52656164 
 1340      436F756E 
 1340      74657200 
 1341              	.LASF2:
 1342 02c7 73686F72 		.ascii	"short int\000"
 1342      7420696E 
 1342      7400
 1343              	.LASF22:
 1344 02d1 54696D65 		.ascii	"Timer_1_ReadStatusRegister\000"
 1344      725F315F 
 1344      52656164 
 1344      53746174 
 1344      75735265 
 1345              	.LASF4:
 1346 02ec 6C6F6E67 		.ascii	"long int\000"
 1346      20696E74 
 1346      00
 1347              	.LASF13:
 1348 02f5 63686172 		.ascii	"char\000"
 1348      00
ARM GAS  C:\Users\Jonah\AppData\Local\Temp\ccrybREz.s 			page 36


 1349              	.LASF0:
 1350 02fa 7369676E 		.ascii	"signed char\000"
 1350      65642063 
 1350      68617200 
 1351              	.LASF20:
 1352 0306 54696D65 		.ascii	"Timer_1_Stop\000"
 1352      725F315F 
 1352      53746F70 
 1352      00
 1353              		.ident	"GCC: (GNU Tools for ARM Embedded Processors) 4.9.3 20150303 (release) [ARM/embedded-4_9-br
